[0.007s] Invoking command in '/home/user/qiaoyin/build/whl_system': CMAKE_PREFIX_PATH=/opt/ros/humble /usr/bin/cmake --build /home/user/qiaoyin/build/whl_system -- -j24 -l24
[0.040s] [  2%] Built target whl_system__cpp
[0.040s] [ 12%] Built target whl_system__rosidl_generator_c
[0.044s] [ 12%] Built target ament_cmake_python_copy_whl_system
[0.055s] [ 22%] Built target whl_system__rosidl_typesupport_introspection_cpp
[0.057s] [ 38%] Built target whl_system__rosidl_typesupport_c
[0.057s] [ 42%] Built target whl_system__rosidl_typesupport_fastrtps_cpp
[0.058s] [ 53%] Built target whl_system__rosidl_typesupport_fastrtps_c
[0.059s] [ 63%] Built target whl_system__rosidl_typesupport_cpp
[0.060s] [ 73%] Built target whl_system__rosidl_typesupport_introspection_c
[0.067s] [35m[1mConsolidate compiler generated dependencies of target wheelloong_system_node[0m
[0.073s] [ 73%] Built target whl_system
[0.078s] [ 75%] [32m[1mLinking CXX executable wheelloong_system_node[0m
[0.086s] [ 77%] Built target whl_system__py
[0.102s] [ 85%] Built target whl_system__rosidl_generator_py
[0.120s] [ 93%] Built target whl_system__rosidl_typesupport_c__pyext
[0.120s] [ 93%] Built target whl_system__rosidl_typesupport_introspection_c__pyext
[0.120s] [ 97%] Built target whl_system__rosidl_typesupport_fastrtps_c__pyext
[0.145s] /usr/bin/ld: CMakeFiles/wheelloong_system_node.dir/src/main.cpp.o: in function `main':
[0.145s] main.cpp:(.text+0x98): undefined reference to `WheelloongSystem::WheelloongSystem()'
[0.145s] /usr/bin/ld: main.cpp:(.text+0xa7): undefined reference to `WheelloongSystem::run()'
[0.145s] /usr/bin/ld: main.cpp:(.text+0x13b): undefined reference to `WheelloongSystem::~WheelloongSystem()'
[0.145s] /usr/bin/ld: main.cpp:(.text+0x1c2): undefined reference to `WheelloongSystem::~WheelloongSystem()'
[0.149s] collect2: error: ld returned 1 exit status
[0.150s] gmake[2]: *** [CMakeFiles/wheelloong_system_node.dir/build.make:159：wheelloong_system_node] 错误 1
[0.150s] gmake[1]: *** [CMakeFiles/Makefile2:593：CMakeFiles/wheelloong_system_node.dir/all] 错误 2
[0.150s] gmake[1]: *** 正在等待未完成的任务....
[0.194s] running egg_info
[0.194s] writing whl_system.egg-info/PKG-INFO
[0.194s] writing dependency_links to whl_system.egg-info/dependency_links.txt
[0.195s] writing top-level names to whl_system.egg-info/top_level.txt
[0.196s] reading manifest file 'whl_system.egg-info/SOURCES.txt'
[0.196s] writing manifest file 'whl_system.egg-info/SOURCES.txt'
[0.212s] [ 97%] Built target ament_cmake_python_build_whl_system_egg
[0.213s] gmake: *** [Makefile:146：all] 错误 2
[0.214s] Invoked command in '/home/user/qiaoyin/build/whl_system' returned '2': CMAKE_PREFIX_PATH=/opt/ros/humble /usr/bin/cmake --build /home/user/qiaoyin/build/whl_system -- -j24 -l24
