[01m[K/home/user/qiaoyin/src/whl_system/src/wheelloong_system.cpp:3:1:[m[K [01;31m[Kerror: [m[K‘[01m[KWheelloongSystem[m[K’ does not name a type
    3 | [01;31m[KWheelloongSystem[m[K::WheelloongSystem()
      | [01;31m[K^~~~~~~~~~~~~~~~[m[K
[01m[K/home/user/qiaoyin/src/whl_system/src/wheelloong_system.cpp:7:1:[m[K [01;31m[Kerror: [m[K‘[01m[KWheelloongSystem[m[K’ does not name a type
    7 | [01;31m[KWheelloongSystem[m[K::~WheelloongSystem() {
      | [01;31m[K^~~~~~~~~~~~~~~~[m[K
[01m[K/home/user/qiaoyin/src/whl_system/src/wheelloong_system.cpp:11:6:[m[K [01;31m[Kerror: [m[K‘[01m[KWheelloongSystem[m[K’ has not been declared
   11 | void [01;31m[KWheelloongSystem[m[K::update()
      |      [01;31m[K^~~~~~~~~~~~~~~~[m[K
[01m[K/home/user/qiaoyin/src/whl_system/src/wheelloong_system.cpp:[m[K In function ‘[01m[Kvoid update()[m[K’:
[01m[K/home/user/qiaoyin/src/whl_system/src/wheelloong_system.cpp:13:17:[m[K [01;31m[Kerror: [m[K‘[01m[Knode_[m[K’ was not declared in this scope; did you mean ‘[01m[Kmode_t[m[K’?
   13 |     RCLCPP_INFO([01;31m[Knode_[m[K->get_logger(), "Updating system with input data...");
      |                 [01;31m[K^~~~~[m[K
      |                 [32m[Kmode_t[m[K
[01m[K/home/user/qiaoyin/src/whl_system/src/wheelloong_system.cpp:13:5:[m[K [01;31m[Kerror: [m[K‘[01m[KRCLCPP_INFO[m[K’ was not declared in this scope
   13 |     [01;31m[KRCLCPP_INFO[m[K(node_->get_logger(), "Updating system with input data...");
      |     [01;31m[K^~~~~~~~~~~[m[K
[01m[K/home/user/qiaoyin/src/whl_system/src/wheelloong_system.cpp:[m[K At global scope:
[01m[K/home/user/qiaoyin/src/whl_system/src/wheelloong_system.cpp:16:6:[m[K [01;31m[Kerror: [m[K‘[01m[KWheelloongSystem[m[K’ has not been declared
   16 | void [01;31m[KWheelloongSystem[m[K::work()
      |      [01;31m[K^~~~~~~~~~~~~~~~[m[K
[01m[K/home/user/qiaoyin/src/whl_system/src/wheelloong_system.cpp:[m[K In function ‘[01m[Kvoid work()[m[K’:
[01m[K/home/user/qiaoyin/src/whl_system/src/wheelloong_system.cpp:19:17:[m[K [01;31m[Kerror: [m[K‘[01m[Knode_[m[K’ was not declared in this scope; did you mean ‘[01m[Kmode_t[m[K’?
   19 |     RCLCPP_INFO([01;31m[Knode_[m[K->get_logger(), "Working on the updated data...");
      |                 [01;31m[K^~~~~[m[K
      |                 [32m[Kmode_t[m[K
[01m[K/home/user/qiaoyin/src/whl_system/src/wheelloong_system.cpp:19:5:[m[K [01;31m[Kerror: [m[K‘[01m[KRCLCPP_INFO[m[K’ was not declared in this scope
   19 |     [01;31m[KRCLCPP_INFO[m[K(node_->get_logger(), "Working on the updated data...");
      |     [01;31m[K^~~~~~~~~~~[m[K
[01m[K/home/user/qiaoyin/src/whl_system/src/wheelloong_system.cpp:[m[K At global scope:
[01m[K/home/user/qiaoyin/src/whl_system/src/wheelloong_system.cpp:22:6:[m[K [01;31m[Kerror: [m[K‘[01m[KWheelloongSystem[m[K’ has not been declared
   22 | void [01;31m[KWheelloongSystem[m[K::dwdate()
      |      [01;31m[K^~~~~~~~~~~~~~~~[m[K
[01m[K/home/user/qiaoyin/src/whl_system/src/wheelloong_system.cpp:[m[K In function ‘[01m[Kvoid dwdate()[m[K’:
[01m[K/home/user/qiaoyin/src/whl_system/src/wheelloong_system.cpp:25:17:[m[K [01;31m[Kerror: [m[K‘[01m[Knode_[m[K’ was not declared in this scope; did you mean ‘[01m[Kmode_t[m[K’?
   25 |     RCLCPP_INFO([01;31m[Knode_[m[K->get_logger(), "Performing another update operation...");
      |                 [01;31m[K^~~~~[m[K
      |                 [32m[Kmode_t[m[K
[01m[K/home/user/qiaoyin/src/whl_system/src/wheelloong_system.cpp:25:5:[m[K [01;31m[Kerror: [m[K‘[01m[KRCLCPP_INFO[m[K’ was not declared in this scope
   25 |     [01;31m[KRCLCPP_INFO[m[K(node_->get_logger(), "Performing another update operation...");
      |     [01;31m[K^~~~~~~~~~~[m[K
[01m[K/home/user/qiaoyin/src/whl_system/src/wheelloong_system.cpp:[m[K At global scope:
[01m[K/home/user/qiaoyin/src/whl_system/src/wheelloong_system.cpp:28:6:[m[K [01;31m[Kerror: [m[K‘[01m[KWheelloongSystem[m[K’ has not been declared
   28 | void [01;31m[KWheelloongSystem[m[K::run() {
      |      [01;31m[K^~~~~~~~~~~~~~~~[m[K
[01m[K/home/user/qiaoyin/src/whl_system/src/wheelloong_system.cpp:[m[K In function ‘[01m[Kvoid run()[m[K’:
[01m[K/home/user/qiaoyin/src/whl_system/src/wheelloong_system.cpp:29:5:[m[K [01;31m[Kerror: [m[K‘[01m[Krclcpp[m[K’ has not been declared
   29 |     [01;31m[Krclcpp[m[K::spin(node_);  // 阻塞式运行，处理服务请求
      |     [01;31m[K^~~~~~[m[K
[01m[K/home/user/qiaoyin/src/whl_system/src/wheelloong_system.cpp:29:18:[m[K [01;31m[Kerror: [m[K‘[01m[Knode_[m[K’ was not declared in this scope; did you mean ‘[01m[Kmode_t[m[K’?
   29 |     rclcpp::spin([01;31m[Knode_[m[K);  // 阻塞式运行，处理服务请求
      |                  [01;31m[K^~~~~[m[K
      |                  [32m[Kmode_t[m[K
gmake[2]: *** [CMakeFiles/wheelloong_system_node.dir/build.make:118：CMakeFiles/wheelloong_system_node.dir/src/wheelloong_system.cpp.o] 错误 1
gmake[2]: *** 正在等待未完成的任务....
[01m[K/home/user/qiaoyin/src/whl_system/src/system_node.cpp:[m[K In function ‘[01m[Kint main(int, char**)[m[K’:
[01m[K/home/user/qiaoyin/src/whl_system/src/system_node.cpp:10:17:[m[K [01;31m[Kerror: [m[Kno matching function for call to ‘[01m[Kspin(std::unique_ptr<whl_system::WheelloongSystem>&)[m[K’
   10 |     [01;31m[Krclcpp::spin(system)[m[K;
      |     [01;31m[K~~~~~~~~~~~~^~~~~~~~[m[K
In file included from [01m[K/opt/ros/humble/include/rclcpp/rclcpp/rclcpp.hpp:155[m[K,
                 from [01m[K/home/user/qiaoyin/src/whl_system/src/system_node.cpp:2[m[K:
[01m[K/opt/ros/humble/include/rclcpp/rclcpp/executors.hpp:45:1:[m[K [01;36m[Knote: [m[Kcandidate: ‘[01m[Kvoid rclcpp::spin(rclcpp::node_interfaces::NodeBaseInterface::SharedPtr)[m[K’
   45 | [01;36m[Kspin[m[K(rclcpp::node_interfaces::NodeBaseInterface::SharedPtr node_ptr);
      | [01;36m[K^~~~[m[K
[01m[K/opt/ros/humble/include/rclcpp/rclcpp/executors.hpp:45:60:[m[K [01;36m[Knote: [m[K  no known conversion for argument 1 from ‘[01m[Kstd::unique_ptr<whl_system::WheelloongSystem>[m[K’ to ‘[01m[Krclcpp::node_interfaces::NodeBaseInterface::SharedPtr[m[K’ {aka ‘[01m[Kstd::shared_ptr<rclcpp::node_interfaces::NodeBaseInterface>[m[K’}
   45 | spin([01;36m[Krclcpp::node_interfaces::NodeBaseInterface::SharedPtr node_ptr[m[K);
      |      [01;36m[K~~~~~~~~~~~~~~~~~~~~~~~~~~~~~~~~~~~~~~~~~~~~~~~~~~~~~~^~~~~~~~[m[K
[01m[K/opt/ros/humble/include/rclcpp/rclcpp/executors.hpp:49:1:[m[K [01;36m[Knote: [m[Kcandidate: ‘[01m[Kvoid rclcpp::spin(rclcpp::Node::SharedPtr)[m[K’
   49 | [01;36m[Kspin[m[K(rclcpp::Node::SharedPtr node_ptr);
      | [01;36m[K^~~~[m[K
[01m[K/opt/ros/humble/include/rclcpp/rclcpp/executors.hpp:49:30:[m[K [01;36m[Knote: [m[K  no known conversion for argument 1 from ‘[01m[Kstd::unique_ptr<whl_system::WheelloongSystem>[m[K’ to ‘[01m[Krclcpp::Node::SharedPtr[m[K’ {aka ‘[01m[Kstd::shared_ptr<rclcpp::Node>[m[K’}
   49 | spin([01;36m[Krclcpp::Node::SharedPtr node_ptr[m[K);
      |      [01;36m[K~~~~~~~~~~~~~~~~~~~~~~~~^~~~~~~~[m[K
gmake[2]: *** [CMakeFiles/wheelloong_system_node.dir/build.make:104：CMakeFiles/wheelloong_system_node.dir/src/system_node.cpp.o] 错误 1
gmake[1]: *** [CMakeFiles/Makefile2:593：CMakeFiles/wheelloong_system_node.dir/all] 错误 2
gmake: *** [Makefile:146：all] 错误 2
