-- Found ament_cmake: 1.3.11 (/opt/ros/humble/share/ament_cmake/cmake)
-- Found rclcpp: 16.0.12 (/opt/ros/humble/share/rclcpp/cmake)
-- Found rosidl_generator_c: 3.1.6 (/opt/ros/humble/share/rosidl_generator_c/cmake)
-- Found rosidl_adapter: 3.1.6 (/opt/ros/humble/share/rosidl_adapter/cmake)
-- Found rosidl_generator_cpp: 3.1.6 (/opt/ros/humble/share/rosidl_generator_cpp/cmake)
-- Using all available rosidl_typesupport_c: rosidl_typesupport_fastrtps_c;rosidl_typesupport_introspection_c
-- Using all available rosidl_typesupport_cpp: rosidl_typesupport_fastrtps_cpp;rosidl_typesupport_introspection_cpp
-- Found rmw_implementation_cmake: 6.1.2 (/opt/ros/humble/share/rmw_implementation_cmake/cmake)
-- Found rmw_fastrtps_cpp: 6.2.7 (/opt/ros/humble/share/rmw_fastrtps_cpp/cmake)
-- Using RMW implementation 'rmw_fastrtps_cpp' as default
-- Found rosidl_default_generators: 1.2.0 (/opt/ros/humble/share/rosidl_default_generators/cmake)
-- Found ament_cmake_ros: 0.10.0 (/opt/ros/humble/share/ament_cmake_ros/cmake)
-- Using all available rosidl_typesupport_c: rosidl_typesupport_fastrtps_c;rosidl_typesupport_introspection_c
-- Using all available rosidl_typesupport_cpp: rosidl_typesupport_fastrtps_cpp;rosidl_typesupport_introspection_cpp
-- Found python_cmake_module: 0.10.0 (/opt/ros/humble/share/python_cmake_module/cmake)
-- Using PYTHON_EXECUTABLE: /usr/bin/python3
-- Using PYTHON_INCLUDE_DIRS: /usr/include/python3.10
-- Using PYTHON_LIBRARIES: /usr/lib/x86_64-linux-gnu/libpython3.10.so
-- Found ament_lint_auto: 0.12.12 (/opt/ros/humble/share/ament_lint_auto/cmake)
-- Added test 'cppcheck' to perform static code analysis on C / C++ code
-- Configured cppcheck include dirs: /home/user/qiaoyin/src/driver/include;/home/user/qiaoyin/src/driver/include/driver;/home/user/qiaoyin/src/driver/src
-- Configured cppcheck exclude dirs and/or files: 
-- Added test 'lint_cmake' to check CMake code style
-- Added test 'uncrustify' to check C / C++ code style
-- Configured uncrustify additional arguments: 
-- Added test 'xmllint' to check XML markup files
-- Configuring done
-- Generating done
-- Build files have been written to: /home/user/qiaoyin/build/driver
[35m[1mConsolidate compiler generated dependencies of target driver__rosidl_generator_c[0m
[  1%] Built target driver__cpp
[ 11%] Built target driver__rosidl_generator_c
[35m[1mConsolidate compiler generated dependencies of target driver__rosidl_typesupport_cpp[0m
[35m[1mConsolidate compiler generated dependencies of target driver__rosidl_typesupport_introspection_cpp[0m
[35m[1mConsolidate compiler generated dependencies of target driver__rosidl_typesupport_c[0m
[ 11%] Built target ament_cmake_python_copy_driver
[35m[1mConsolidate compiler generated dependencies of target driver__rosidl_typesupport_fastrtps_cpp[0m
[35m[1mConsolidate compiler generated dependencies of target driver__rosidl_typesupport_fastrtps_c[0m
[35m[1mConsolidate compiler generated dependencies of target driver__rosidl_typesupport_introspection_c[0m
[ 22%] Built target driver__rosidl_typesupport_cpp
[ 32%] Built target driver__rosidl_typesupport_introspection_cpp
[ 43%] Built target driver__rosidl_typesupport_c
[ 61%] Built target driver__rosidl_typesupport_introspection_c
[ 64%] Built target driver__rosidl_typesupport_fastrtps_c
[ 74%] Built target driver__rosidl_typesupport_fastrtps_cpp
[35m[1mConsolidate compiler generated dependencies of target arm_driver_node[0m
[ 76%] Built target driver
[ 76%] [32mBuilding CXX object CMakeFiles/arm_driver_node.dir/src/arm_driver_node.cpp.o[0m
[ 77%] [32mBuilding CXX object CMakeFiles/arm_driver_node.dir/src/jaka.cpp.o[0m
[ 79%] [32mBuilding CXX object CMakeFiles/arm_driver_node.dir/src/main.cpp.o[0m
[ 80%] Built target driver__py
[35m[1mConsolidate compiler generated dependencies of target driver__rosidl_generator_py[0m
[ 89%] Built target driver__rosidl_generator_py
[35m[1mConsolidate compiler generated dependencies of target driver__rosidl_typesupport_c__pyext[0m
[35m[1mConsolidate compiler generated dependencies of target driver__rosidl_typesupport_introspection_c__pyext[0m
[35m[1mConsolidate compiler generated dependencies of target driver__rosidl_typesupport_fastrtps_c__pyext[0m
[ 92%] Built target driver__rosidl_typesupport_introspection_c__pyext
[ 95%] Built target driver__rosidl_typesupport_c__pyext
[ 98%] Built target driver__rosidl_typesupport_fastrtps_c__pyext
running egg_info
writing driver.egg-info/PKG-INFO
writing dependency_links to driver.egg-info/dependency_links.txt
writing top-level names to driver.egg-info/top_level.txt
reading manifest file 'driver.egg-info/SOURCES.txt'
writing manifest file 'driver.egg-info/SOURCES.txt'
[ 98%] Built target ament_cmake_python_build_driver_egg
[01m[K/home/user/qiaoyin/src/driver/src/arm_driver_node.cpp:[m[K In member function â€˜[01m[Kvoid ArmDriverNode::handle_arm_set_joints(std::shared_ptr<driver::srv::ArmSetJoints_Request_<std::allocator<void> > >, std::shared_ptr<driver::srv::ArmSetJoints_Response_<std::allocator<void> > >)[m[Kâ€™:
[01m[K/home/user/qiaoyin/src/driver/src/arm_driver_node.cpp:64:43:[m[K [01;31m[Kerror: [m[Kâ€˜[01m[Kusing element_type = struct driver::srv::ArmSetJoints_Request_<std::allocator<void> >[m[Kâ€™ {aka â€˜[01m[Kstruct driver::srv::ArmSetJoints_Request_<std::allocator<void> >[m[Kâ€™} has no member named â€˜[01m[Kleft_jpos[m[Kâ€™
   64 |     bool result = jaka_.setJoint(request->[01;31m[Kleft_jpos[m[K, request->right_jpos);
      |                                           [01;31m[K^~~~~~~~~[m[K
[01m[K/home/user/qiaoyin/src/driver/src/arm_driver_node.cpp:64:63:[m[K [01;31m[Kerror: [m[Kâ€˜[01m[Kusing element_type = struct driver::srv::ArmSetJoints_Request_<std::allocator<void> >[m[Kâ€™ {aka â€˜[01m[Kstruct driver::srv::ArmSetJoints_Request_<std::allocator<void> >[m[Kâ€™} has no member named â€˜[01m[Kright_jpos[m[Kâ€™
   64 |     bool result = jaka_.setJoint(request->left_jpos, request->[01;31m[Kright_jpos[m[K);
      |                                                               [01;31m[K^~~~~~~~~~[m[K
[01m[K/home/user/qiaoyin/src/driver/src/arm_driver_node.cpp:[m[K In member function â€˜[01m[Kvoid ArmDriverNode::handle_arm_set_cart(std::shared_ptr<driver::srv::ArmSetCart_Request_<std::allocator<void> > >, std::shared_ptr<driver::srv::ArmSetCart_Response_<std::allocator<void> > >)[m[Kâ€™:
[01m[K/home/user/qiaoyin/src/driver/src/arm_driver_node.cpp:76:47:[m[K [01;31m[Kerror: [m[Kâ€˜[01m[Kusing element_type = struct driver::srv::ArmSetCart_Request_<std::allocator<void> >[m[Kâ€™ {aka â€˜[01m[Kstruct driver::srv::ArmSetCart_Request_<std::allocator<void> >[m[Kâ€™} has no member named â€˜[01m[Kleft_cpos[m[Kâ€™
   76 |     bool result = jaka_.setCartesian(request->[01;31m[Kleft_cpos[m[K, request->right_cpos);
      |                                               [01;31m[K^~~~~~~~~[m[K
[01m[K/home/user/qiaoyin/src/driver/src/arm_driver_node.cpp:76:67:[m[K [01;31m[Kerror: [m[Kâ€˜[01m[Kusing element_type = struct driver::srv::ArmSetCart_Request_<std::allocator<void> >[m[Kâ€™ {aka â€˜[01m[Kstruct driver::srv::ArmSetCart_Request_<std::allocator<void> >[m[Kâ€™} has no member named â€˜[01m[Kright_cpos[m[Kâ€™
   76 |     bool result = jaka_.setCartesian(request->left_cpos, request->[01;31m[Kright_cpos[m[K);
      |                                                                   [01;31m[K^~~~~~~~~~[m[K
gmake[2]: *** [CMakeFiles/arm_driver_node.dir/build.make:76ï¼šCMakeFiles/arm_driver_node.dir/src/arm_driver_node.cpp.o] é”™è¯¯ 1
gmake[1]: *** [CMakeFiles/Makefile2:593ï¼šCMakeFiles/arm_driver_node.dir/all] é”™è¯¯ 2
gmake: *** [Makefile:146ï¼šall] é”™è¯¯ 2
