[01m[K/home/user/qiaoyin/src/whl_system/src/wheelloong_system.cpp:3:1:[m[K [01;31m[Kerror: [m[K‘[01m[KWheelloongSystem[m[K’ does not name a type
    3 | [01;31m[KWheelloongSystem[m[K::WheelloongSystem()
      | [01;31m[K^~~~~~~~~~~~~~~~[m[K
[01m[K/home/user/qiaoyin/src/whl_system/src/wheelloong_system.cpp:7:1:[m[K [01;31m[Kerror: [m[K‘[01m[KWheelloongSystem[m[K’ does not name a type
    7 | [01;31m[KWheelloongSystem[m[K::~WheelloongSystem() {
      | [01;31m[K^~~~~~~~~~~~~~~~[m[K
[01m[K/home/user/qiaoyin/src/whl_system/src/wheelloong_system.cpp:11:6:[m[K [01;31m[Kerror: [m[K‘[01m[KWheelloongSystem[m[K’ has not been declared
   11 | void [01;31m[KWheelloongSystem[m[K::update()
      |      [01;31m[K^~~~~~~~~~~~~~~~[m[K
In file included from [01m[K/opt/ros/humble/include/rclcpp/rclcpp/client.hpp:40[m[K,
                 from [01m[K/opt/ros/humble/include/rclcpp/rclcpp/callback_group.hpp:24[m[K,
                 from [01m[K/opt/ros/humble/include/rclcpp/rclcpp/any_executable.hpp:20[m[K,
                 from [01m[K/opt/ros/humble/include/rclcpp/rclcpp/memory_strategy.hpp:25[m[K,
                 from [01m[K/opt/ros/humble/include/rclcpp/rclcpp/memory_strategies.hpp:18[m[K,
                 from [01m[K/opt/ros/humble/include/rclcpp/rclcpp/executor_options.hpp:20[m[K,
                 from [01m[K/opt/ros/humble/include/rclcpp/rclcpp/executor.hpp:37[m[K,
                 from [01m[K/opt/ros/humble/include/rclcpp/rclcpp/executors/multi_threaded_executor.hpp:25[m[K,
                 from [01m[K/opt/ros/humble/include/rclcpp/rclcpp/executors.hpp:21[m[K,
                 from [01m[K/opt/ros/humble/include/rclcpp/rclcpp/rclcpp.hpp:155[m[K,
                 from [01m[K/home/user/qiaoyin/src/whl_system/src/wheelloong_system.h:3[m[K,
                 from [01m[K/home/user/qiaoyin/src/whl_system/src/wheelloong_system.cpp:1[m[K:
[01m[K/home/user/qiaoyin/src/whl_system/src/wheelloong_system.cpp:[m[K In function ‘[01m[Kvoid update()[m[K’:
[01m[K/home/user/qiaoyin/src/whl_system/src/wheelloong_system.cpp:13:17:[m[K [01;31m[Kerror: [m[K‘[01m[Knode_[m[K’ was not declared in this scope; did you mean ‘[01m[Kmode_t[m[K’?
   13 |     RCLCPP_INFO([01;31m[Knode_[m[K->get_logger(), "Updating system with input data...");
      |                 [01;31m[K^~~~~[m[K
[01m[K/home/user/qiaoyin/src/whl_system/src/wheelloong_system.cpp:13:5:[m[K [01;31m[Kerror: [m[Ktemplate argument 1 is invalid
   13 |     [01;31m[KRCLCPP_INFO[m[K(node_->get_logger(), "Updating system with input data...");
      |     [01;31m[K^~~~~~~~~~~[m[K
[01m[K/home/user/qiaoyin/src/whl_system/src/wheelloong_system.cpp:13:5:[m[K [01;31m[Kerror: [m[Ktemplate argument 1 is invalid
   13 |     [01;31m[KRCLCPP_INFO[m[K(node_->get_logger(), "Updating system with input data...");
      |     [01;31m[K^~~~~~~~~~~[m[K
[01m[K/home/user/qiaoyin/src/whl_system/src/wheelloong_system.cpp:13:5:[m[K [01;31m[Kerror: [m[Ktemplate argument 1 is invalid
   13 |     [01;31m[KRCLCPP_INFO[m[K(node_->get_logger(), "Updating system with input data...");
      |     [01;31m[K^~~~~~~~~~~[m[K
[01m[K/home/user/qiaoyin/src/whl_system/src/wheelloong_system.cpp:[m[K At global scope:
[01m[K/home/user/qiaoyin/src/whl_system/src/wheelloong_system.cpp:16:6:[m[K [01;31m[Kerror: [m[K‘[01m[KWheelloongSystem[m[K’ has not been declared
   16 | void [01;31m[KWheelloongSystem[m[K::work()
      |      [01;31m[K^~~~~~~~~~~~~~~~[m[K
In file included from [01m[K/opt/ros/humble/include/rclcpp/rclcpp/client.hpp:40[m[K,
                 from [01m[K/opt/ros/humble/include/rclcpp/rclcpp/callback_group.hpp:24[m[K,
                 from [01m[K/opt/ros/humble/include/rclcpp/rclcpp/any_executable.hpp:20[m[K,
                 from [01m[K/opt/ros/humble/include/rclcpp/rclcpp/memory_strategy.hpp:25[m[K,
                 from [01m[K/opt/ros/humble/include/rclcpp/rclcpp/memory_strategies.hpp:18[m[K,
                 from [01m[K/opt/ros/humble/include/rclcpp/rclcpp/executor_options.hpp:20[m[K,
                 from [01m[K/opt/ros/humble/include/rclcpp/rclcpp/executor.hpp:37[m[K,
                 from [01m[K/opt/ros/humble/include/rclcpp/rclcpp/executors/multi_threaded_executor.hpp:25[m[K,
                 from [01m[K/opt/ros/humble/include/rclcpp/rclcpp/executors.hpp:21[m[K,
                 from [01m[K/opt/ros/humble/include/rclcpp/rclcpp/rclcpp.hpp:155[m[K,
                 from [01m[K/home/user/qiaoyin/src/whl_system/src/wheelloong_system.h:3[m[K,
                 from [01m[K/home/user/qiaoyin/src/whl_system/src/wheelloong_system.cpp:1[m[K:
[01m[K/home/user/qiaoyin/src/whl_system/src/wheelloong_system.cpp:[m[K In function ‘[01m[Kvoid work()[m[K’:
[01m[K/home/user/qiaoyin/src/whl_system/src/wheelloong_system.cpp:19:17:[m[K [01;31m[Kerror: [m[K‘[01m[Knode_[m[K’ was not declared in this scope; did you mean ‘[01m[Kmode_t[m[K’?
   19 |     RCLCPP_INFO([01;31m[Knode_[m[K->get_logger(), "Working on the updated data...");
      |                 [01;31m[K^~~~~[m[K
[01m[K/home/user/qiaoyin/src/whl_system/src/wheelloong_system.cpp:19:5:[m[K [01;31m[Kerror: [m[Ktemplate argument 1 is invalid
   19 |     [01;31m[KRCLCPP_INFO[m[K(node_->get_logger(), "Working on the updated data...");
      |     [01;31m[K^~~~~~~~~~~[m[K
[01m[K/home/user/qiaoyin/src/whl_system/src/wheelloong_system.cpp:19:5:[m[K [01;31m[Kerror: [m[Ktemplate argument 1 is invalid
   19 |     [01;31m[KRCLCPP_INFO[m[K(node_->get_logger(), "Working on the updated data...");
      |     [01;31m[K^~~~~~~~~~~[m[K
[01m[K/home/user/qiaoyin/src/whl_system/src/wheelloong_system.cpp:19:5:[m[K [01;31m[Kerror: [m[Ktemplate argument 1 is invalid
   19 |     [01;31m[KRCLCPP_INFO[m[K(node_->get_logger(), "Working on the updated data...");
      |     [01;31m[K^~~~~~~~~~~[m[K
[01m[K/home/user/qiaoyin/src/whl_system/src/wheelloong_system.cpp:[m[K At global scope:
[01m[K/home/user/qiaoyin/src/whl_system/src/wheelloong_system.cpp:22:6:[m[K [01;31m[Kerror: [m[K‘[01m[KWheelloongSystem[m[K’ has not been declared
   22 | void [01;31m[KWheelloongSystem[m[K::dwdate()
      |      [01;31m[K^~~~~~~~~~~~~~~~[m[K
In file included from [01m[K/opt/ros/humble/include/rclcpp/rclcpp/client.hpp:40[m[K,
                 from [01m[K/opt/ros/humble/include/rclcpp/rclcpp/callback_group.hpp:24[m[K,
                 from [01m[K/opt/ros/humble/include/rclcpp/rclcpp/any_executable.hpp:20[m[K,
                 from [01m[K/opt/ros/humble/include/rclcpp/rclcpp/memory_strategy.hpp:25[m[K,
                 from [01m[K/opt/ros/humble/include/rclcpp/rclcpp/memory_strategies.hpp:18[m[K,
                 from [01m[K/opt/ros/humble/include/rclcpp/rclcpp/executor_options.hpp:20[m[K,
                 from [01m[K/opt/ros/humble/include/rclcpp/rclcpp/executor.hpp:37[m[K,
                 from [01m[K/opt/ros/humble/include/rclcpp/rclcpp/executors/multi_threaded_executor.hpp:25[m[K,
                 from [01m[K/opt/ros/humble/include/rclcpp/rclcpp/executors.hpp:21[m[K,
                 from [01m[K/opt/ros/humble/include/rclcpp/rclcpp/rclcpp.hpp:155[m[K,
                 from [01m[K/home/user/qiaoyin/src/whl_system/src/wheelloong_system.h:3[m[K,
                 from [01m[K/home/user/qiaoyin/src/whl_system/src/wheelloong_system.cpp:1[m[K:
[01m[K/home/user/qiaoyin/src/whl_system/src/wheelloong_system.cpp:[m[K In function ‘[01m[Kvoid dwdate()[m[K’:
[01m[K/home/user/qiaoyin/src/whl_system/src/wheelloong_system.cpp:25:17:[m[K [01;31m[Kerror: [m[K‘[01m[Knode_[m[K’ was not declared in this scope; did you mean ‘[01m[Kmode_t[m[K’?
   25 |     RCLCPP_INFO([01;31m[Knode_[m[K->get_logger(), "Performing another update operation...");
      |                 [01;31m[K^~~~~[m[K
[01m[K/home/user/qiaoyin/src/whl_system/src/wheelloong_system.cpp:25:5:[m[K [01;31m[Kerror: [m[Ktemplate argument 1 is invalid
   25 |     [01;31m[KRCLCPP_INFO[m[K(node_->get_logger(), "Performing another update operation...");
      |     [01;31m[K^~~~~~~~~~~[m[K
[01m[K/home/user/qiaoyin/src/whl_system/src/wheelloong_system.cpp:25:5:[m[K [01;31m[Kerror: [m[Ktemplate argument 1 is invalid
   25 |     [01;31m[KRCLCPP_INFO[m[K(node_->get_logger(), "Performing another update operation...");
      |     [01;31m[K^~~~~~~~~~~[m[K
[01m[K/home/user/qiaoyin/src/whl_system/src/wheelloong_system.cpp:25:5:[m[K [01;31m[Kerror: [m[Ktemplate argument 1 is invalid
   25 |     [01;31m[KRCLCPP_INFO[m[K(node_->get_logger(), "Performing another update operation...");
      |     [01;31m[K^~~~~~~~~~~[m[K
[01m[K/home/user/qiaoyin/src/whl_system/src/wheelloong_system.cpp:[m[K At global scope:
[01m[K/home/user/qiaoyin/src/whl_system/src/wheelloong_system.cpp:28:6:[m[K [01;31m[Kerror: [m[K‘[01m[KWheelloongSystem[m[K’ has not been declared
   28 | void [01;31m[KWheelloongSystem[m[K::run() {
      |      [01;31m[K^~~~~~~~~~~~~~~~[m[K
[01m[K/home/user/qiaoyin/src/whl_system/src/wheelloong_system.cpp:[m[K In function ‘[01m[Kvoid run()[m[K’:
[01m[K/home/user/qiaoyin/src/whl_system/src/wheelloong_system.cpp:29:18:[m[K [01;31m[Kerror: [m[K‘[01m[Knode_[m[K’ was not declared in this scope; did you mean ‘[01m[Kmode_t[m[K’?
   29 |     rclcpp::spin([01;31m[Knode_[m[K);  // 阻塞式运行，处理服务请求
      |                  [01;31m[K^~~~~[m[K
      |                  [32m[Kmode_t[m[K
gmake[2]: *** [CMakeFiles/wheelloong_system_node.dir/build.make:104：CMakeFiles/wheelloong_system_node.dir/src/wheelloong_system.cpp.o] 错误 1
gmake[1]: *** [CMakeFiles/Makefile2:593：CMakeFiles/wheelloong_system_node.dir/all] 错误 2
gmake: *** [Makefile:146：all] 错误 2
