[0.011s] Invoking command in '/home/user/qiaoyin/build/whl_system': CMAKE_PREFIX_PATH=/opt/ros/humble /usr/bin/cmake --build /home/user/qiaoyin/build/whl_system -- -j24 -l24
[0.043s] [  1%] Built target whl_system__cpp
[0.045s] [ 11%] Built target whl_system__rosidl_generator_c
[0.051s] [ 11%] Built target ament_cmake_python_copy_whl_system
[0.057s] [ 21%] Built target whl_system__rosidl_typesupport_c
[0.059s] [ 31%] Built target whl_system__rosidl_typesupport_introspection_cpp
[0.059s] [ 41%] Built target whl_system__rosidl_typesupport_fastrtps_cpp
[0.059s] [ 50%] Built target whl_system__rosidl_typesupport_cpp
[0.061s] [ 60%] Built target whl_system__rosidl_typesupport_introspection_c
[0.063s] [ 70%] Built target whl_system__rosidl_typesupport_fastrtps_c
[0.068s] [35m[1mConsolidate compiler generated dependencies of target wheelloong_system_node[0m
[0.077s] [ 70%] Built target whl_system
[0.079s] [ 72%] [32mBuilding CXX object CMakeFiles/wheelloong_system_node.dir/src/wheelloong_system.cpp.o[0m
[0.091s] [ 74%] Built target whl_system__py
[0.109s] [ 82%] Built target whl_system__rosidl_generator_py
[0.126s] [ 86%] Built target whl_system__rosidl_typesupport_introspection_c__pyext
[0.126s] [ 90%] Built target whl_system__rosidl_typesupport_fastrtps_c__pyext
[0.127s] [ 94%] Built target whl_system__rosidl_typesupport_c__pyext
[0.198s] running egg_info
[0.199s] writing whl_system.egg-info/PKG-INFO
[0.199s] writing dependency_links to whl_system.egg-info/dependency_links.txt
[0.199s] writing top-level names to whl_system.egg-info/top_level.txt
[0.201s] reading manifest file 'whl_system.egg-info/SOURCES.txt'
[0.202s] writing manifest file 'whl_system.egg-info/SOURCES.txt'
[0.218s] [ 94%] Built target ament_cmake_python_build_whl_system_egg
[1.360s] [01m[K/home/user/qiaoyin/src/whl_system/src/wheelloong_system.cpp:3:1:[m[K [01;31m[Kerror: [m[Kâ€˜[01m[KWheelloongSystem[m[Kâ€™ does not name a type
[1.360s]     3 | [01;31m[KWheelloongSystem[m[K::WheelloongSystem()
[1.360s]       | [01;31m[K^~~~~~~~~~~~~~~~[m[K
[1.361s] [01m[K/home/user/qiaoyin/src/whl_system/src/wheelloong_system.cpp:7:1:[m[K [01;31m[Kerror: [m[Kâ€˜[01m[KWheelloongSystem[m[Kâ€™ does not name a type
[1.361s]     7 | [01;31m[KWheelloongSystem[m[K::~WheelloongSystem() {
[1.361s]       | [01;31m[K^~~~~~~~~~~~~~~~[m[K
[1.361s] [01m[K/home/user/qiaoyin/src/whl_system/src/wheelloong_system.cpp:11:6:[m[K [01;31m[Kerror: [m[Kâ€˜[01m[KWheelloongSystem[m[Kâ€™ has not been declared
[1.361s]    11 | void [01;31m[KWheelloongSystem[m[K::update()
[1.361s]       |      [01;31m[K^~~~~~~~~~~~~~~~[m[K
[1.363s] In file included from [01m[K/opt/ros/humble/include/rclcpp/rclcpp/client.hpp:40[m[K,
[1.363s]                  from [01m[K/opt/ros/humble/include/rclcpp/rclcpp/callback_group.hpp:24[m[K,
[1.363s]                  from [01m[K/opt/ros/humble/include/rclcpp/rclcpp/any_executable.hpp:20[m[K,
[1.363s]                  from [01m[K/opt/ros/humble/include/rclcpp/rclcpp/memory_strategy.hpp:25[m[K,
[1.363s]                  from [01m[K/opt/ros/humble/include/rclcpp/rclcpp/memory_strategies.hpp:18[m[K,
[1.363s]                  from [01m[K/opt/ros/humble/include/rclcpp/rclcpp/executor_options.hpp:20[m[K,
[1.363s]                  from [01m[K/opt/ros/humble/include/rclcpp/rclcpp/executor.hpp:37[m[K,
[1.363s]                  from [01m[K/opt/ros/humble/include/rclcpp/rclcpp/executors/multi_threaded_executor.hpp:25[m[K,
[1.364s]                  from [01m[K/opt/ros/humble/include/rclcpp/rclcpp/executors.hpp:21[m[K,
[1.364s]                  from [01m[K/opt/ros/humble/include/rclcpp/rclcpp/rclcpp.hpp:155[m[K,
[1.364s]                  from [01m[K/home/user/qiaoyin/src/whl_system/src/wheelloong_system.h:3[m[K,
[1.364s]                  from [01m[K/home/user/qiaoyin/src/whl_system/src/wheelloong_system.cpp:1[m[K:
[1.364s] [01m[K/home/user/qiaoyin/src/whl_system/src/wheelloong_system.cpp:[m[K In function â€˜[01m[Kvoid update()[m[Kâ€™:
[1.364s] [01m[K/home/user/qiaoyin/src/whl_system/src/wheelloong_system.cpp:13:17:[m[K [01;31m[Kerror: [m[Kâ€˜[01m[Knode_[m[Kâ€™ was not declared in this scope; did you mean â€˜[01m[Kmode_t[m[Kâ€™?
[1.364s]    13 |     RCLCPP_INFO([01;31m[Knode_[m[K->get_logger(), "Updating system with input data...");
[1.364s]       |                 [01;31m[K^~~~~[m[K
[1.364s] [01m[K/home/user/qiaoyin/src/whl_system/src/wheelloong_system.cpp:13:5:[m[K [01;31m[Kerror: [m[Ktemplate argument 1 is invalid
[1.364s]    13 |     [01;31m[KRCLCPP_INFO[m[K(node_->get_logger(), "Updating system with input data...");
[1.364s]       |     [01;31m[K^~~~~~~~~~~[m[K
[1.364s] [01m[K/home/user/qiaoyin/src/whl_system/src/wheelloong_system.cpp:13:5:[m[K [01;31m[Kerror: [m[Ktemplate argument 1 is invalid
[1.364s]    13 |     [01;31m[KRCLCPP_INFO[m[K(node_->get_logger(), "Updating system with input data...");
[1.364s]       |     [01;31m[K^~~~~~~~~~~[m[K
[1.364s] [01m[K/home/user/qiaoyin/src/whl_system/src/wheelloong_system.cpp:13:5:[m[K [01;31m[Kerror: [m[Ktemplate argument 1 is invalid
[1.364s]    13 |     [01;31m[KRCLCPP_INFO[m[K(node_->get_logger(), "Updating system with input data...");
[1.364s]       |     [01;31m[K^~~~~~~~~~~[m[K
[1.364s] [01m[K/home/user/qiaoyin/src/whl_system/src/wheelloong_system.cpp:[m[K At global scope:
[1.364s] [01m[K/home/user/qiaoyin/src/whl_system/src/wheelloong_system.cpp:16:6:[m[K [01;31m[Kerror: [m[Kâ€˜[01m[KWheelloongSystem[m[Kâ€™ has not been declared
[1.364s]    16 | void [01;31m[KWheelloongSystem[m[K::work()
[1.364s]       |      [01;31m[K^~~~~~~~~~~~~~~~[m[K
[1.365s] In file included from [01m[K/opt/ros/humble/include/rclcpp/rclcpp/client.hpp:40[m[K,
[1.365s]                  from [01m[K/opt/ros/humble/include/rclcpp/rclcpp/callback_group.hpp:24[m[K,
[1.365s]                  from [01m[K/opt/ros/humble/include/rclcpp/rclcpp/any_executable.hpp:20[m[K,
[1.365s]                  from [01m[K/opt/ros/humble/include/rclcpp/rclcpp/memory_strategy.hpp:25[m[K,
[1.365s]                  from [01m[K/opt/ros/humble/include/rclcpp/rclcpp/memory_strategies.hpp:18[m[K,
[1.365s]                  from [01m[K/opt/ros/humble/include/rclcpp/rclcpp/executor_options.hpp:20[m[K,
[1.365s]                  from [01m[K/opt/ros/humble/include/rclcpp/rclcpp/executor.hpp:37[m[K,
[1.365s]                  from [01m[K/opt/ros/humble/include/rclcpp/rclcpp/executors/multi_threaded_executor.hpp:25[m[K,
[1.366s]                  from [01m[K/opt/ros/humble/include/rclcpp/rclcpp/executors.hpp:21[m[K,
[1.366s]                  from [01m[K/opt/ros/humble/include/rclcpp/rclcpp/rclcpp.hpp:155[m[K,
[1.366s]                  from [01m[K/home/user/qiaoyin/src/whl_system/src/wheelloong_system.h:3[m[K,
[1.366s]                  from [01m[K/home/user/qiaoyin/src/whl_system/src/wheelloong_system.cpp:1[m[K:
[1.366s] [01m[K/home/user/qiaoyin/src/whl_system/src/wheelloong_system.cpp:[m[K In function â€˜[01m[Kvoid work()[m[Kâ€™:
[1.366s] [01m[K/home/user/qiaoyin/src/whl_system/src/wheelloong_system.cpp:19:17:[m[K [01;31m[Kerror: [m[Kâ€˜[01m[Knode_[m[Kâ€™ was not declared in this scope; did you mean â€˜[01m[Kmode_t[m[Kâ€™?
[1.366s]    19 |     RCLCPP_INFO([01;31m[Knode_[m[K->get_logger(), "Working on the updated data...");
[1.366s]       |                 [01;31m[K^~~~~[m[K
[1.366s] [01m[K/home/user/qiaoyin/src/whl_system/src/wheelloong_system.cpp:19:5:[m[K [01;31m[Kerror: [m[Ktemplate argument 1 is invalid
[1.366s]    19 |     [01;31m[KRCLCPP_INFO[m[K(node_->get_logger(), "Working on the updated data...");
[1.366s]       |     [01;31m[K^~~~~~~~~~~[m[K
[1.366s] [01m[K/home/user/qiaoyin/src/whl_system/src/wheelloong_system.cpp:19:5:[m[K [01;31m[Kerror: [m[Ktemplate argument 1 is invalid
[1.366s]    19 |     [01;31m[KRCLCPP_INFO[m[K(node_->get_logger(), "Working on the updated data...");
[1.366s]       |     [01;31m[K^~~~~~~~~~~[m[K
[1.366s] [01m[K/home/user/qiaoyin/src/whl_system/src/wheelloong_system.cpp:19:5:[m[K [01;31m[Kerror: [m[Ktemplate argument 1 is invalid
[1.366s]    19 |     [01;31m[KRCLCPP_INFO[m[K(node_->get_logger(), "Working on the updated data...");
[1.366s]       |     [01;31m[K^~~~~~~~~~~[m[K
[1.366s] [01m[K/home/user/qiaoyin/src/whl_system/src/wheelloong_system.cpp:[m[K At global scope:
[1.366s] [01m[K/home/user/qiaoyin/src/whl_system/src/wheelloong_system.cpp:22:6:[m[K [01;31m[Kerror: [m[Kâ€˜[01m[KWheelloongSystem[m[Kâ€™ has not been declared
[1.366s]    22 | void [01;31m[KWheelloongSystem[m[K::dwdate()
[1.366s]       |      [01;31m[K^~~~~~~~~~~~~~~~[m[K
[1.367s] In file included from [01m[K/opt/ros/humble/include/rclcpp/rclcpp/client.hpp:40[m[K,
[1.367s]                  from [01m[K/opt/ros/humble/include/rclcpp/rclcpp/callback_group.hpp:24[m[K,
[1.367s]                  from [01m[K/opt/ros/humble/include/rclcpp/rclcpp/any_executable.hpp:20[m[K,
[1.367s]                  from [01m[K/opt/ros/humble/include/rclcpp/rclcpp/memory_strategy.hpp:25[m[K,
[1.367s]                  from [01m[K/opt/ros/humble/include/rclcpp/rclcpp/memory_strategies.hpp:18[m[K,
[1.367s]                  from [01m[K/opt/ros/humble/include/rclcpp/rclcpp/executor_options.hpp:20[m[K,
[1.367s]                  from [01m[K/opt/ros/humble/include/rclcpp/rclcpp/executor.hpp:37[m[K,
[1.367s]                  from [01m[K/opt/ros/humble/include/rclcpp/rclcpp/executors/multi_threaded_executor.hpp:25[m[K,
[1.367s]                  from [01m[K/opt/ros/humble/include/rclcpp/rclcpp/executors.hpp:21[m[K,
[1.367s]                  from [01m[K/opt/ros/humble/include/rclcpp/rclcpp/rclcpp.hpp:155[m[K,
[1.367s]                  from [01m[K/home/user/qiaoyin/src/whl_system/src/wheelloong_system.h:3[m[K,
[1.367s]                  from [01m[K/home/user/qiaoyin/src/whl_system/src/wheelloong_system.cpp:1[m[K:
[1.367s] [01m[K/home/user/qiaoyin/src/whl_system/src/wheelloong_system.cpp:[m[K In function â€˜[01m[Kvoid dwdate()[m[Kâ€™:
[1.367s] [01m[K/home/user/qiaoyin/src/whl_system/src/wheelloong_system.cpp:25:17:[m[K [01;31m[Kerror: [m[Kâ€˜[01m[Knode_[m[Kâ€™ was not declared in this scope; did you mean â€˜[01m[Kmode_t[m[Kâ€™?
[1.367s]    25 |     RCLCPP_INFO([01;31m[Knode_[m[K->get_logger(), "Performing another update operation...");
[1.367s]       |                 [01;31m[K^~~~~[m[K
[1.368s] [01m[K/home/user/qiaoyin/src/whl_system/src/wheelloong_system.cpp:25:5:[m[K [01;31m[Kerror: [m[Ktemplate argument 1 is invalid
[1.368s]    25 |     [01;31m[KRCLCPP_INFO[m[K(node_->get_logger(), "Performing another update operation...");
[1.368s]       |     [01;31m[K^~~~~~~~~~~[m[K
[1.368s] [01m[K/home/user/qiaoyin/src/whl_system/src/wheelloong_system.cpp:25:5:[m[K [01;31m[Kerror: [m[Ktemplate argument 1 is invalid
[1.368s]    25 |     [01;31m[KRCLCPP_INFO[m[K(node_->get_logger(), "Performing another update operation...");
[1.368s]       |     [01;31m[K^~~~~~~~~~~[m[K
[1.368s] [01m[K/home/user/qiaoyin/src/whl_system/src/wheelloong_system.cpp:25:5:[m[K [01;31m[Kerror: [m[Ktemplate argument 1 is invalid
[1.368s]    25 |     [01;31m[KRCLCPP_INFO[m[K(node_->get_logger(), "Performing another update operation...");
[1.368s]       |     [01;31m[K^~~~~~~~~~~[m[K
[1.368s] [01m[K/home/user/qiaoyin/src/whl_system/src/wheelloong_system.cpp:[m[K At global scope:
[1.368s] [01m[K/home/user/qiaoyin/src/whl_system/src/wheelloong_system.cpp:28:6:[m[K [01;31m[Kerror: [m[Kâ€˜[01m[KWheelloongSystem[m[Kâ€™ has not been declared
[1.368s]    28 | void [01;31m[KWheelloongSystem[m[K::run() {
[1.368s]       |      [01;31m[K^~~~~~~~~~~~~~~~[m[K
[1.369s] [01m[K/home/user/qiaoyin/src/whl_system/src/wheelloong_system.cpp:[m[K In function â€˜[01m[Kvoid run()[m[Kâ€™:
[1.369s] [01m[K/home/user/qiaoyin/src/whl_system/src/wheelloong_system.cpp:29:18:[m[K [01;31m[Kerror: [m[Kâ€˜[01m[Knode_[m[Kâ€™ was not declared in this scope; did you mean â€˜[01m[Kmode_t[m[Kâ€™?
[1.369s]    29 |     rclcpp::spin([01;31m[Knode_[m[K);  // é˜»å¡å¼è¿è¡Œï¼Œå¤„ç†æœåŠ¡è¯·æ±‚
[1.369s]       |                  [01;31m[K^~~~~[m[K
[1.369s]       |                  [32m[Kmode_t[m[K
[1.602s] gmake[2]: *** [CMakeFiles/wheelloong_system_node.dir/build.make:104ï¼šCMakeFiles/wheelloong_system_node.dir/src/wheelloong_system.cpp.o] é”™è¯¯ 1
[1.602s] gmake[1]: *** [CMakeFiles/Makefile2:593ï¼šCMakeFiles/wheelloong_system_node.dir/all] é”™è¯¯ 2
[1.602s] gmake: *** [Makefile:146ï¼šall] é”™è¯¯ 2
