[0.010s] Invoking command in '/home/user/qiaoyin/build/driver': CMAKE_PREFIX_PATH=/opt/ros/humble /usr/bin/cmake --build /home/user/qiaoyin/build/driver -- -j24 -l24
[0.028s] -- Found ament_cmake: 1.3.11 (/opt/ros/humble/share/ament_cmake/cmake)
[0.116s] -- Found rclcpp: 16.0.12 (/opt/ros/humble/share/rclcpp/cmake)
[0.136s] -- Found rosidl_generator_c: 3.1.6 (/opt/ros/humble/share/rosidl_generator_c/cmake)
[0.138s] -- Found rosidl_adapter: 3.1.6 (/opt/ros/humble/share/rosidl_adapter/cmake)
[0.142s] -- Found rosidl_generator_cpp: 3.1.6 (/opt/ros/humble/share/rosidl_generator_cpp/cmake)
[0.148s] -- Using all available rosidl_typesupport_c: rosidl_typesupport_fastrtps_c;rosidl_typesupport_introspection_c
[0.156s] -- Using all available rosidl_typesupport_cpp: rosidl_typesupport_fastrtps_cpp;rosidl_typesupport_introspection_cpp
[0.176s] -- Found rmw_implementation_cmake: 6.1.2 (/opt/ros/humble/share/rmw_implementation_cmake/cmake)
[0.176s] -- Found rmw_fastrtps_cpp: 6.2.7 (/opt/ros/humble/share/rmw_fastrtps_cpp/cmake)
[0.237s] -- Using RMW implementation 'rmw_fastrtps_cpp' as default
[0.265s] -- Found rosidl_default_generators: 1.2.0 (/opt/ros/humble/share/rosidl_default_generators/cmake)
[0.433s] -- Found ament_cmake_ros: 0.10.0 (/opt/ros/humble/share/ament_cmake_ros/cmake)
[0.631s] -- Using all available rosidl_typesupport_c: rosidl_typesupport_fastrtps_c;rosidl_typesupport_introspection_c
[0.715s] -- Using all available rosidl_typesupport_cpp: rosidl_typesupport_fastrtps_cpp;rosidl_typesupport_introspection_cpp
[0.729s] -- Found python_cmake_module: 0.10.0 (/opt/ros/humble/share/python_cmake_module/cmake)
[0.744s] -- Using PYTHON_EXECUTABLE: /usr/bin/python3
[0.744s] -- Using PYTHON_INCLUDE_DIRS: /usr/include/python3.10
[0.744s] -- Using PYTHON_LIBRARIES: /usr/lib/x86_64-linux-gnu/libpython3.10.so
[0.751s] -- Found source files: /home/user/qiaoyin/src/driver/src/arm_driver_node.cpp;/home/user/qiaoyin/src/driver/src/jaka.cpp
[0.751s] -- Found ament_lint_auto: 0.12.12 (/opt/ros/humble/share/ament_lint_auto/cmake)
[0.756s] -- Added test 'cppcheck' to perform static code analysis on C / C++ code
[0.757s] -- Configured cppcheck include dirs: /home/user/qiaoyin/src/driver/include;/home/user/qiaoyin/src/driver/include/driver
[0.757s] -- Configured cppcheck exclude dirs and/or files: 
[0.757s] -- Added test 'lint_cmake' to check CMake code style
[0.758s] -- Added test 'uncrustify' to check C / C++ code style
[0.758s] -- Configured uncrustify additional arguments: 
[0.758s] -- Added test 'xmllint' to check XML markup files
[0.759s] -- Configuring done
[0.783s] -- Generating done
[0.793s] -- Build files have been written to: /home/user/qiaoyin/build/driver
[0.814s] [35m[1mConsolidate compiler generated dependencies of target driver__rosidl_generator_c[0m
[0.821s] [  1%] Built target driver__cpp
[0.825s] [ 12%] Built target driver__rosidl_generator_c
[0.827s] [35m[1mConsolidate compiler generated dependencies of target driver__rosidl_typesupport_cpp[0m
[0.828s] [ 12%] Built target ament_cmake_python_copy_driver
[0.828s] [35m[1mConsolidate compiler generated dependencies of target driver__rosidl_typesupport_introspection_cpp[0m
[0.830s] [35m[1mConsolidate compiler generated dependencies of target driver__rosidl_typesupport_fastrtps_cpp[0m
[0.832s] [35m[1mConsolidate compiler generated dependencies of target driver__rosidl_typesupport_c[0m
[0.833s] [35m[1mConsolidate compiler generated dependencies of target driver__rosidl_typesupport_fastrtps_c[0m
[0.834s] [35m[1mConsolidate compiler generated dependencies of target driver__rosidl_typesupport_introspection_c[0m
[0.839s] [ 22%] Built target driver__rosidl_typesupport_cpp
[0.839s] [ 33%] Built target driver__rosidl_typesupport_introspection_cpp
[0.840s] [ 43%] Built target driver__rosidl_typesupport_fastrtps_cpp
[0.841s] [ 54%] Built target driver__rosidl_typesupport_c
[0.843s] [ 65%] Built target driver__rosidl_typesupport_fastrtps_c
[0.844s] [ 75%] Built target driver__rosidl_typesupport_introspection_c
[0.846s] [35m[1mConsolidate compiler generated dependencies of target arm_driver_node[0m
[0.854s] [ 77%] [32mBuilding CXX object CMakeFiles/arm_driver_node.dir/src/arm_driver_node.cpp.o[0m
[0.858s] [ 77%] Built target driver
[0.873s] [ 78%] Built target driver__py
[0.880s] [35m[1mConsolidate compiler generated dependencies of target driver__rosidl_generator_py[0m
[0.891s] [ 87%] Built target driver__rosidl_generator_py
[0.900s] [35m[1mConsolidate compiler generated dependencies of target driver__rosidl_typesupport_introspection_c__pyext[0m
[0.900s] [35m[1mConsolidate compiler generated dependencies of target driver__rosidl_typesupport_fastrtps_c__pyext[0m
[0.900s] [35m[1mConsolidate compiler generated dependencies of target driver__rosidl_typesupport_c__pyext[0m
[0.909s] [ 90%] Built target driver__rosidl_typesupport_introspection_c__pyext
[0.910s] [ 96%] Built target driver__rosidl_typesupport_c__pyext
[0.910s] [ 96%] Built target driver__rosidl_typesupport_fastrtps_c__pyext
[0.974s] running egg_info
[0.974s] writing driver.egg-info/PKG-INFO
[0.974s] writing dependency_links to driver.egg-info/dependency_links.txt
[0.974s] writing top-level names to driver.egg-info/top_level.txt
[0.975s] reading manifest file 'driver.egg-info/SOURCES.txt'
[0.976s] writing manifest file 'driver.egg-info/SOURCES.txt'
[0.994s] [ 96%] Built target ament_cmake_python_build_driver_egg
[1.069s] [01m[K/home/user/qiaoyin/src/driver/src/arm_driver_node.cpp:[m[K In function â€˜[01m[Kint main(int, char**)[m[Kâ€™:
[1.069s] [01m[K/home/user/qiaoyin/src/driver/src/arm_driver_node.cpp:4:5:[m[K [01;31m[Kerror: [m[Kâ€˜[01m[Krclcpp[m[Kâ€™ has not been declared
[1.069s]     4 |     [01;31m[Krclcpp[m[K::init(argc, argv);
[1.069s]       |     [01;31m[K^~~~~~[m[K
[1.069s] [01m[K/home/user/qiaoyin/src/driver/src/arm_driver_node.cpp:7:5:[m[K [01;31m[Kerror: [m[Kâ€˜[01m[Krclcpp[m[Kâ€™ has not been declared
[1.069s]     7 |     [01;31m[Krclcpp[m[K::spin_some(rclcpp::Node::make_shared("arm_driver_node"));
[1.069s]       |     [01;31m[K^~~~~~[m[K
[1.070s] [01m[K/home/user/qiaoyin/src/driver/src/arm_driver_node.cpp:7:23:[m[K [01;31m[Kerror: [m[Kâ€˜[01m[Krclcpp[m[Kâ€™ has not been declared
[1.070s]     7 |     rclcpp::spin_some([01;31m[Krclcpp[m[K::Node::make_shared("arm_driver_node"));
[1.070s]       |                       [01;31m[K^~~~~~[m[K
[1.070s] [01m[K/home/user/qiaoyin/src/driver/src/arm_driver_node.cpp:8:5:[m[K [01;31m[Kerror: [m[Kâ€˜[01m[Krclcpp[m[Kâ€™ has not been declared
[1.070s]     8 |     [01;31m[Krclcpp[m[K::spin(system);
[1.070s]       |     [01;31m[K^~~~~~[m[K
[1.070s] [01m[K/home/user/qiaoyin/src/driver/src/arm_driver_node.cpp:9:5:[m[K [01;31m[Kerror: [m[Kâ€˜[01m[Krclcpp[m[Kâ€™ has not been declared
[1.070s]     9 |     [01;31m[Krclcpp[m[K::shutdown();
[1.070s]       |     [01;31m[K^~~~~~[m[K
[1.105s] gmake[2]: *** [CMakeFiles/arm_driver_node.dir/build.make:76ï¼šCMakeFiles/arm_driver_node.dir/src/arm_driver_node.cpp.o] é”™è¯¯ 1
[1.105s] gmake[1]: *** [CMakeFiles/Makefile2:593ï¼šCMakeFiles/arm_driver_node.dir/all] é”™è¯¯ 2
[1.105s] gmake: *** [Makefile:146ï¼šall] é”™è¯¯ 2
[1.106s] Invoked command in '/home/user/qiaoyin/build/driver' returned '2': CMAKE_PREFIX_PATH=/opt/ros/humble /usr/bin/cmake --build /home/user/qiaoyin/build/driver -- -j24 -l24
