[0.009s] Invoking command in '/home/user/qiaoyin/build/driver': CMAKE_PREFIX_PATH=/opt/ros/humble /usr/bin/cmake --build /home/user/qiaoyin/build/driver -- -j24 -l24
[0.038s] [35m[1mConsolidate compiler generated dependencies of target driver__rosidl_generator_c[0m
[0.044s] [  1%] Built target driver__cpp
[0.047s] [ 11%] Built target driver__rosidl_generator_c
[0.051s] [ 11%] Built target ament_cmake_python_copy_driver
[0.053s] [35m[1mConsolidate compiler generated dependencies of target driver__rosidl_typesupport_introspection_cpp[0m
[0.053s] [35m[1mConsolidate compiler generated dependencies of target driver__rosidl_typesupport_fastrtps_cpp[0m
[0.053s] [35m[1mConsolidate compiler generated dependencies of target driver__rosidl_typesupport_c[0m
[0.053s] [35m[1mConsolidate compiler generated dependencies of target driver__rosidl_typesupport_cpp[0m
[0.055s] [35m[1mConsolidate compiler generated dependencies of target driver__rosidl_typesupport_introspection_c[0m
[0.058s] [35m[1mConsolidate compiler generated dependencies of target driver__rosidl_typesupport_fastrtps_c[0m
[0.059s] [ 22%] Built target driver__rosidl_typesupport_c
[0.062s] [ 43%] Built target driver__rosidl_typesupport_introspection_cpp
[0.062s] [ 43%] Built target driver__rosidl_typesupport_cpp
[0.063s] [ 53%] Built target driver__rosidl_typesupport_fastrtps_cpp
[0.064s] [ 64%] Built target driver__rosidl_typesupport_introspection_c
[0.069s] [ 74%] Built target driver__rosidl_typesupport_fastrtps_c
[0.071s] [35m[1mConsolidate compiler generated dependencies of target arm_driver_node[0m
[0.084s] [ 74%] Built target driver
[0.084s] [ 76%] [32mBuilding CXX object CMakeFiles/arm_driver_node.dir/src/main.cpp.o[0m
[0.084s] [ 77%] [32mBuilding CXX object CMakeFiles/arm_driver_node.dir/src/arm_driver_node.cpp.o[0m
[0.099s] [ 79%] Built target driver__py
[0.108s] [35m[1mConsolidate compiler generated dependencies of target driver__rosidl_generator_py[0m
[0.121s] [ 88%] Built target driver__rosidl_generator_py
[0.130s] [35m[1mConsolidate compiler generated dependencies of target driver__rosidl_typesupport_introspection_c__pyext[0m
[0.131s] [35m[1mConsolidate compiler generated dependencies of target driver__rosidl_typesupport_fastrtps_c__pyext[0m
[0.131s] [35m[1mConsolidate compiler generated dependencies of target driver__rosidl_typesupport_c__pyext[0m
[0.140s] [ 94%] Built target driver__rosidl_typesupport_c__pyext
[0.140s] [ 94%] Built target driver__rosidl_typesupport_introspection_c__pyext
[0.140s] [ 97%] Built target driver__rosidl_typesupport_fastrtps_c__pyext
[0.163s] In file included from [01m[K/home/user/qiaoyin/src/driver/src/arm_driver_node.cpp:1[m[K:
[0.163s] [01m[K/home/user/qiaoyin/src/driver/src/arm_driver_node.h:7:10:[m[K [01;31m[Kfatal error: [m[Kdriver/srv/arm_enable.hpp: æ²¡æœ‰é‚£ä¸ªæ–‡ä»¶æˆ–ç›®å½•
[0.163s]     7 | #include [01;31m[K"driver/srv/arm_enable.hpp"[m[K
[0.163s]       |          [01;31m[K^~~~~~~~~~~~~~~~~~~~~~~~~~~[m[K
[0.163s] compilation terminated.
[0.164s] gmake[2]: *** [CMakeFiles/arm_driver_node.dir/build.make:76ï¼šCMakeFiles/arm_driver_node.dir/src/arm_driver_node.cpp.o] é”™è¯¯ 1
[0.164s] gmake[2]: *** æ­£åœ¨ç­‰å¾…æœªå®Œæˆçš„ä»»åŠ¡....
[0.202s] running egg_info
[0.202s] writing driver.egg-info/PKG-INFO
[0.202s] writing dependency_links to driver.egg-info/dependency_links.txt
[0.202s] writing top-level names to driver.egg-info/top_level.txt
[0.204s] reading manifest file 'driver.egg-info/SOURCES.txt'
[0.204s] writing manifest file 'driver.egg-info/SOURCES.txt'
[0.215s] In file included from [01m[K/home/user/qiaoyin/src/driver/src/main.cpp:2[m[K:
[0.215s] [01m[K/home/user/qiaoyin/src/driver/src/arm_driver_node.h:7:10:[m[K [01;31m[Kfatal error: [m[Kdriver/srv/arm_enable.hpp: æ²¡æœ‰é‚£ä¸ªæ–‡ä»¶æˆ–ç›®å½•
[0.216s]     7 | #include [01;31m[K"driver/srv/arm_enable.hpp"[m[K
[0.216s]       |          [01;31m[K^~~~~~~~~~~~~~~~~~~~~~~~~~~[m[K
[0.216s] compilation terminated.
[0.217s] gmake[2]: *** [CMakeFiles/arm_driver_node.dir/build.make:104ï¼šCMakeFiles/arm_driver_node.dir/src/main.cpp.o] é”™è¯¯ 1
[0.217s] gmake[1]: *** [CMakeFiles/Makefile2:593ï¼šCMakeFiles/arm_driver_node.dir/all] é”™è¯¯ 2
[0.218s] gmake[1]: *** æ­£åœ¨ç­‰å¾…æœªå®Œæˆçš„ä»»åŠ¡....
[0.221s] [ 97%] Built target ament_cmake_python_build_driver_egg
[0.222s] gmake: *** [Makefile:146ï¼šall] é”™è¯¯ 2
[0.223s] Invoked command in '/home/user/qiaoyin/build/driver' returned '2': CMAKE_PREFIX_PATH=/opt/ros/humble /usr/bin/cmake --build /home/user/qiaoyin/build/driver -- -j24 -l24
