[0.007s] Invoking command in '/home/user/qiaoyin/build/whl_system': CMAKE_PREFIX_PATH=/opt/ros/humble /usr/bin/cmake --build /home/user/qiaoyin/build/whl_system -- -j24 -l24
[0.023s] -- Found ament_cmake: 1.3.11 (/opt/ros/humble/share/ament_cmake/cmake)
[0.103s] -- Found rclcpp: 16.0.12 (/opt/ros/humble/share/rclcpp/cmake)
[0.121s] -- Found rosidl_generator_c: 3.1.6 (/opt/ros/humble/share/rosidl_generator_c/cmake)
[0.122s] -- Found rosidl_adapter: 3.1.6 (/opt/ros/humble/share/rosidl_adapter/cmake)
[0.126s] -- Found rosidl_generator_cpp: 3.1.6 (/opt/ros/humble/share/rosidl_generator_cpp/cmake)
[0.132s] -- Using all available rosidl_typesupport_c: rosidl_typesupport_fastrtps_c;rosidl_typesupport_introspection_c
[0.139s] -- Using all available rosidl_typesupport_cpp: rosidl_typesupport_fastrtps_cpp;rosidl_typesupport_introspection_cpp
[0.159s] -- Found rmw_implementation_cmake: 6.1.2 (/opt/ros/humble/share/rmw_implementation_cmake/cmake)
[0.159s] -- Found rmw_fastrtps_cpp: 6.2.7 (/opt/ros/humble/share/rmw_fastrtps_cpp/cmake)
[0.224s] -- Using RMW implementation 'rmw_fastrtps_cpp' as default
[0.252s] -- Found rosidl_default_generators: 1.2.0 (/opt/ros/humble/share/rosidl_default_generators/cmake)
[0.413s] -- Found ament_cmake_ros: 0.10.0 (/opt/ros/humble/share/ament_cmake_ros/cmake)
[0.601s] -- Using all available rosidl_typesupport_c: rosidl_typesupport_fastrtps_c;rosidl_typesupport_introspection_c
[0.672s] -- Using all available rosidl_typesupport_cpp: rosidl_typesupport_fastrtps_cpp;rosidl_typesupport_introspection_cpp
[0.685s] -- Found python_cmake_module: 0.10.0 (/opt/ros/humble/share/python_cmake_module/cmake)
[0.698s] -- Using PYTHON_EXECUTABLE: /usr/bin/python3
[0.698s] -- Using PYTHON_INCLUDE_DIRS: /usr/include/python3.10
[0.699s] -- Using PYTHON_LIBRARIES: /usr/lib/x86_64-linux-gnu/libpython3.10.so
[0.705s] -- Found ament_lint_auto: 0.12.12 (/opt/ros/humble/share/ament_lint_auto/cmake)
[0.710s] -- Added test 'cppcheck' to perform static code analysis on C / C++ code
[0.710s] -- Configured cppcheck include dirs: 
[0.710s] -- Configured cppcheck exclude dirs and/or files: 
[0.710s] -- Added test 'lint_cmake' to check CMake code style
[0.711s] -- Added test 'uncrustify' to check C / C++ code style
[0.711s] -- Configured uncrustify additional arguments: 
[0.711s] -- Added test 'xmllint' to check XML markup files
[0.712s] -- Configuring done
[0.731s] -- Generating done
[0.738s] -- Build files have been written to: /home/user/qiaoyin/build/whl_system
[0.756s] [35m[1mConsolidate compiler generated dependencies of target whl_system__rosidl_generator_c[0m
[0.763s] [  2%] Built target whl_system__cpp
[0.764s] [ 12%] Built target whl_system__rosidl_generator_c
[0.769s] [ 12%] Built target ament_cmake_python_copy_whl_system
[0.769s] [35m[1mConsolidate compiler generated dependencies of target whl_system__rosidl_typesupport_introspection_cpp[0m
[0.770s] [35m[1mConsolidate compiler generated dependencies of target whl_system__rosidl_typesupport_introspection_c[0m
[0.770s] [35m[1mConsolidate compiler generated dependencies of target whl_system__rosidl_typesupport_c[0m
[0.770s] [35m[1mConsolidate compiler generated dependencies of target whl_system__rosidl_typesupport_cpp[0m
[0.771s] [35m[1mConsolidate compiler generated dependencies of target whl_system__rosidl_typesupport_fastrtps_cpp[0m
[0.772s] [35m[1mConsolidate compiler generated dependencies of target whl_system__rosidl_typesupport_fastrtps_c[0m
[0.776s] [ 22%] Built target whl_system__rosidl_typesupport_c
[0.776s] [ 32%] Built target whl_system__rosidl_typesupport_introspection_cpp
[0.777s] [ 42%] Built target whl_system__rosidl_typesupport_introspection_c
[0.779s] [ 53%] Built target whl_system__rosidl_typesupport_cpp
[0.780s] [ 63%] Built target whl_system__rosidl_typesupport_fastrtps_c
[0.782s] [ 73%] Built target whl_system__rosidl_typesupport_fastrtps_cpp
[0.786s] [35m[1mConsolidate compiler generated dependencies of target wheelloong_system_node[0m
[0.794s] [ 73%] Built target whl_system
[0.795s] [ 75%] [32m[1mLinking CXX executable wheelloong_system_node[0m
[0.807s] [ 77%] Built target whl_system__py
[0.814s] [35m[1mConsolidate compiler generated dependencies of target whl_system__rosidl_generator_py[0m
[0.823s] [ 85%] Built target whl_system__rosidl_generator_py
[0.831s] [35m[1mConsolidate compiler generated dependencies of target whl_system__rosidl_typesupport_introspection_c__pyext[0m
[0.831s] [35m[1mConsolidate compiler generated dependencies of target whl_system__rosidl_typesupport_fastrtps_c__pyext[0m
[0.831s] [35m[1mConsolidate compiler generated dependencies of target whl_system__rosidl_typesupport_c__pyext[0m
[0.840s] [ 91%] Built target whl_system__rosidl_typesupport_fastrtps_c__pyext
[0.841s] [ 93%] Built target whl_system__rosidl_typesupport_introspection_c__pyext
[0.841s] [ 97%] Built target whl_system__rosidl_typesupport_c__pyext
[0.854s] /usr/bin/ld: CMakeFiles/wheelloong_system_node.dir/src/main.cpp.o: in function `main':
[0.854s] main.cpp:(.text+0x98): undefined reference to `WheelloongSystem::WheelloongSystem()'
[0.854s] /usr/bin/ld: main.cpp:(.text+0xa7): undefined reference to `WheelloongSystem::run()'
[0.854s] /usr/bin/ld: main.cpp:(.text+0x13b): undefined reference to `WheelloongSystem::~WheelloongSystem()'
[0.854s] /usr/bin/ld: main.cpp:(.text+0x1c2): undefined reference to `WheelloongSystem::~WheelloongSystem()'
[0.857s] collect2: error: ld returned 1 exit status
[0.858s] gmake[2]: *** [CMakeFiles/wheelloong_system_node.dir/build.make:159Ôºöwheelloong_system_node] ÈîôËØØ 1
[0.858s] gmake[1]: *** [CMakeFiles/Makefile2:593ÔºöCMakeFiles/wheelloong_system_node.dir/all] ÈîôËØØ 2
[0.858s] gmake[1]: *** Ê≠£Âú®Á≠âÂæÖÊú™ÂÆåÊàêÁöÑ‰ªªÂä°....
[0.913s] running egg_info
[0.914s] writing whl_system.egg-info/PKG-INFO
[0.914s] writing dependency_links to whl_system.egg-info/dependency_links.txt
[0.914s] writing top-level names to whl_system.egg-info/top_level.txt
[0.915s] reading manifest file 'whl_system.egg-info/SOURCES.txt'
[0.916s] writing manifest file 'whl_system.egg-info/SOURCES.txt'
[0.932s] [ 97%] Built target ament_cmake_python_build_whl_system_egg
[0.933s] gmake: *** [Makefile:146Ôºöall] ÈîôËØØ 2
[0.935s] Invoked command in '/home/user/qiaoyin/build/whl_system' returned '2': CMAKE_PREFIX_PATH=/opt/ros/humble /usr/bin/cmake --build /home/user/qiaoyin/build/whl_system -- -j24 -l24
