[01m[K/home/user/qiaoyin/src/driver/src/arm_driver_node.cpp:[m[K In member function â€˜[01m[Kvoid ArmDriverNode::handle_arm_enable(std::shared_ptr<driver::srv::ArmEnable_Request_<std::allocator<void> > >, std::shared_ptr<driver::srv::ArmEnable_Response_<std::allocator<void> > >)[m[Kâ€™:
[01m[K/home/user/qiaoyin/src/driver/src/arm_driver_node.cpp:120:14:[m[K [01;31m[Kerror: [m[Kâ€˜[01m[Kclass std::shared_ptr<driver::srv::ArmEnable_Response_<std::allocator<void> > >[m[Kâ€™ has no member named â€˜[01m[Ksuccess[m[Kâ€™
  120 |     response.[01;31m[Ksuccess[m[K = res;
      |              [01;31m[K^~~~~~~[m[K
gmake[2]: *** [CMakeFiles/arm_driver_node.dir/build.make:76ï¼šCMakeFiles/arm_driver_node.dir/src/arm_driver_node.cpp.o] é”™è¯¯ 1
gmake[1]: *** [CMakeFiles/Makefile2:593ï¼šCMakeFiles/arm_driver_node.dir/all] é”™è¯¯ 2
gmake: *** [Makefile:146ï¼šall] é”™è¯¯ 2
