-- Found ament_cmake: 1.3.11 (/opt/ros/humble/share/ament_cmake/cmake)
-- Found rclcpp: 16.0.12 (/opt/ros/humble/share/rclcpp/cmake)
-- Found rosidl_generator_c: 3.1.6 (/opt/ros/humble/share/rosidl_generator_c/cmake)
-- Found rosidl_adapter: 3.1.6 (/opt/ros/humble/share/rosidl_adapter/cmake)
-- Found rosidl_generator_cpp: 3.1.6 (/opt/ros/humble/share/rosidl_generator_cpp/cmake)
-- Using all available rosidl_typesupport_c: rosidl_typesupport_fastrtps_c;rosidl_typesupport_introspection_c
-- Using all available rosidl_typesupport_cpp: rosidl_typesupport_fastrtps_cpp;rosidl_typesupport_introspection_cpp
-- Found rmw_implementation_cmake: 6.1.2 (/opt/ros/humble/share/rmw_implementation_cmake/cmake)
-- Found rmw_fastrtps_cpp: 6.2.7 (/opt/ros/humble/share/rmw_fastrtps_cpp/cmake)
-- Using RMW implementation 'rmw_fastrtps_cpp' as default
-- Found rosidl_default_generators: 1.2.0 (/opt/ros/humble/share/rosidl_default_generators/cmake)
-- Found ament_cmake_ros: 0.10.0 (/opt/ros/humble/share/ament_cmake_ros/cmake)
-- Using all available rosidl_typesupport_c: rosidl_typesupport_fastrtps_c;rosidl_typesupport_introspection_c
-- Using all available rosidl_typesupport_cpp: rosidl_typesupport_fastrtps_cpp;rosidl_typesupport_introspection_cpp
-- Found python_cmake_module: 0.10.0 (/opt/ros/humble/share/python_cmake_module/cmake)
-- Using PYTHON_EXECUTABLE: /usr/bin/python3
-- Using PYTHON_INCLUDE_DIRS: /usr/include/python3.10
-- Using PYTHON_LIBRARIES: /usr/lib/x86_64-linux-gnu/libpython3.10.so
-- Found source files: /home/user/qiaoyin/src/driver/src/jaka.cpp
-- Found ament_lint_auto: 0.12.12 (/opt/ros/humble/share/ament_lint_auto/cmake)
-- Added test 'cppcheck' to perform static code analysis on C / C++ code
-- Configured cppcheck include dirs: /home/user/qiaoyin/src/driver/include;/home/user/qiaoyin/src/driver/include/driver
-- Configured cppcheck exclude dirs and/or files: 
-- Added test 'lint_cmake' to check CMake code style
-- Added test 'uncrustify' to check C / C++ code style
-- Configured uncrustify additional arguments: 
-- Added test 'xmllint' to check XML markup files
-- Configuring done
-- Generating done
-- Build files have been written to: /home/user/qiaoyin/build/driver
[35m[1mConsolidate compiler generated dependencies of target driver__rosidl_generator_c[0m
[  1%] [32mBuilding C object CMakeFiles/driver__rosidl_generator_c.dir/rosidl_generator_c/driver/srv/detail/arm_set_cart__functions.c.o[0m
[  4%] [32mBuilding C object CMakeFiles/driver__rosidl_generator_c.dir/rosidl_generator_c/driver/msg/detail/arm_info__functions.c.o[0m
[  4%] [32mBuilding C object CMakeFiles/driver__rosidl_generator_c.dir/rosidl_generator_c/driver/msg/detail/gripper_info__functions.c.o[0m
[  7%] [32mBuilding C object CMakeFiles/driver__rosidl_generator_c.dir/rosidl_generator_c/driver/srv/detail/arm_set_joints__functions.c.o[0m
[  7%] Built target driver__cpp
[  9%] [32mBuilding C object CMakeFiles/driver__rosidl_generator_c.dir/rosidl_generator_c/driver/msg/detail/agv_info__functions.c.o[0m
[  9%] Built target ament_cmake_python_copy_driver
[35m[1mConsolidate compiler generated dependencies of target driver__rosidl_typesupport_introspection_cpp[0m
[35m[1mConsolidate compiler generated dependencies of target driver__rosidl_typesupport_cpp[0m
[35m[1mConsolidate compiler generated dependencies of target driver__rosidl_typesupport_fastrtps_cpp[0m
[ 10%] [32mBuilding CXX object CMakeFiles/driver__rosidl_typesupport_introspection_cpp.dir/rosidl_typesupport_introspection_cpp/driver/msg/detail/agv_info__type_support.cpp.o[0m
[ 12%] [32mBuilding CXX object CMakeFiles/driver__rosidl_typesupport_introspection_cpp.dir/rosidl_typesupport_introspection_cpp/driver/srv/detail/arm_set_cart__type_support.cpp.o[0m
[ 13%] [32mBuilding CXX object CMakeFiles/driver__rosidl_typesupport_introspection_cpp.dir/rosidl_typesupport_introspection_cpp/driver/srv/detail/arm_set_joints__type_support.cpp.o[0m
[ 16%] [32mBuilding CXX object CMakeFiles/driver__rosidl_typesupport_introspection_cpp.dir/rosidl_typesupport_introspection_cpp/driver/msg/detail/arm_info__type_support.cpp.o[0m
[ 16%] [32mBuilding CXX object CMakeFiles/driver__rosidl_typesupport_introspection_cpp.dir/rosidl_typesupport_introspection_cpp/driver/msg/detail/gripper_info__type_support.cpp.o[0m
[ 18%] [32mBuilding CXX object CMakeFiles/driver__rosidl_typesupport_cpp.dir/rosidl_typesupport_cpp/driver/srv/arm_set_cart__type_support.cpp.o[0m
[ 20%] [32mBuilding CXX object CMakeFiles/driver__rosidl_typesupport_cpp.dir/rosidl_typesupport_cpp/driver/srv/arm_set_joints__type_support.cpp.o[0m
[ 21%] [32mBuilding CXX object CMakeFiles/driver__rosidl_typesupport_cpp.dir/rosidl_typesupport_cpp/driver/msg/agv_info__type_support.cpp.o[0m
[ 24%] [32mBuilding CXX object CMakeFiles/driver__rosidl_typesupport_cpp.dir/rosidl_typesupport_cpp/driver/msg/arm_info__type_support.cpp.o[0m
[ 24%] [32mBuilding CXX object CMakeFiles/driver__rosidl_typesupport_cpp.dir/rosidl_typesupport_cpp/driver/msg/gripper_info__type_support.cpp.o[0m
[ 26%] [32mBuilding CXX object CMakeFiles/driver__rosidl_typesupport_fastrtps_cpp.dir/rosidl_typesupport_fastrtps_cpp/driver/srv/detail/dds_fastrtps/arm_set_joints__type_support.cpp.o[0m
[ 27%] [32mBuilding CXX object CMakeFiles/driver__rosidl_typesupport_fastrtps_cpp.dir/rosidl_typesupport_fastrtps_cpp/driver/srv/detail/dds_fastrtps/arm_set_cart__type_support.cpp.o[0m
[ 29%] [32mBuilding CXX object CMakeFiles/driver__rosidl_typesupport_fastrtps_cpp.dir/rosidl_typesupport_fastrtps_cpp/driver/msg/detail/dds_fastrtps/agv_info__type_support.cpp.o[0m
[ 30%] [32mBuilding CXX object CMakeFiles/driver__rosidl_typesupport_fastrtps_cpp.dir/rosidl_typesupport_fastrtps_cpp/driver/msg/detail/dds_fastrtps/arm_info__type_support.cpp.o[0m
[ 32%] [32mBuilding CXX object CMakeFiles/driver__rosidl_typesupport_fastrtps_cpp.dir/rosidl_typesupport_fastrtps_cpp/driver/msg/detail/dds_fastrtps/gripper_info__type_support.cpp.o[0m
[ 33%] [32m[1mLinking C shared library libdriver__rosidl_generator_c.so[0m
[ 35%] Built target driver__rosidl_generator_c
[35m[1mConsolidate compiler generated dependencies of target driver__rosidl_typesupport_c[0m
[35m[1mConsolidate compiler generated dependencies of target driver__rosidl_typesupport_introspection_c[0m
[35m[1mConsolidate compiler generated dependencies of target driver__rosidl_typesupport_fastrtps_c[0m
[ 36%] [32mBuilding C object CMakeFiles/driver__rosidl_typesupport_introspection_c.dir/rosidl_typesupport_introspection_c/driver/srv/detail/arm_set_cart__type_support.c.o[0m
[ 38%] [32mBuilding C object CMakeFiles/driver__rosidl_typesupport_introspection_c.dir/rosidl_typesupport_introspection_c/driver/srv/detail/arm_set_joints__type_support.c.o[0m
[ 40%] [32mBuilding C object CMakeFiles/driver__rosidl_typesupport_introspection_c.dir/rosidl_typesupport_introspection_c/driver/msg/detail/agv_info__type_support.c.o[0m
[ 41%] [32mBuilding CXX object CMakeFiles/driver__rosidl_typesupport_c.dir/rosidl_typesupport_c/driver/srv/arm_set_cart__type_support.cpp.o[0m
[ 43%] [32mBuilding CXX object CMakeFiles/driver__rosidl_typesupport_c.dir/rosidl_typesupport_c/driver/srv/arm_set_joints__type_support.cpp.o[0m
[ 44%] [32mBuilding C object CMakeFiles/driver__rosidl_typesupport_introspection_c.dir/rosidl_typesupport_introspection_c/driver/msg/detail/arm_info__type_support.c.o[0m
[ 46%] [32mBuilding CXX object CMakeFiles/driver__rosidl_typesupport_fastrtps_c.dir/rosidl_typesupport_fastrtps_c/driver/srv/detail/arm_set_cart__type_support_c.cpp.o[0m
[ 47%] [32mBuilding C object CMakeFiles/driver__rosidl_typesupport_introspection_c.dir/rosidl_typesupport_introspection_c/driver/msg/detail/gripper_info__type_support.c.o[0m
[ 49%] [32mBuilding CXX object CMakeFiles/driver__rosidl_typesupport_c.dir/rosidl_typesupport_c/driver/msg/arm_info__type_support.cpp.o[0m
[ 50%] [32mBuilding CXX object CMakeFiles/driver__rosidl_typesupport_c.dir/rosidl_typesupport_c/driver/msg/agv_info__type_support.cpp.o[0m
[ 52%] [32mBuilding CXX object CMakeFiles/driver__rosidl_typesupport_c.dir/rosidl_typesupport_c/driver/msg/gripper_info__type_support.cpp.o[0m
[ 53%] [32mBuilding CXX object CMakeFiles/driver__rosidl_typesupport_fastrtps_c.dir/rosidl_typesupport_fastrtps_c/driver/srv/detail/arm_set_joints__type_support_c.cpp.o[0m
[ 55%] [32mBuilding CXX object CMakeFiles/driver__rosidl_typesupport_fastrtps_c.dir/rosidl_typesupport_fastrtps_c/driver/msg/detail/agv_info__type_support_c.cpp.o[0m
[ 56%] [32m[1mLinking C shared library libdriver__rosidl_typesupport_introspection_c.so[0m
[ 58%] [32mBuilding CXX object CMakeFiles/driver__rosidl_typesupport_fastrtps_c.dir/rosidl_typesupport_fastrtps_c/driver/msg/detail/gripper_info__type_support_c.cpp.o[0m
[ 60%] [32mBuilding CXX object CMakeFiles/driver__rosidl_typesupport_fastrtps_c.dir/rosidl_typesupport_fastrtps_c/driver/msg/detail/arm_info__type_support_c.cpp.o[0m
[ 61%] [32m[1mLinking CXX shared library libdriver__rosidl_typesupport_c.so[0m
[ 63%] Built target driver__rosidl_typesupport_introspection_c
running egg_info
writing driver.egg-info/PKG-INFO
writing dependency_links to driver.egg-info/dependency_links.txt
writing top-level names to driver.egg-info/top_level.txt
reading manifest file 'driver.egg-info/SOURCES.txt'
writing manifest file 'driver.egg-info/SOURCES.txt'
[ 63%] Built target ament_cmake_python_build_driver_egg
[ 64%] Built target driver__rosidl_typesupport_c
[ 66%] [32m[1mLinking CXX shared library libdriver__rosidl_typesupport_cpp.so[0m
[ 67%] Built target driver__rosidl_typesupport_cpp
[ 69%] [32mBuilding CXX object CMakeFiles/arm_driver_node.dir/src/jaka.cpp.o[0m
[ 70%] [32m[1mLinking CXX shared library libdriver__rosidl_typesupport_fastrtps_cpp.so[0m
[ 72%] [32m[1mLinking CXX shared library libdriver__rosidl_typesupport_introspection_cpp.so[0m
[ 73%] [32m[1mLinking CXX shared library libdriver__rosidl_typesupport_fastrtps_c.so[0m
[ 75%] Built target driver__rosidl_typesupport_introspection_cpp
[ 76%] Built target driver__rosidl_typesupport_fastrtps_cpp
[ 78%] Built target driver__rosidl_typesupport_fastrtps_c
[ 78%] Built target driver
[ 80%] [34m[1mGenerating Python code for ROS interfaces[0m
In file included from [01m[K/home/user/qiaoyin/src/driver/src/jaka.cpp:1[m[K:
[01m[K/home/user/qiaoyin/src/driver/src/jaka.h:57:10:[m[K [01;31m[Kerror: [m[K‘[01m[Kbool JAKA::setJoint(const std::vector<float>&, const std::vector<float>&)[m[K’ marked ‘[01m[Koverride[m[K’, but does not override
   57 |     bool [01;31m[KsetJoint[m[K(const std::vector<float> &leftJPos, const std::vector<float> &rightJPos) override;
      |          [01;31m[K^~~~~~~~[m[K
[01m[K/home/user/qiaoyin/src/driver/src/jaka.h:64:10:[m[K [01;31m[Kerror: [m[K‘[01m[Kbool JAKA::setCartesian(const std::vector<float>&, const std::vector<float>&)[m[K’ marked ‘[01m[Koverride[m[K’, but does not override
   64 |     bool [01;31m[KsetCartesian[m[K(const std::vector<float> &leftCPos, const std::vector<float> &rightCPos) override;
      |          [01;31m[K^~~~~~~~~~~~[m[K
[01m[K/home/user/qiaoyin/src/driver/src/jaka.cpp:[m[K In member function ‘[01m[Kbool JAKA::setJoint(const std::vector<float>&, const std::vector<float>&)[m[K’:
[01m[K/home/user/qiaoyin/src/driver/src/jaka.cpp:100:27:[m[K [01;35m[Kwarning: [m[Kcomparison of integer expressions of different signedness: ‘[01m[Kint[m[K’ and ‘[01m[Kstd::vector<float>::size_type[m[K’ {aka ‘[01m[Klong unsigned int[m[K’} [[01;35m[K]8;;https://gcc.gnu.org/onlinedocs/gcc/Warning-Options.html#index-Wsign-compare-Wsign-compare]8;;[m[K]
  100 |         for (int j = 0; [01;35m[Kj < leftJPos.size()[m[K; j++)
      |                         [01;35m[K~~^~~~~~~~~~~~~~~~~[m[K
[01m[K/home/user/qiaoyin/src/driver/src/jaka.cpp:102:51:[m[K [01;31m[Kerror: [m[K‘[01m[Krad2deg[m[K’ was not declared in this scope
  102 |             jPos[0].jVal[j] = static_cast<double>([01;31m[Krad2deg[m[K(leftJPos[j]));
      |                                                   [01;31m[K^~~~~~~[m[K
[01m[K/home/user/qiaoyin/src/driver/src/jaka.cpp:111:27:[m[K [01;35m[Kwarning: [m[Kcomparison of integer expressions of different signedness: ‘[01m[Kint[m[K’ and ‘[01m[Kstd::vector<float>::size_type[m[K’ {aka ‘[01m[Klong unsigned int[m[K’} [[01;35m[K]8;;https://gcc.gnu.org/onlinedocs/gcc/Warning-Options.html#index-Wsign-compare-Wsign-compare]8;;[m[K]
  111 |         for (int j = 0; [01;35m[Kj < rightJPos.size()[m[K; j++)
      |                         [01;35m[K~~^~~~~~~~~~~~~~~~~~[m[K
[01m[K/home/user/qiaoyin/src/driver/src/jaka.cpp:113:51:[m[K [01;31m[Kerror: [m[K‘[01m[Krad2deg[m[K’ was not declared in this scope
  113 |             jPos[1].jVal[j] = static_cast<double>([01;31m[Krad2deg[m[K(rightJPos[j]));
      |                                                   [01;31m[K^~~~~~~[m[K
[01m[K/home/user/qiaoyin/src/driver/src/jaka.cpp:[m[K In member function ‘[01m[Kbool JAKA::getMotorActual(std::vector<float>&)[m[K’:
[01m[K/home/user/qiaoyin/src/driver/src/jaka.cpp:185:49:[m[K [01;31m[Kerror: [m[K‘[01m[Kdeg2rad[m[K’ was not declared in this scope
  185 |             actJointVel[x] = static_cast<float>([01;31m[Kdeg2rad[m[K(curJoint[i].jVal[j]));
      |                                                 [01;31m[K^~~~~~~[m[K
[01m[K/home/user/qiaoyin/src/driver/src/jaka.cpp:[m[K In member function ‘[01m[Kbool JAKA::setSpeed(const std::vector<float>&)[m[K’:
[01m[K/home/user/qiaoyin/src/driver/src/jaka.cpp:197:47:[m[K [01;35m[Kwarning: [m[Kunused parameter ‘[01m[KSpeed[m[K’ [[01;35m[K]8;;https://gcc.gnu.org/onlinedocs/gcc/Warning-Options.html#index-Wunused-parameter-Wunused-parameter]8;;[m[K]
  197 | bool JAKA::setSpeed([01;35m[Kconst std::vector<float> &Speed[m[K)
      |                     [01;35m[K~~~~~~~~~~~~~~~~~~~~~~~~~~^~~~~[m[K
[01m[K/home/user/qiaoyin/src/driver/src/jaka.cpp:[m[K In member function ‘[01m[Kbool JAKA::getMotorStatus()[m[K’:
[01m[K/home/user/qiaoyin/src/driver/src/jaka.cpp:239:9:[m[K [01;35m[Kwarning: [m[Kunused variable ‘[01m[Kret[m[K’ [[01;35m[K]8;;https://gcc.gnu.org/onlinedocs/gcc/Warning-Options.html#index-Wunused-variable-Wunused-variable]8;;[m[K]
  239 |     int [01;35m[Kret[m[K = 0;
      |         [01;35m[K^~~[m[K
gmake[2]: *** [CMakeFiles/arm_driver_node.dir/build.make:76：CMakeFiles/arm_driver_node.dir/src/jaka.cpp.o] 错误 1
gmake[1]: *** [CMakeFiles/Makefile2:593：CMakeFiles/arm_driver_node.dir/all] 错误 2
gmake[1]: *** 正在等待未完成的任务....
[ 80%] Built target driver__py
gmake: *** [Makefile:146：all] 错误 2
