In file included from [01m[K/home/user/qiaoyin/src/driver/src/arm_driver_node.cpp:1[m[K:
[01m[K/home/user/qiaoyin/src/driver/src/arm_driver_node.h:33:62:[m[K [01;31m[Kerror: [m[Kexpected ‘[01m[K;[m[K’ at end of member declaration
   33 |         shared_ptr<driver::srv::ArmEnable::Response> response[01;31m[K)[m[K
      |                                                              [01;31m[K^[m[K
      |                                                               [32m[K;[m[K
In file included from [01m[K/home/user/qiaoyin/src/driver/src/main.cpp:2[m[K:
[01m[K/home/user/qiaoyin/src/driver/src/arm_driver_node.h:33:62:[m[K [01;31m[Kerror: [m[Kexpected ‘[01m[K;[m[K’ at end of member declaration
   33 |         shared_ptr<driver::srv::ArmEnable::Response> response[01;31m[K)[m[K
      |                                                              [01;31m[K^[m[K
      |                                                               [32m[K;[m[K
[01m[K/home/user/qiaoyin/src/driver/src/arm_driver_node.cpp:[m[K In member function ‘[01m[Kvoid ArmDriverNode::handle_arm_enable(std::shared_ptr<driver::srv::ArmEnable_Request_<std::allocator<void> > >, std::shared_ptr<driver::srv::ArmEnable_Response_<std::allocator<void> > >)[m[K’:
[01m[K/home/user/qiaoyin/src/driver/src/arm_driver_node.cpp:113:50:[m[K [01;35m[Kwarning: [m[Kunused parameter ‘[01m[Kresponse[m[K’ [[01;35m[K]8;;https://gcc.gnu.org/onlinedocs/gcc/Warning-Options.html#index-Wunused-parameter-Wunused-parameter]8;;[m[K]
  113 |     [01;35m[Kshared_ptr<driver::srv::ArmEnable::Response> response[m[K)
      |     [01;35m[K~~~~~~~~~~~~~~~~~~~~~~~~~~~~~~~~~~~~~~~~~~~~~^~~~~~~~[m[K
gmake[2]: *** [CMakeFiles/arm_driver_node.dir/build.make:104：CMakeFiles/arm_driver_node.dir/src/main.cpp.o] 错误 1
gmake[2]: *** 正在等待未完成的任务....
gmake[2]: *** [CMakeFiles/arm_driver_node.dir/build.make:76：CMakeFiles/arm_driver_node.dir/src/arm_driver_node.cpp.o] 错误 1
gmake[1]: *** [CMakeFiles/Makefile2:593：CMakeFiles/arm_driver_node.dir/all] 错误 2
gmake: *** [Makefile:146：all] 错误 2
