[0.011s] Invoking command in '/home/user/qiaoyin/build/driver': CMAKE_PREFIX_PATH=/opt/ros/humble /usr/bin/cmake --build /home/user/qiaoyin/build/driver -- -j24 -l24
[0.028s] -- Found ament_cmake: 1.3.11 (/opt/ros/humble/share/ament_cmake/cmake)
[0.120s] -- Found rclcpp: 16.0.12 (/opt/ros/humble/share/rclcpp/cmake)
[0.145s] -- Found rosidl_generator_c: 3.1.6 (/opt/ros/humble/share/rosidl_generator_c/cmake)
[0.146s] -- Found rosidl_adapter: 3.1.6 (/opt/ros/humble/share/rosidl_adapter/cmake)
[0.150s] -- Found rosidl_generator_cpp: 3.1.6 (/opt/ros/humble/share/rosidl_generator_cpp/cmake)
[0.156s] -- Using all available rosidl_typesupport_c: rosidl_typesupport_fastrtps_c;rosidl_typesupport_introspection_c
[0.164s] -- Using all available rosidl_typesupport_cpp: rosidl_typesupport_fastrtps_cpp;rosidl_typesupport_introspection_cpp
[0.183s] -- Found rmw_implementation_cmake: 6.1.2 (/opt/ros/humble/share/rmw_implementation_cmake/cmake)
[0.184s] -- Found rmw_fastrtps_cpp: 6.2.7 (/opt/ros/humble/share/rmw_fastrtps_cpp/cmake)
[0.250s] -- Using RMW implementation 'rmw_fastrtps_cpp' as default
[0.281s] -- Found rosidl_default_generators: 1.2.0 (/opt/ros/humble/share/rosidl_default_generators/cmake)
[0.388s] [31mCMake Error at /opt/ros/humble/share/rosidl_adapter/cmake/rosidl_adapt_interfaces.cmake:59 (message):
[0.388s]   execute_process(/usr/bin/python3 -m rosidl_adapter --package-name driver
[0.388s]   --arguments-file
[0.388s]   /home/user/qiaoyin/build/driver/rosidl_adapter__arguments__driver.json
[0.388s]   --output-dir /home/user/qiaoyin/build/driver/rosidl_adapter/driver
[0.389s]   --output-file /home/user/qiaoyin/build/driver/rosidl_adapter/driver.idls)
[0.389s]   returned error code 1:
[0.389s] 
[0.389s]   Error processing 'float64[7] leftArmCart' of 'driver/ArmSetCart_Request':
[0.389s]   ''leftArmCart' is an invalid field name.  It should have the pattern
[0.389s]   '^(?!.*__)(?!.*_$)[a-z][a-z0-9_]*$''
[0.389s] 
[0.389s]   Traceback (most recent call last):
[0.389s] 
[0.389s]     File "/usr/lib/python3.10/runpy.py", line 196, in _run_module_as_main
[0.389s]       return _run_code(code, main_globals, None,
[0.389s]     File "/usr/lib/python3.10/runpy.py", line 86, in _run_code
[0.389s]       exec(code, run_globals)
[0.389s]     File "/opt/ros/humble/local/lib/python3.10/dist-packages/rosidl_adapter/__main__.py", line 19, in <module>
[0.389s]       sys.exit(main())
[0.389s]     File "/opt/ros/humble/local/lib/python3.10/dist-packages/rosidl_adapter/main.py", line 53, in main
[0.389s]       abs_idl_file = convert_to_idl(
[0.389s]     File "/opt/ros/humble/local/lib/python3.10/dist-packages/rosidl_adapter/__init__.py", line 24, in convert_to_idl
[0.389s]       return convert_srv_to_idl(
[0.389s]     File "/opt/ros/humble/local/lib/python3.10/dist-packages/rosidl_adapter/srv/__init__.py", line 28, in convert_srv_to_idl
[0.389s]       srv = parse_service_string(package_name, input_file.stem, content)
[0.389s]     File "/opt/ros/humble/local/lib/python3.10/dist-packages/rosidl_adapter/parser.py", line 859, in parse_service_string
[0.389s]       request_message = parse_message_string(
[0.389s]     File "/opt/ros/humble/local/lib/python3.10/dist-packages/rosidl_adapter/parser.py", line 519, in parse_message_string
[0.389s]       fields.append(Field(
[0.389s]     File "/opt/ros/humble/local/lib/python3.10/dist-packages/rosidl_adapter/parser.py", line 354, in __init__
[0.389s]       raise NameError(
[0.389s] 
[0.389s]   NameError: 'leftArmCart' is an invalid field name.  It should have the
[0.389s]   pattern '^(?!.*__)(?!.*_$)[a-z][a-z0-9_]*$'
[0.389s] 
[0.389s] Call Stack (most recent call first):
[0.390s]   /opt/ros/humble/share/rosidl_cmake/cmake/rosidl_generate_interfaces.cmake:130 (rosidl_adapt_interfaces)
[0.390s]   CMakeLists.txt:15 (rosidl_generate_interfaces)
[0.390s] 
[0.390s] [0m
[0.390s] -- Configuring incomplete, errors occurred!
[0.390s] See also "/home/user/qiaoyin/build/driver/CMakeFiles/CMakeOutput.log".
[0.394s] gmake: *** [Makefile:226ï¼šcmake_check_build_system] é”™è¯¯ 1
[0.395s] Invoked command in '/home/user/qiaoyin/build/driver' returned '2': CMAKE_PREFIX_PATH=/opt/ros/humble /usr/bin/cmake --build /home/user/qiaoyin/build/driver -- -j24 -l24
