[0.012s] Invoking command in '/home/user/qiaoyin/build/whl_system': CMAKE_PREFIX_PATH=/opt/ros/humble /usr/bin/cmake --build /home/user/qiaoyin/build/whl_system -- -j24 -l24
[0.042s] [  1%] Built target whl_system__cpp
[0.048s] [ 11%] Built target whl_system__rosidl_generator_c
[0.052s] [ 11%] Built target ament_cmake_python_copy_whl_system
[0.059s] [ 21%] Built target whl_system__rosidl_typesupport_introspection_cpp
[0.061s] [ 30%] Built target whl_system__rosidl_typesupport_fastrtps_cpp
[0.063s] [ 40%] Built target whl_system__rosidl_typesupport_cpp
[0.063s] [ 50%] Built target whl_system__rosidl_typesupport_c
[0.064s] [ 63%] Built target whl_system__rosidl_typesupport_introspection_c
[0.064s] [ 69%] Built target whl_system__rosidl_typesupport_fastrtps_c
[0.072s] [35m[1mConsolidate compiler generated dependencies of target wheelloong_system_node[0m
[0.077s] [ 69%] Built target whl_system
[0.086s] [ 71%] [32mBuilding CXX object CMakeFiles/wheelloong_system_node.dir/src/wheelloong_system.cpp.o[0m
[0.088s] [ 73%] [32mBuilding CXX object CMakeFiles/wheelloong_system_node.dir/src/system_node.cpp.o[0m
[0.091s] [ 75%] Built target whl_system__py
[0.110s] [ 82%] Built target whl_system__rosidl_generator_py
[0.128s] [ 86%] Built target whl_system__rosidl_typesupport_introspection_c__pyext
[0.128s] [ 90%] Built target whl_system__rosidl_typesupport_c__pyext
[0.130s] [ 94%] Built target whl_system__rosidl_typesupport_fastrtps_c__pyext
[0.207s] running egg_info
[0.207s] writing whl_system.egg-info/PKG-INFO
[0.207s] writing dependency_links to whl_system.egg-info/dependency_links.txt
[0.207s] writing top-level names to whl_system.egg-info/top_level.txt
[0.209s] reading manifest file 'whl_system.egg-info/SOURCES.txt'
[0.209s] writing manifest file 'whl_system.egg-info/SOURCES.txt'
[0.228s] [ 94%] Built target ament_cmake_python_build_whl_system_egg
[0.373s] [01m[K/home/user/qiaoyin/src/whl_system/src/wheelloong_system.cpp:3:1:[m[K [01;31m[Kerror: [m[Kâ€˜[01m[KWheelloongSystem[m[Kâ€™ does not name a type
[0.374s]     3 | [01;31m[KWheelloongSystem[m[K::WheelloongSystem()
[0.374s]       | [01;31m[K^~~~~~~~~~~~~~~~[m[K
[0.374s] [01m[K/home/user/qiaoyin/src/whl_system/src/wheelloong_system.cpp:7:1:[m[K [01;31m[Kerror: [m[Kâ€˜[01m[KWheelloongSystem[m[Kâ€™ does not name a type
[0.374s]     7 | [01;31m[KWheelloongSystem[m[K::~WheelloongSystem() {
[0.374s]       | [01;31m[K^~~~~~~~~~~~~~~~[m[K
[0.374s] [01m[K/home/user/qiaoyin/src/whl_system/src/wheelloong_system.cpp:11:6:[m[K [01;31m[Kerror: [m[Kâ€˜[01m[KWheelloongSystem[m[Kâ€™ has not been declared
[0.374s]    11 | void [01;31m[KWheelloongSystem[m[K::update()
[0.374s]       |      [01;31m[K^~~~~~~~~~~~~~~~[m[K
[0.375s] [01m[K/home/user/qiaoyin/src/whl_system/src/wheelloong_system.cpp:[m[K In function â€˜[01m[Kvoid update()[m[Kâ€™:
[0.375s] [01m[K/home/user/qiaoyin/src/whl_system/src/wheelloong_system.cpp:13:17:[m[K [01;31m[Kerror: [m[Kâ€˜[01m[Knode_[m[Kâ€™ was not declared in this scope; did you mean â€˜[01m[Kmode_t[m[Kâ€™?
[0.375s]    13 |     RCLCPP_INFO([01;31m[Knode_[m[K->get_logger(), "Updating system with input data...");
[0.375s]       |                 [01;31m[K^~~~~[m[K
[0.375s]       |                 [32m[Kmode_t[m[K
[0.376s] [01m[K/home/user/qiaoyin/src/whl_system/src/wheelloong_system.cpp:13:5:[m[K [01;31m[Kerror: [m[Kâ€˜[01m[KRCLCPP_INFO[m[Kâ€™ was not declared in this scope
[0.376s]    13 |     [01;31m[KRCLCPP_INFO[m[K(node_->get_logger(), "Updating system with input data...");
[0.376s]       |     [01;31m[K^~~~~~~~~~~[m[K
[0.376s] [01m[K/home/user/qiaoyin/src/whl_system/src/wheelloong_system.cpp:[m[K At global scope:
[0.376s] [01m[K/home/user/qiaoyin/src/whl_system/src/wheelloong_system.cpp:16:6:[m[K [01;31m[Kerror: [m[Kâ€˜[01m[KWheelloongSystem[m[Kâ€™ has not been declared
[0.376s]    16 | void [01;31m[KWheelloongSystem[m[K::work()
[0.376s]       |      [01;31m[K^~~~~~~~~~~~~~~~[m[K
[0.377s] [01m[K/home/user/qiaoyin/src/whl_system/src/wheelloong_system.cpp:[m[K In function â€˜[01m[Kvoid work()[m[Kâ€™:
[0.377s] [01m[K/home/user/qiaoyin/src/whl_system/src/wheelloong_system.cpp:19:17:[m[K [01;31m[Kerror: [m[Kâ€˜[01m[Knode_[m[Kâ€™ was not declared in this scope; did you mean â€˜[01m[Kmode_t[m[Kâ€™?
[0.377s]    19 |     RCLCPP_INFO([01;31m[Knode_[m[K->get_logger(), "Working on the updated data...");
[0.377s]       |                 [01;31m[K^~~~~[m[K
[0.377s]       |                 [32m[Kmode_t[m[K
[0.377s] [01m[K/home/user/qiaoyin/src/whl_system/src/wheelloong_system.cpp:19:5:[m[K [01;31m[Kerror: [m[Kâ€˜[01m[KRCLCPP_INFO[m[Kâ€™ was not declared in this scope
[0.378s]    19 |     [01;31m[KRCLCPP_INFO[m[K(node_->get_logger(), "Working on the updated data...");
[0.378s]       |     [01;31m[K^~~~~~~~~~~[m[K
[0.378s] [01m[K/home/user/qiaoyin/src/whl_system/src/wheelloong_system.cpp:[m[K At global scope:
[0.378s] [01m[K/home/user/qiaoyin/src/whl_system/src/wheelloong_system.cpp:22:6:[m[K [01;31m[Kerror: [m[Kâ€˜[01m[KWheelloongSystem[m[Kâ€™ has not been declared
[0.378s]    22 | void [01;31m[KWheelloongSystem[m[K::dwdate()
[0.378s]       |      [01;31m[K^~~~~~~~~~~~~~~~[m[K
[0.378s] [01m[K/home/user/qiaoyin/src/whl_system/src/wheelloong_system.cpp:[m[K In function â€˜[01m[Kvoid dwdate()[m[Kâ€™:
[0.378s] [01m[K/home/user/qiaoyin/src/whl_system/src/wheelloong_system.cpp:25:17:[m[K [01;31m[Kerror: [m[Kâ€˜[01m[Knode_[m[Kâ€™ was not declared in this scope; did you mean â€˜[01m[Kmode_t[m[Kâ€™?
[0.378s]    25 |     RCLCPP_INFO([01;31m[Knode_[m[K->get_logger(), "Performing another update operation...");
[0.378s]       |                 [01;31m[K^~~~~[m[K
[0.378s]       |                 [32m[Kmode_t[m[K
[0.379s] [01m[K/home/user/qiaoyin/src/whl_system/src/wheelloong_system.cpp:25:5:[m[K [01;31m[Kerror: [m[Kâ€˜[01m[KRCLCPP_INFO[m[Kâ€™ was not declared in this scope
[0.379s]    25 |     [01;31m[KRCLCPP_INFO[m[K(node_->get_logger(), "Performing another update operation...");
[0.379s]       |     [01;31m[K^~~~~~~~~~~[m[K
[0.379s] [01m[K/home/user/qiaoyin/src/whl_system/src/wheelloong_system.cpp:[m[K At global scope:
[0.379s] [01m[K/home/user/qiaoyin/src/whl_system/src/wheelloong_system.cpp:28:6:[m[K [01;31m[Kerror: [m[Kâ€˜[01m[KWheelloongSystem[m[Kâ€™ has not been declared
[0.379s]    28 | void [01;31m[KWheelloongSystem[m[K::run() {
[0.379s]       |      [01;31m[K^~~~~~~~~~~~~~~~[m[K
[0.379s] [01m[K/home/user/qiaoyin/src/whl_system/src/wheelloong_system.cpp:[m[K In function â€˜[01m[Kvoid run()[m[Kâ€™:
[0.379s] [01m[K/home/user/qiaoyin/src/whl_system/src/wheelloong_system.cpp:29:5:[m[K [01;31m[Kerror: [m[Kâ€˜[01m[Krclcpp[m[Kâ€™ has not been declared
[0.379s]    29 |     [01;31m[Krclcpp[m[K::spin(node_);  // é˜»å¡å¼è¿è¡Œï¼Œå¤„ç†æœåŠ¡è¯·æ±‚
[0.379s]       |     [01;31m[K^~~~~~[m[K
[0.380s] [01m[K/home/user/qiaoyin/src/whl_system/src/wheelloong_system.cpp:29:18:[m[K [01;31m[Kerror: [m[Kâ€˜[01m[Knode_[m[Kâ€™ was not declared in this scope; did you mean â€˜[01m[Kmode_t[m[Kâ€™?
[0.380s]    29 |     rclcpp::spin([01;31m[Knode_[m[K);  // é˜»å¡å¼è¿è¡Œï¼Œå¤„ç†æœåŠ¡è¯·æ±‚
[0.380s]       |                  [01;31m[K^~~~~[m[K
[0.380s]       |                  [32m[Kmode_t[m[K
[0.409s] gmake[2]: *** [CMakeFiles/wheelloong_system_node.dir/build.make:118ï¼šCMakeFiles/wheelloong_system_node.dir/src/wheelloong_system.cpp.o] é”™è¯¯ 1
[0.409s] gmake[2]: *** æ­£åœ¨ç­‰å¾…æœªå®Œæˆçš„ä»»åŠ¡....
[1.405s] [01m[K/home/user/qiaoyin/src/whl_system/src/system_node.cpp:[m[K In function â€˜[01m[Kint main(int, char**)[m[Kâ€™:
[1.405s] [01m[K/home/user/qiaoyin/src/whl_system/src/system_node.cpp:10:17:[m[K [01;31m[Kerror: [m[Kno matching function for call to â€˜[01m[Kspin(std::unique_ptr<whl_system::WheelloongSystem>&)[m[Kâ€™
[1.405s]    10 |     [01;31m[Krclcpp::spin(system)[m[K;
[1.405s]       |     [01;31m[K~~~~~~~~~~~~^~~~~~~~[m[K
[1.405s] In file included from [01m[K/opt/ros/humble/include/rclcpp/rclcpp/rclcpp.hpp:155[m[K,
[1.405s]                  from [01m[K/home/user/qiaoyin/src/whl_system/src/system_node.cpp:2[m[K:
[1.405s] [01m[K/opt/ros/humble/include/rclcpp/rclcpp/executors.hpp:45:1:[m[K [01;36m[Knote: [m[Kcandidate: â€˜[01m[Kvoid rclcpp::spin(rclcpp::node_interfaces::NodeBaseInterface::SharedPtr)[m[Kâ€™
[1.405s]    45 | [01;36m[Kspin[m[K(rclcpp::node_interfaces::NodeBaseInterface::SharedPtr node_ptr);
[1.405s]       | [01;36m[K^~~~[m[K
[1.405s] [01m[K/opt/ros/humble/include/rclcpp/rclcpp/executors.hpp:45:60:[m[K [01;36m[Knote: [m[K  no known conversion for argument 1 from â€˜[01m[Kstd::unique_ptr<whl_system::WheelloongSystem>[m[Kâ€™ to â€˜[01m[Krclcpp::node_interfaces::NodeBaseInterface::SharedPtr[m[Kâ€™ {aka â€˜[01m[Kstd::shared_ptr<rclcpp::node_interfaces::NodeBaseInterface>[m[Kâ€™}
[1.405s]    45 | spin([01;36m[Krclcpp::node_interfaces::NodeBaseInterface::SharedPtr node_ptr[m[K);
[1.405s]       |      [01;36m[K~~~~~~~~~~~~~~~~~~~~~~~~~~~~~~~~~~~~~~~~~~~~~~~~~~~~~~^~~~~~~~[m[K
[1.405s] [01m[K/opt/ros/humble/include/rclcpp/rclcpp/executors.hpp:49:1:[m[K [01;36m[Knote: [m[Kcandidate: â€˜[01m[Kvoid rclcpp::spin(rclcpp::Node::SharedPtr)[m[Kâ€™
[1.405s]    49 | [01;36m[Kspin[m[K(rclcpp::Node::SharedPtr node_ptr);
[1.405s]       | [01;36m[K^~~~[m[K
[1.405s] [01m[K/opt/ros/humble/include/rclcpp/rclcpp/executors.hpp:49:30:[m[K [01;36m[Knote: [m[K  no known conversion for argument 1 from â€˜[01m[Kstd::unique_ptr<whl_system::WheelloongSystem>[m[Kâ€™ to â€˜[01m[Krclcpp::Node::SharedPtr[m[Kâ€™ {aka â€˜[01m[Kstd::shared_ptr<rclcpp::Node>[m[Kâ€™}
[1.405s]    49 | spin([01;36m[Krclcpp::Node::SharedPtr node_ptr[m[K);
[1.405s]       |      [01;36m[K~~~~~~~~~~~~~~~~~~~~~~~~^~~~~~~~[m[K
[1.658s] gmake[2]: *** [CMakeFiles/wheelloong_system_node.dir/build.make:104ï¼šCMakeFiles/wheelloong_system_node.dir/src/system_node.cpp.o] é”™è¯¯ 1
[1.659s] gmake[1]: *** [CMakeFiles/Makefile2:593ï¼šCMakeFiles/wheelloong_system_node.dir/all] é”™è¯¯ 2
[1.659s] gmake: *** [Makefile:146ï¼šall] é”™è¯¯ 2
