[0.034s] Invoking command in '/home/user/qiaoyin/build/whl_system': CMAKE_PREFIX_PATH=/opt/ros/humble /usr/bin/cmake --build /home/user/qiaoyin/build/whl_system -- -j24 -l24
[0.068s] [  9%] Built target whl_system__rosidl_generator_c
[0.071s] [ 11%] Built target whl_system__cpp
[0.075s] [ 11%] Built target ament_cmake_python_copy_whl_system
[0.081s] [ 21%] Built target whl_system__rosidl_typesupport_c
[0.082s] [ 30%] Built target whl_system__rosidl_typesupport_fastrtps_c
[0.084s] [ 40%] Built target whl_system__rosidl_typesupport_introspection_c
[0.084s] [ 50%] Built target whl_system__rosidl_typesupport_cpp
[0.085s] [ 59%] Built target whl_system__rosidl_typesupport_introspection_cpp
[0.087s] [ 69%] Built target whl_system__rosidl_typesupport_fastrtps_cpp
[0.094s] [35m[1mConsolidate compiler generated dependencies of target wheelloong_system_node[0m
[0.102s] [ 69%] Built target whl_system
[0.106s] [ 71%] [32mBuilding CXX object CMakeFiles/wheelloong_system_node.dir/src/fsm.cpp.o[0m
[0.109s] [ 73%] [32mBuilding CXX object CMakeFiles/wheelloong_system_node.dir/src/system_node.cpp.o[0m
[0.109s] [ 75%] [32mBuilding CXX object CMakeFiles/wheelloong_system_node.dir/src/wheelloong_system.cpp.o[0m
[0.119s] [ 76%] Built target whl_system__py
[0.135s] [ 84%] Built target whl_system__rosidl_generator_py
[0.152s] [ 88%] Built target whl_system__rosidl_typesupport_fastrtps_c__pyext
[0.153s] [ 92%] Built target whl_system__rosidl_typesupport_c__pyext
[0.154s] [ 96%] Built target whl_system__rosidl_typesupport_introspection_c__pyext
[0.225s] running egg_info
[0.226s] writing whl_system.egg-info/PKG-INFO
[0.226s] writing dependency_links to whl_system.egg-info/dependency_links.txt
[0.226s] writing top-level names to whl_system.egg-info/top_level.txt
[0.227s] reading manifest file 'whl_system.egg-info/SOURCES.txt'
[0.227s] writing manifest file 'whl_system.egg-info/SOURCES.txt'
[0.246s] [ 96%] Built target ament_cmake_python_build_whl_system_egg
[0.388s] [01m[K/home/user/qiaoyin/src/whl_system/src/wheelloong_system.cpp:3:1:[m[K [01;31m[Kerror: [m[Kâ€˜[01m[KWheelloongSystem[m[Kâ€™ does not name a type
[0.388s]     3 | [01;31m[KWheelloongSystem[m[K::WheelloongSystem()
[0.388s]       | [01;31m[K^~~~~~~~~~~~~~~~[m[K
[0.388s] [01m[K/home/user/qiaoyin/src/whl_system/src/wheelloong_system.cpp:7:1:[m[K [01;31m[Kerror: [m[Kâ€˜[01m[KWheelloongSystem[m[Kâ€™ does not name a type
[0.388s]     7 | [01;31m[KWheelloongSystem[m[K::~WheelloongSystem() {
[0.388s]       | [01;31m[K^~~~~~~~~~~~~~~~[m[K
[0.388s] [01m[K/home/user/qiaoyin/src/whl_system/src/wheelloong_system.cpp:11:6:[m[K [01;31m[Kerror: [m[Kâ€˜[01m[KWheelloongSystem[m[Kâ€™ has not been declared
[0.388s]    11 | void [01;31m[KWheelloongSystem[m[K::update()
[0.389s]       |      [01;31m[K^~~~~~~~~~~~~~~~[m[K
[0.389s] [01m[K/home/user/qiaoyin/src/whl_system/src/wheelloong_system.cpp:[m[K In function â€˜[01m[Kvoid update()[m[Kâ€™:
[0.389s] [01m[K/home/user/qiaoyin/src/whl_system/src/wheelloong_system.cpp:13:17:[m[K [01;31m[Kerror: [m[Kâ€˜[01m[Knode_[m[Kâ€™ was not declared in this scope; did you mean â€˜[01m[Kmode_t[m[Kâ€™?
[0.389s]    13 |     RCLCPP_INFO([01;31m[Knode_[m[K->get_logger(), "Updating system with input data...");
[0.389s]       |                 [01;31m[K^~~~~[m[K
[0.389s]       |                 [32m[Kmode_t[m[K
[0.390s] [01m[K/home/user/qiaoyin/src/whl_system/src/wheelloong_system.cpp:13:5:[m[K [01;31m[Kerror: [m[Kâ€˜[01m[KRCLCPP_INFO[m[Kâ€™ was not declared in this scope
[0.390s]    13 |     [01;31m[KRCLCPP_INFO[m[K(node_->get_logger(), "Updating system with input data...");
[0.390s]       |     [01;31m[K^~~~~~~~~~~[m[K
[0.390s] [01m[K/home/user/qiaoyin/src/whl_system/src/wheelloong_system.cpp:[m[K At global scope:
[0.390s] [01m[K/home/user/qiaoyin/src/whl_system/src/wheelloong_system.cpp:16:6:[m[K [01;31m[Kerror: [m[Kâ€˜[01m[KWheelloongSystem[m[Kâ€™ has not been declared
[0.390s]    16 | void [01;31m[KWheelloongSystem[m[K::work()
[0.391s]       |      [01;31m[K^~~~~~~~~~~~~~~~[m[K
[0.391s] [01m[K/home/user/qiaoyin/src/whl_system/src/wheelloong_system.cpp:[m[K In function â€˜[01m[Kvoid work()[m[Kâ€™:
[0.391s] [01m[K/home/user/qiaoyin/src/whl_system/src/wheelloong_system.cpp:19:17:[m[K [01;31m[Kerror: [m[Kâ€˜[01m[Knode_[m[Kâ€™ was not declared in this scope; did you mean â€˜[01m[Kmode_t[m[Kâ€™?
[0.391s]    19 |     RCLCPP_INFO([01;31m[Knode_[m[K->get_logger(), "Working on the updated data...");
[0.391s]       |                 [01;31m[K^~~~~[m[K
[0.391s]       |                 [32m[Kmode_t[m[K
[0.392s] [01m[K/home/user/qiaoyin/src/whl_system/src/wheelloong_system.cpp:19:5:[m[K [01;31m[Kerror: [m[Kâ€˜[01m[KRCLCPP_INFO[m[Kâ€™ was not declared in this scope
[0.392s]    19 |     [01;31m[KRCLCPP_INFO[m[K(node_->get_logger(), "Working on the updated data...");
[0.392s]       |     [01;31m[K^~~~~~~~~~~[m[K
[0.392s] [01m[K/home/user/qiaoyin/src/whl_system/src/wheelloong_system.cpp:[m[K At global scope:
[0.392s] [01m[K/home/user/qiaoyin/src/whl_system/src/wheelloong_system.cpp:22:6:[m[K [01;31m[Kerror: [m[Kâ€˜[01m[KWheelloongSystem[m[Kâ€™ has not been declared
[0.392s]    22 | void [01;31m[KWheelloongSystem[m[K::dwdate()
[0.392s]       |      [01;31m[K^~~~~~~~~~~~~~~~[m[K
[0.393s] [01m[K/home/user/qiaoyin/src/whl_system/src/wheelloong_system.cpp:[m[K In function â€˜[01m[Kvoid dwdate()[m[Kâ€™:
[0.393s] [01m[K/home/user/qiaoyin/src/whl_system/src/wheelloong_system.cpp:25:17:[m[K [01;31m[Kerror: [m[Kâ€˜[01m[Knode_[m[Kâ€™ was not declared in this scope; did you mean â€˜[01m[Kmode_t[m[Kâ€™?
[0.393s]    25 |     RCLCPP_INFO([01;31m[Knode_[m[K->get_logger(), "Performing another update operation...");
[0.393s]       |                 [01;31m[K^~~~~[m[K
[0.393s]       |                 [32m[Kmode_t[m[K
[0.394s] [01m[K/home/user/qiaoyin/src/whl_system/src/wheelloong_system.cpp:25:5:[m[K [01;31m[Kerror: [m[Kâ€˜[01m[KRCLCPP_INFO[m[Kâ€™ was not declared in this scope
[0.394s]    25 |     [01;31m[KRCLCPP_INFO[m[K(node_->get_logger(), "Performing another update operation...");
[0.394s]       |     [01;31m[K^~~~~~~~~~~[m[K
[0.394s] [01m[K/home/user/qiaoyin/src/whl_system/src/wheelloong_system.cpp:[m[K At global scope:
[0.394s] [01m[K/home/user/qiaoyin/src/whl_system/src/wheelloong_system.cpp:28:6:[m[K [01;31m[Kerror: [m[Kâ€˜[01m[KWheelloongSystem[m[Kâ€™ has not been declared
[0.394s]    28 | void [01;31m[KWheelloongSystem[m[K::run() {
[0.394s]       |      [01;31m[K^~~~~~~~~~~~~~~~[m[K
[0.394s] [01m[K/home/user/qiaoyin/src/whl_system/src/wheelloong_system.cpp:[m[K In function â€˜[01m[Kvoid run()[m[Kâ€™:
[0.394s] [01m[K/home/user/qiaoyin/src/whl_system/src/wheelloong_system.cpp:29:5:[m[K [01;31m[Kerror: [m[Kâ€˜[01m[Krclcpp[m[Kâ€™ has not been declared
[0.394s]    29 |     [01;31m[Krclcpp[m[K::spin(node_);  // é˜»å¡å¼è¿è¡Œï¼Œå¤„ç†æœåŠ¡è¯·æ±‚
[0.394s]       |     [01;31m[K^~~~~~[m[K
[0.394s] [01m[K/home/user/qiaoyin/src/whl_system/src/wheelloong_system.cpp:29:18:[m[K [01;31m[Kerror: [m[Kâ€˜[01m[Knode_[m[Kâ€™ was not declared in this scope; did you mean â€˜[01m[Kmode_t[m[Kâ€™?
[0.394s]    29 |     rclcpp::spin([01;31m[Knode_[m[K);  // é˜»å¡å¼è¿è¡Œï¼Œå¤„ç†æœåŠ¡è¯·æ±‚
[0.394s]       |                  [01;31m[K^~~~~[m[K
[0.394s]       |                  [32m[Kmode_t[m[K
[0.423s] gmake[2]: *** [CMakeFiles/wheelloong_system_node.dir/build.make:118ï¼šCMakeFiles/wheelloong_system_node.dir/src/wheelloong_system.cpp.o] é”™è¯¯ 1
[0.423s] gmake[2]: *** æ­£åœ¨ç­‰å¾…æœªå®Œæˆçš„ä»»åŠ¡....
[1.592s] [01m[K/home/user/qiaoyin/src/whl_system/src/system_node.cpp:[m[K In function â€˜[01m[Kint main(int, char**)[m[Kâ€™:
[1.592s] [01m[K/home/user/qiaoyin/src/whl_system/src/system_node.cpp:10:17:[m[K [01;31m[Kerror: [m[Kno matching function for call to â€˜[01m[Kspin(std::unique_ptr<whl_system::WheelloongSystem>&)[m[Kâ€™
[1.592s]    10 |     [01;31m[Krclcpp::spin(system)[m[K;
[1.592s]       |     [01;31m[K~~~~~~~~~~~~^~~~~~~~[m[K
[1.592s] In file included from [01m[K/opt/ros/humble/include/rclcpp/rclcpp/rclcpp.hpp:155[m[K,
[1.592s]                  from [01m[K/home/user/qiaoyin/src/whl_system/src/system_node.cpp:2[m[K:
[1.592s] [01m[K/opt/ros/humble/include/rclcpp/rclcpp/executors.hpp:45:1:[m[K [01;36m[Knote: [m[Kcandidate: â€˜[01m[Kvoid rclcpp::spin(rclcpp::node_interfaces::NodeBaseInterface::SharedPtr)[m[Kâ€™
[1.592s]    45 | [01;36m[Kspin[m[K(rclcpp::node_interfaces::NodeBaseInterface::SharedPtr node_ptr);
[1.592s]       | [01;36m[K^~~~[m[K
[1.593s] [01m[K/opt/ros/humble/include/rclcpp/rclcpp/executors.hpp:45:60:[m[K [01;36m[Knote: [m[K  no known conversion for argument 1 from â€˜[01m[Kstd::unique_ptr<whl_system::WheelloongSystem>[m[Kâ€™ to â€˜[01m[Krclcpp::node_interfaces::NodeBaseInterface::SharedPtr[m[Kâ€™ {aka â€˜[01m[Kstd::shared_ptr<rclcpp::node_interfaces::NodeBaseInterface>[m[Kâ€™}
[1.593s]    45 | spin([01;36m[Krclcpp::node_interfaces::NodeBaseInterface::SharedPtr node_ptr[m[K);
[1.593s]       |      [01;36m[K~~~~~~~~~~~~~~~~~~~~~~~~~~~~~~~~~~~~~~~~~~~~~~~~~~~~~~^~~~~~~~[m[K
[1.593s] [01m[K/opt/ros/humble/include/rclcpp/rclcpp/executors.hpp:49:1:[m[K [01;36m[Knote: [m[Kcandidate: â€˜[01m[Kvoid rclcpp::spin(rclcpp::Node::SharedPtr)[m[Kâ€™
[1.593s]    49 | [01;36m[Kspin[m[K(rclcpp::Node::SharedPtr node_ptr);
[1.593s]       | [01;36m[K^~~~[m[K
[1.593s] [01m[K/opt/ros/humble/include/rclcpp/rclcpp/executors.hpp:49:30:[m[K [01;36m[Knote: [m[K  no known conversion for argument 1 from â€˜[01m[Kstd::unique_ptr<whl_system::WheelloongSystem>[m[Kâ€™ to â€˜[01m[Krclcpp::Node::SharedPtr[m[Kâ€™ {aka â€˜[01m[Kstd::shared_ptr<rclcpp::Node>[m[Kâ€™}
[1.593s]    49 | spin([01;36m[Krclcpp::Node::SharedPtr node_ptr[m[K);
[1.593s]       |      [01;36m[K~~~~~~~~~~~~~~~~~~~~~~~~^~~~~~~~[m[K
[2.121s] gmake[2]: *** [CMakeFiles/wheelloong_system_node.dir/build.make:104ï¼šCMakeFiles/wheelloong_system_node.dir/src/system_node.cpp.o] é”™è¯¯ 1
[2.121s] gmake[1]: *** [CMakeFiles/Makefile2:593ï¼šCMakeFiles/wheelloong_system_node.dir/all] é”™è¯¯ 2
[2.121s] gmake: *** [Makefile:146ï¼šall] é”™è¯¯ 2
[2.123s] Invoked command in '/home/user/qiaoyin/build/whl_system' returned '2': CMAKE_PREFIX_PATH=/opt/ros/humble /usr/bin/cmake --build /home/user/qiaoyin/build/whl_system -- -j24 -l24
