[  2%] Built target whl_system__cpp
[ 12%] Built target whl_system__rosidl_generator_c
[ 12%] Built target ament_cmake_python_copy_whl_system
[ 22%] Built target whl_system__rosidl_typesupport_introspection_c
[ 42%] Built target whl_system__rosidl_typesupport_introspection_cpp
[ 42%] Built target whl_system__rosidl_typesupport_fastrtps_cpp
[ 53%] Built target whl_system__rosidl_typesupport_cpp
[ 63%] Built target whl_system__rosidl_typesupport_c
[ 73%] Built target whl_system__rosidl_typesupport_fastrtps_c
[35m[1mConsolidate compiler generated dependencies of target wheelloong_system_node[0m
[ 73%] Built target whl_system
[ 75%] [32mBuilding CXX object CMakeFiles/wheelloong_system_node.dir/src/main.cpp.o[0m
[ 77%] Built target whl_system__py
[ 85%] Built target whl_system__rosidl_generator_py
[ 89%] Built target whl_system__rosidl_typesupport_c__pyext
[ 93%] Built target whl_system__rosidl_typesupport_fastrtps_c__pyext
[ 97%] Built target whl_system__rosidl_typesupport_introspection_c__pyext
running egg_info
writing whl_system.egg-info/PKG-INFO
writing dependency_links to whl_system.egg-info/dependency_links.txt
writing top-level names to whl_system.egg-info/top_level.txt
reading manifest file 'whl_system.egg-info/SOURCES.txt'
writing manifest file 'whl_system.egg-info/SOURCES.txt'
[ 97%] Built target ament_cmake_python_build_whl_system_egg
[100%] [32m[1mLinking CXX executable wheelloong_system_node[0m
/usr/bin/ld: CMakeFiles/wheelloong_system_node.dir/src/main.cpp.o: in function `main':
main.cpp:(.text+0x67): undefined reference to `WheelloongSystem::run()'
/usr/bin/ld: CMakeFiles/wheelloong_system_node.dir/src/main.cpp.o: in function `void __gnu_cxx::new_allocator<WheelloongSystem>::construct<WheelloongSystem>(WheelloongSystem*)':
main.cpp:(.text._ZN9__gnu_cxx13new_allocatorI16WheelloongSystemE9constructIS1_JEEEvPT_DpOT0_[_ZN9__gnu_cxx13new_allocatorI16WheelloongSystemE9constructIS1_JEEEvPT_DpOT0_]+0x31): undefined reference to `WheelloongSystem::WheelloongSystem()'
/usr/bin/ld: CMakeFiles/wheelloong_system_node.dir/src/main.cpp.o: in function `WheelloongSystem::~WheelloongSystem()':
main.cpp:(.text._ZN16WheelloongSystemD2Ev[_ZN16WheelloongSystemD5Ev]+0x28): undefined reference to `FsmClass::~FsmClass()'
collect2: error: ld returned 1 exit status
gmake[2]: *** [CMakeFiles/wheelloong_system_node.dir/build.make:159ï¼šwheelloong_system_node] é”™è¯¯ 1
gmake[1]: *** [CMakeFiles/Makefile2:593ï¼šCMakeFiles/wheelloong_system_node.dir/all] é”™è¯¯ 2
gmake: *** [Makefile:146ï¼šall] é”™è¯¯ 2
