[0.011s] Invoking command in '/home/user/qiaoyin/build/driver': CMAKE_PREFIX_PATH=/opt/ros/humble /usr/bin/cmake --build /home/user/qiaoyin/build/driver -- -j24 -l24
[0.029s] -- Found ament_cmake: 1.3.11 (/opt/ros/humble/share/ament_cmake/cmake)
[0.127s] -- Found rclcpp: 16.0.12 (/opt/ros/humble/share/rclcpp/cmake)
[0.146s] -- Found rosidl_generator_c: 3.1.6 (/opt/ros/humble/share/rosidl_generator_c/cmake)
[0.147s] -- Found rosidl_adapter: 3.1.6 (/opt/ros/humble/share/rosidl_adapter/cmake)
[0.151s] -- Found rosidl_generator_cpp: 3.1.6 (/opt/ros/humble/share/rosidl_generator_cpp/cmake)
[0.157s] -- Using all available rosidl_typesupport_c: rosidl_typesupport_fastrtps_c;rosidl_typesupport_introspection_c
[0.165s] -- Using all available rosidl_typesupport_cpp: rosidl_typesupport_fastrtps_cpp;rosidl_typesupport_introspection_cpp
[0.185s] -- Found rmw_implementation_cmake: 6.1.2 (/opt/ros/humble/share/rmw_implementation_cmake/cmake)
[0.186s] -- Found rmw_fastrtps_cpp: 6.2.7 (/opt/ros/humble/share/rmw_fastrtps_cpp/cmake)
[0.248s] -- Using RMW implementation 'rmw_fastrtps_cpp' as default
[0.279s] -- Found rosidl_default_generators: 1.2.0 (/opt/ros/humble/share/rosidl_default_generators/cmake)
[0.387s] [31mCMake Error at /opt/ros/humble/share/rosidl_adapter/cmake/rosidl_adapt_interfaces.cmake:59 (message):
[0.387s]   execute_process(/usr/bin/python3 -m rosidl_adapter --package-name driver
[0.387s]   --arguments-file
[0.387s]   /home/user/qiaoyin/build/driver/rosidl_adapter__arguments__driver.json
[0.387s]   --output-dir /home/user/qiaoyin/build/driver/rosidl_adapter/driver
[0.387s]   --output-file /home/user/qiaoyin/build/driver/rosidl_adapter/driver.idls)
[0.387s]   returned error code 1:
[0.387s] 
[0.387s]   Traceback (most recent call last):
[0.387s] 
[0.387s]     File "/usr/lib/python3.10/runpy.py", line 196, in _run_module_as_main
[0.387s]       return _run_code(code, main_globals, None,
[0.387s]     File "/usr/lib/python3.10/runpy.py", line 86, in _run_code
[0.387s]       exec(code, run_globals)
[0.387s]     File "/opt/ros/humble/local/lib/python3.10/dist-packages/rosidl_adapter/__main__.py", line 19, in <module>
[0.387s]       sys.exit(main())
[0.387s]     File "/opt/ros/humble/local/lib/python3.10/dist-packages/rosidl_adapter/main.py", line 53, in main
[0.387s]       abs_idl_file = convert_to_idl(
[0.387s]     File "/opt/ros/humble/local/lib/python3.10/dist-packages/rosidl_adapter/__init__.py", line 24, in convert_to_idl
[0.387s]       return convert_srv_to_idl(
[0.387s]     File "/opt/ros/humble/local/lib/python3.10/dist-packages/rosidl_adapter/srv/__init__.py", line 28, in convert_srv_to_idl
[0.387s]       srv = parse_service_string(package_name, input_file.stem, content)
[0.387s]     File "/opt/ros/humble/local/lib/python3.10/dist-packages/rosidl_adapter/parser.py", line 850, in parse_service_string
[0.387s]       raise InvalidServiceSpecification(
[0.387s] 
[0.387s]   rosidl_adapter.parser.InvalidServiceSpecification: Could not find separator
[0.387s]   '---' between request and response
[0.387s] 
[0.387s] Call Stack (most recent call first):
[0.387s]   /opt/ros/humble/share/rosidl_cmake/cmake/rosidl_generate_interfaces.cmake:130 (rosidl_adapt_interfaces)
[0.387s]   CMakeLists.txt:15 (rosidl_generate_interfaces)
[0.388s] 
[0.388s] [0m
[0.388s] -- Configuring incomplete, errors occurred!
[0.388s] See also "/home/user/qiaoyin/build/driver/CMakeFiles/CMakeOutput.log".
[0.392s] gmake: *** [Makefile:226ï¼šcmake_check_build_system] é”™è¯¯ 1
[0.394s] Invoked command in '/home/user/qiaoyin/build/driver' returned '2': CMAKE_PREFIX_PATH=/opt/ros/humble /usr/bin/cmake --build /home/user/qiaoyin/build/driver -- -j24 -l24
