[0.010s] Invoking command in '/home/user/qiaoyin/build/driver': CMAKE_PREFIX_PATH=/opt/ros/humble /usr/bin/cmake --build /home/user/qiaoyin/build/driver -- -j24 -l24
[0.025s] -- Found ament_cmake: 1.3.11 (/opt/ros/humble/share/ament_cmake/cmake)
[0.113s] -- Found rclcpp: 16.0.12 (/opt/ros/humble/share/rclcpp/cmake)
[0.131s] -- Found rosidl_generator_c: 3.1.6 (/opt/ros/humble/share/rosidl_generator_c/cmake)
[0.132s] -- Found rosidl_adapter: 3.1.6 (/opt/ros/humble/share/rosidl_adapter/cmake)
[0.136s] -- Found rosidl_generator_cpp: 3.1.6 (/opt/ros/humble/share/rosidl_generator_cpp/cmake)
[0.142s] -- Using all available rosidl_typesupport_c: rosidl_typesupport_fastrtps_c;rosidl_typesupport_introspection_c
[0.150s] -- Using all available rosidl_typesupport_cpp: rosidl_typesupport_fastrtps_cpp;rosidl_typesupport_introspection_cpp
[0.169s] -- Found rmw_implementation_cmake: 6.1.2 (/opt/ros/humble/share/rmw_implementation_cmake/cmake)
[0.170s] -- Found rmw_fastrtps_cpp: 6.2.7 (/opt/ros/humble/share/rmw_fastrtps_cpp/cmake)
[0.232s] -- Using RMW implementation 'rmw_fastrtps_cpp' as default
[0.262s] -- Found rosidl_default_generators: 1.2.0 (/opt/ros/humble/share/rosidl_default_generators/cmake)
[0.369s] [31mCMake Error at /opt/ros/humble/share/rosidl_adapter/cmake/rosidl_adapt_interfaces.cmake:59 (message):
[0.369s]   execute_process(/usr/bin/python3 -m rosidl_adapter --package-name driver
[0.369s]   --arguments-file
[0.369s]   /home/user/qiaoyin/build/driver/rosidl_adapter__arguments__driver.json
[0.369s]   --output-dir /home/user/qiaoyin/build/driver/rosidl_adapter/driver
[0.369s]   --output-file /home/user/qiaoyin/build/driver/rosidl_adapter/driver.idls)
[0.369s]   returned error code 1:
[0.369s] 
[0.369s]   Error processing 'float64[7] leftArmCart' of 'driver/ArmSetCart_Request':
[0.369s]   ''leftArmCart' is an invalid field name.  It should have the pattern
[0.369s]   '^(?!.*__)(?!.*_$)[a-z][a-z0-9_]*$''
[0.369s] 
[0.369s]   Traceback (most recent call last):
[0.369s] 
[0.370s]     File "/usr/lib/python3.10/runpy.py", line 196, in _run_module_as_main
[0.370s]       return _run_code(code, main_globals, None,
[0.370s]     File "/usr/lib/python3.10/runpy.py", line 86, in _run_code
[0.370s]       exec(code, run_globals)
[0.370s]     File "/opt/ros/humble/local/lib/python3.10/dist-packages/rosidl_adapter/__main__.py", line 19, in <module>
[0.370s]       sys.exit(main())
[0.370s]     File "/opt/ros/humble/local/lib/python3.10/dist-packages/rosidl_adapter/main.py", line 53, in main
[0.370s]       abs_idl_file = convert_to_idl(
[0.370s]     File "/opt/ros/humble/local/lib/python3.10/dist-packages/rosidl_adapter/__init__.py", line 24, in convert_to_idl
[0.370s]       return convert_srv_to_idl(
[0.370s]     File "/opt/ros/humble/local/lib/python3.10/dist-packages/rosidl_adapter/srv/__init__.py", line 28, in convert_srv_to_idl
[0.370s]       srv = parse_service_string(package_name, input_file.stem, content)
[0.370s]     File "/opt/ros/humble/local/lib/python3.10/dist-packages/rosidl_adapter/parser.py", line 859, in parse_service_string
[0.370s]       request_message = parse_message_string(
[0.370s]     File "/opt/ros/humble/local/lib/python3.10/dist-packages/rosidl_adapter/parser.py", line 519, in parse_message_string
[0.370s]       fields.append(Field(
[0.370s]     File "/opt/ros/humble/local/lib/python3.10/dist-packages/rosidl_adapter/parser.py", line 354, in __init__
[0.370s]       raise NameError(
[0.370s] 
[0.370s]   NameError: 'leftArmCart' is an invalid field name.  It should have the
[0.370s]   pattern '^(?!.*__)(?!.*_$)[a-z][a-z0-9_]*$'
[0.370s] 
[0.370s] Call Stack (most recent call first):
[0.370s]   /opt/ros/humble/share/rosidl_cmake/cmake/rosidl_generate_interfaces.cmake:130 (rosidl_adapt_interfaces)
[0.370s]   CMakeLists.txt:15 (rosidl_generate_interfaces)
[0.370s] 
[0.370s] [0m
[0.370s] -- Configuring incomplete, errors occurred!
[0.370s] See also "/home/user/qiaoyin/build/driver/CMakeFiles/CMakeOutput.log".
[0.374s] gmake: *** [Makefile:226ï¼šcmake_check_build_system] é”™è¯¯ 1
[0.376s] Invoked command in '/home/user/qiaoyin/build/driver' returned '2': CMAKE_PREFIX_PATH=/opt/ros/humble /usr/bin/cmake --build /home/user/qiaoyin/build/driver -- -j24 -l24
