[0.009s] Invoking command in '/home/user/qiaoyin/build/driver': CMAKE_PREFIX_PATH=/opt/ros/humble /usr/bin/cmake --build /home/user/qiaoyin/build/driver -- -j24 -l24
[0.028s] -- Found ament_cmake: 1.3.11 (/opt/ros/humble/share/ament_cmake/cmake)
[0.109s] -- Found rclcpp: 16.0.12 (/opt/ros/humble/share/rclcpp/cmake)
[0.126s] -- Found rosidl_generator_c: 3.1.6 (/opt/ros/humble/share/rosidl_generator_c/cmake)
[0.128s] -- Found rosidl_adapter: 3.1.6 (/opt/ros/humble/share/rosidl_adapter/cmake)
[0.131s] -- Found rosidl_generator_cpp: 3.1.6 (/opt/ros/humble/share/rosidl_generator_cpp/cmake)
[0.137s] -- Using all available rosidl_typesupport_c: rosidl_typesupport_fastrtps_c;rosidl_typesupport_introspection_c
[0.145s] -- Using all available rosidl_typesupport_cpp: rosidl_typesupport_fastrtps_cpp;rosidl_typesupport_introspection_cpp
[0.163s] -- Found rmw_implementation_cmake: 6.1.2 (/opt/ros/humble/share/rmw_implementation_cmake/cmake)
[0.164s] -- Found rmw_fastrtps_cpp: 6.2.7 (/opt/ros/humble/share/rmw_fastrtps_cpp/cmake)
[0.221s] -- Using RMW implementation 'rmw_fastrtps_cpp' as default
[0.250s] -- Found rosidl_default_generators: 1.2.0 (/opt/ros/humble/share/rosidl_default_generators/cmake)
[0.422s] -- Found ament_cmake_ros: 0.10.0 (/opt/ros/humble/share/ament_cmake_ros/cmake)
[0.617s] -- Using all available rosidl_typesupport_c: rosidl_typesupport_fastrtps_c;rosidl_typesupport_introspection_c
[0.693s] -- Using all available rosidl_typesupport_cpp: rosidl_typesupport_fastrtps_cpp;rosidl_typesupport_introspection_cpp
[0.706s] -- Found python_cmake_module: 0.10.0 (/opt/ros/humble/share/python_cmake_module/cmake)
[0.721s] -- Using PYTHON_EXECUTABLE: /usr/bin/python3
[0.721s] -- Using PYTHON_INCLUDE_DIRS: /usr/include/python3.10
[0.721s] -- Using PYTHON_LIBRARIES: /usr/lib/x86_64-linux-gnu/libpython3.10.so
[0.729s] -- Found ament_lint_auto: 0.12.12 (/opt/ros/humble/share/ament_lint_auto/cmake)
[0.734s] -- Added test 'cppcheck' to perform static code analysis on C / C++ code
[0.735s] -- Configured cppcheck include dirs: /home/user/qiaoyin/src/driver/include;/home/user/qiaoyin/src/driver/include/driver;/home/user/qiaoyin/src/driver/src
[0.735s] -- Configured cppcheck exclude dirs and/or files: 
[0.735s] -- Added test 'lint_cmake' to check CMake code style
[0.736s] -- Added test 'uncrustify' to check C / C++ code style
[0.736s] -- Configured uncrustify additional arguments: 
[0.736s] -- Added test 'xmllint' to check XML markup files
[0.737s] -- Configuring done
[0.758s] -- Generating done
[0.764s] -- Build files have been written to: /home/user/qiaoyin/build/driver
[0.784s] [35m[1mConsolidate compiler generated dependencies of target driver__rosidl_generator_c[0m
[0.791s] [  1%] Built target driver__cpp
[0.793s] [ 11%] Built target driver__rosidl_generator_c
[0.796s] [ 11%] Built target ament_cmake_python_copy_driver
[0.798s] [35m[1mConsolidate compiler generated dependencies of target driver__rosidl_typesupport_introspection_cpp[0m
[0.798s] [35m[1mConsolidate compiler generated dependencies of target driver__rosidl_typesupport_cpp[0m
[0.798s] [35m[1mConsolidate compiler generated dependencies of target driver__rosidl_typesupport_fastrtps_cpp[0m
[0.799s] [35m[1mConsolidate compiler generated dependencies of target driver__rosidl_typesupport_c[0m
[0.799s] [35m[1mConsolidate compiler generated dependencies of target driver__rosidl_typesupport_introspection_c[0m
[0.799s] [35m[1mConsolidate compiler generated dependencies of target driver__rosidl_typesupport_fastrtps_c[0m
[0.805s] [ 22%] Built target driver__rosidl_typesupport_c
[0.806s] [ 32%] Built target driver__rosidl_typesupport_introspection_c
[0.807s] [ 43%] Built target driver__rosidl_typesupport_introspection_cpp
[0.808s] [ 53%] Built target driver__rosidl_typesupport_fastrtps_cpp
[0.808s] [ 64%] Built target driver__rosidl_typesupport_fastrtps_c
[0.808s] [ 74%] Built target driver__rosidl_typesupport_cpp
[0.816s] [35m[1mConsolidate compiler generated dependencies of target arm_driver_node[0m
[0.822s] [ 74%] Built target driver
[0.823s] gmake[2]: *** æ²¡æœ‰è§„åˆ™å¯åˆ¶ä½œç›®æ ‡â€œ/home/user/qiaoyin/src/driver/lib/jakaAPIâ€ï¼Œç”±â€œarm_driver_nodeâ€ éœ€æ±‚ã€‚ åœæ­¢ã€‚
[0.823s] gmake[1]: *** [CMakeFiles/Makefile2:593ï¼šCMakeFiles/arm_driver_node.dir/all] é”™è¯¯ 2
[0.823s] gmake[1]: *** æ­£åœ¨ç­‰å¾…æœªå®Œæˆçš„ä»»åŠ¡....
[0.836s] [ 76%] Built target driver__py
[0.928s] running egg_info
[0.928s] writing driver.egg-info/PKG-INFO
[0.928s] writing dependency_links to driver.egg-info/dependency_links.txt
[0.928s] writing top-level names to driver.egg-info/top_level.txt
[0.930s] reading manifest file 'driver.egg-info/SOURCES.txt'
[0.930s] writing manifest file 'driver.egg-info/SOURCES.txt'
[0.947s] [ 76%] Built target ament_cmake_python_build_driver_egg
[0.948s] gmake: *** [Makefile:146ï¼šall] é”™è¯¯ 2
[0.949s] Invoked command in '/home/user/qiaoyin/build/driver' returned '2': CMAKE_PREFIX_PATH=/opt/ros/humble /usr/bin/cmake --build /home/user/qiaoyin/build/driver -- -j24 -l24
