[0.012s] Invoking command in '/home/user/qiaoyin/build/driver': CMAKE_PREFIX_PATH=/opt/ros/humble /usr/bin/cmake --build /home/user/qiaoyin/build/driver -- -j24 -l24
[0.047s] [  1%] Built target driver__cpp
[0.049s] [ 12%] Built target driver__rosidl_generator_c
[0.056s] [ 12%] Built target ament_cmake_python_copy_driver
[0.063s] [ 22%] Built target driver__rosidl_typesupport_introspection_cpp
[0.063s] [ 42%] Built target driver__rosidl_typesupport_fastrtps_cpp
[0.063s] [ 44%] Built target driver__rosidl_typesupport_c
[0.064s] [ 54%] Built target driver__rosidl_typesupport_cpp
[0.065s] [ 65%] Built target driver__rosidl_typesupport_fastrtps_c
[0.065s] [ 76%] Built target driver__rosidl_typesupport_introspection_c
[0.072s] [35m[1mConsolidate compiler generated dependencies of target arm_driver_node[0m
[0.078s] [ 76%] Built target driver
[0.084s] [ 77%] [32mBuilding CXX object CMakeFiles/arm_driver_node.dir/src/arm_driver_node.cpp.o[0m
[0.094s] [ 78%] Built target driver__py
[0.111s] [ 88%] Built target driver__rosidl_generator_py
[0.129s] [ 96%] Built target driver__rosidl_typesupport_introspection_c__pyext
[0.129s] [ 96%] Built target driver__rosidl_typesupport_c__pyext
[0.129s] [ 96%] Built target driver__rosidl_typesupport_fastrtps_c__pyext
[0.202s] running egg_info
[0.202s] writing driver.egg-info/PKG-INFO
[0.202s] writing dependency_links to driver.egg-info/dependency_links.txt
[0.202s] writing top-level names to driver.egg-info/top_level.txt
[0.204s] reading manifest file 'driver.egg-info/SOURCES.txt'
[0.204s] writing manifest file 'driver.egg-info/SOURCES.txt'
[0.220s] [ 96%] Built target ament_cmake_python_build_driver_egg
[1.450s] [01m[K/home/user/qiaoyin/src/driver/src/arm_driver_node.cpp:[m[K In member function â€˜[01m[Kvoid ArmDriverNode::handle_arm_enable(std::shared_ptr<driver::srv::ArmEnable_Request_<std::allocator<void> > >, std::shared_ptr<driver::srv::ArmEnable_Response_<std::allocator<void> > >)[m[Kâ€™:
[1.450s] [01m[K/home/user/qiaoyin/src/driver/src/arm_driver_node.cpp:120:14:[m[K [01;31m[Kerror: [m[Kâ€˜[01m[Kclass std::shared_ptr<driver::srv::ArmEnable_Response_<std::allocator<void> > >[m[Kâ€™ has no member named â€˜[01m[Ksuccess[m[Kâ€™
[1.450s]   120 |     response.[01;31m[Ksuccess[m[K = res;
[1.450s]       |              [01;31m[K^~~~~~~[m[K
[2.104s] gmake[2]: *** [CMakeFiles/arm_driver_node.dir/build.make:76ï¼šCMakeFiles/arm_driver_node.dir/src/arm_driver_node.cpp.o] é”™è¯¯ 1
[2.104s] gmake[1]: *** [CMakeFiles/Makefile2:593ï¼šCMakeFiles/arm_driver_node.dir/all] é”™è¯¯ 2
[2.104s] gmake: *** [Makefile:146ï¼šall] é”™è¯¯ 2
[2.106s] Invoked command in '/home/user/qiaoyin/build/driver' returned '2': CMAKE_PREFIX_PATH=/opt/ros/humble /usr/bin/cmake --build /home/user/qiaoyin/build/driver -- -j24 -l24
