In file included from [01m[K/home/user/qiaoyin/src/driver/src/main.cpp:2[m[K:
[01m[K/home/user/qiaoyin/src/driver/src/arm_driver_node.h:33:5:[m[K [01;31m[Kerror: [m[Kexpected unqualified-id before â€˜[01m[K)[m[Kâ€™ token
   33 |     [01;31m[K)[m[K
      |     [01;31m[K^[m[K
In file included from [01m[K/home/user/qiaoyin/src/driver/src/arm_driver_node.cpp:1[m[K:
[01m[K/home/user/qiaoyin/src/driver/src/arm_driver_node.h:33:5:[m[K [01;31m[Kerror: [m[Kexpected unqualified-id before â€˜[01m[K)[m[Kâ€™ token
   33 |     [01;31m[K)[m[K
      |     [01;31m[K^[m[K
[01m[K/home/user/qiaoyin/src/driver/src/arm_driver_node.cpp:[m[K In destructor â€˜[01m[Kvirtual ArmDriverNode::~ArmDriverNode()[m[Kâ€™:
[01m[K/home/user/qiaoyin/src/driver/src/arm_driver_node.cpp:28:5:[m[K [01;31m[Kerror: [m[Kâ€˜[01m[Kjaka_[m[Kâ€™ was not declared in this scope
   28 |     [01;31m[Kjaka_[m[K.disableMunip();
      |     [01;31m[K^~~~~[m[K
[01m[K/home/user/qiaoyin/src/driver/src/arm_driver_node.cpp:[m[K In member function â€˜[01m[Kvoid ArmDriverNode::initialize_robot()[m[Kâ€™:
[01m[K/home/user/qiaoyin/src/driver/src/arm_driver_node.cpp:34:10:[m[K [01;31m[Kerror: [m[Kâ€˜[01m[Kjaka_[m[Kâ€™ was not declared in this scope
   34 |     if (![01;31m[Kjaka_[m[K.enableMunip())
      |          [01;31m[K^~~~~[m[K
[01m[K/home/user/qiaoyin/src/driver/src/arm_driver_node.cpp:[m[K In member function â€˜[01m[Kvoid ArmDriverNode::publish_arm_info_callback()[m[Kâ€™:
[01m[K/home/user/qiaoyin/src/driver/src/arm_driver_node.cpp:43:10:[m[K [01;31m[Kerror: [m[Kâ€˜[01m[Kjaka_[m[Kâ€™ was not declared in this scope
   43 |     if (![01;31m[Kjaka_[m[K.getMotorActual(cur_joint_left, cur_joint_right, cur_cart_left, cur_cart_right))
      |          [01;31m[K^~~~~[m[K
[01m[K/home/user/qiaoyin/src/driver/src/arm_driver_node.cpp:48:5:[m[K [01;31m[Kerror: [m[Kâ€˜[01m[Kjaka_[m[Kâ€™ was not declared in this scope
   48 |     [01;31m[Kjaka_[m[K.getSpeed(cur_speed);
      |     [01;31m[K^~~~~[m[K
[01m[K/home/user/qiaoyin/src/driver/src/arm_driver_node.cpp:[m[K In member function â€˜[01m[Kvoid ArmDriverNode::handle_robot_error()[m[Kâ€™:
[01m[K/home/user/qiaoyin/src/driver/src/arm_driver_node.cpp:62:9:[m[K [01;31m[Kerror: [m[Kâ€˜[01m[Kjaka_[m[Kâ€™ was not declared in this scope
   62 |     if ([01;31m[Kjaka_[m[K.getError())
      |         [01;31m[K^~~~~[m[K
[01m[K/home/user/qiaoyin/src/driver/src/arm_driver_node.cpp:[m[K In member function â€˜[01m[Kvoid ArmDriverNode::handle_arm_set_joints(std::shared_ptr<driver::srv::ArmSetJoints_Request_<std::allocator<void> > >, std::shared_ptr<driver::srv::ArmSetJoints_Response_<std::allocator<void> > >)[m[Kâ€™:
[01m[K/home/user/qiaoyin/src/driver/src/arm_driver_node.cpp:79:19:[m[K [01;31m[Kerror: [m[Kâ€˜[01m[Kjaka_[m[Kâ€™ was not declared in this scope
   79 |     bool result = [01;31m[Kjaka_[m[K.setJoint(tar_joints_left, tar_joints_right);
      |                   [01;31m[K^~~~~[m[K
[01m[K/home/user/qiaoyin/src/driver/src/arm_driver_node.cpp:[m[K In member function â€˜[01m[Kvoid ArmDriverNode::handle_arm_set_cart(std::shared_ptr<driver::srv::ArmSetCart_Request_<std::allocator<void> > >, std::shared_ptr<driver::srv::ArmSetCart_Response_<std::allocator<void> > >)[m[Kâ€™:
[01m[K/home/user/qiaoyin/src/driver/src/arm_driver_node.cpp:100:19:[m[K [01;31m[Kerror: [m[Kâ€˜[01m[Kjaka_[m[Kâ€™ was not declared in this scope
  100 |     bool result = [01;31m[Kjaka_[m[K.setCartesian(tar_cart_left, tar_cart_right);
      |                   [01;31m[K^~~~~[m[K
[01m[K/home/user/qiaoyin/src/driver/src/arm_driver_node.cpp:[m[K At global scope:
[01m[K/home/user/qiaoyin/src/driver/src/arm_driver_node.cpp:112:35:[m[K [01;31m[Kerror: [m[Kâ€˜[01m[KArmEnable[m[Kâ€™ is not a member of â€˜[01m[Kdriver::srv[m[Kâ€™
  112 |     const shared_ptr<driver::srv::[01;31m[KArmEnable[m[K::Request> request,
      |                                   [01;31m[K^~~~~~~~~[m[K
[01m[K/home/user/qiaoyin/src/driver/src/arm_driver_node.cpp:112:53:[m[K [01;31m[Kerror: [m[Ktemplate argument 1 is invalid
  112 |     const shared_ptr<driver::srv::ArmEnable::Request[01;31m[K>[m[K request,
      |                                                     [01;31m[K^[m[K
[01m[K/home/user/qiaoyin/src/driver/src/arm_driver_node.cpp:112:35:[m[K [01;31m[Kerror: [m[Kâ€˜[01m[KArmEnable[m[Kâ€™ is not a member of â€˜[01m[Kdriver::srv[m[Kâ€™
  112 |     const shared_ptr<driver::srv::[01;31m[KArmEnable[m[K::Request> request,
      |                                   [01;31m[K^~~~~~~~~[m[K
[01m[K/home/user/qiaoyin/src/driver/src/arm_driver_node.cpp:112:53:[m[K [01;31m[Kerror: [m[Ktemplate argument 1 is invalid
  112 |     const shared_ptr<driver::srv::ArmEnable::Request[01;31m[K>[m[K request,
      |                                                     [01;31m[K^[m[K
[01m[K/home/user/qiaoyin/src/driver/src/arm_driver_node.cpp:112:35:[m[K [01;31m[Kerror: [m[Kâ€˜[01m[KArmEnable[m[Kâ€™ is not a member of â€˜[01m[Kdriver::srv[m[Kâ€™
  112 |     const shared_ptr<driver::srv::[01;31m[KArmEnable[m[K::Request> request,
      |                                   [01;31m[K^~~~~~~~~[m[K
[01m[K/home/user/qiaoyin/src/driver/src/arm_driver_node.cpp:112:53:[m[K [01;31m[Kerror: [m[Ktemplate argument 1 is invalid
  112 |     const shared_ptr<driver::srv::ArmEnable::Request[01;31m[K>[m[K request,
      |                                                     [01;31m[K^[m[K
[01m[K/home/user/qiaoyin/src/driver/src/arm_driver_node.cpp:112:11:[m[K [01;31m[Kerror: [m[Kinvalid template-id
  112 |     const [01;31m[Kshared_ptr[m[K<driver::srv::ArmEnable::Request> request,
      |           [01;31m[K^~~~~~~~~~[m[K
[01m[K/home/user/qiaoyin/src/driver/src/arm_driver_node.cpp:112:35:[m[K [01;31m[Kerror: [m[Kâ€˜[01m[KArmEnable[m[Kâ€™ is not a member of â€˜[01m[Kdriver::srv[m[Kâ€™
  112 |     const shared_ptr<driver::srv::[01;31m[KArmEnable[m[K::Request> request,
      |                                   [01;31m[K^~~~~~~~~[m[K
[01m[K/home/user/qiaoyin/src/driver/src/arm_driver_node.cpp:111:6:[m[K [01;31m[Kerror: [m[Kvariable or field â€˜[01m[Khandle_arm_enable[m[Kâ€™ declared void
  111 | void [01;31m[KArmDriverNode[m[K::handle_arm_enable(
      |      [01;31m[K^~~~~~~~~~~~~[m[K
[01m[K/home/user/qiaoyin/src/driver/src/arm_driver_node.cpp:112:5:[m[K [01;31m[Kerror: [m[Kexpected primary-expression before â€˜[01m[Kconst[m[Kâ€™
  112 |     [01;31m[Kconst[m[K shared_ptr<driver::srv::ArmEnable::Request> request,
      |     [01;31m[K^~~~~[m[K
[01m[K/home/user/qiaoyin/src/driver/src/arm_driver_node.cpp:113:29:[m[K [01;31m[Kerror: [m[Kâ€˜[01m[KArmEnable[m[Kâ€™ is not a member of â€˜[01m[Kdriver::srv[m[Kâ€™
  113 |     shared_ptr<driver::srv::[01;31m[KArmEnable[m[K::Response> response)
      |                             [01;31m[K^~~~~~~~~[m[K
[01m[K/home/user/qiaoyin/src/driver/src/arm_driver_node.cpp:113:48:[m[K [01;31m[Kerror: [m[Ktemplate argument 1 is invalid
  113 |     shared_ptr<driver::srv::ArmEnable::Response[01;31m[K>[m[K response)
      |                                                [01;31m[K^[m[K
gmake[2]: *** [CMakeFiles/arm_driver_node.dir/build.make:104ï¼šCMakeFiles/arm_driver_node.dir/src/main.cpp.o] é”™è¯¯ 1
gmake[2]: *** æ­£åœ¨ç­‰å¾…æœªå®Œæˆçš„ä»»åŠ¡....
gmake[2]: *** [CMakeFiles/arm_driver_node.dir/build.make:76ï¼šCMakeFiles/arm_driver_node.dir/src/arm_driver_node.cpp.o] é”™è¯¯ 1
gmake[1]: *** [CMakeFiles/Makefile2:593ï¼šCMakeFiles/arm_driver_node.dir/all] é”™è¯¯ 2
gmake: *** [Makefile:146ï¼šall] é”™è¯¯ 2
