[0.009s] Invoking command in '/home/user/qiaoyin/build/driver': CMAKE_PREFIX_PATH=/opt/ros/humble /usr/bin/cmake --build /home/user/qiaoyin/build/driver -- -j24 -l24
[0.042s] -- Found ament_cmake: 1.3.11 (/opt/ros/humble/share/ament_cmake/cmake)
[0.138s] -- Found rclcpp: 16.0.12 (/opt/ros/humble/share/rclcpp/cmake)
[0.161s] -- Found rosidl_generator_c: 3.1.6 (/opt/ros/humble/share/rosidl_generator_c/cmake)
[0.163s] -- Found rosidl_adapter: 3.1.6 (/opt/ros/humble/share/rosidl_adapter/cmake)
[0.169s] -- Found rosidl_generator_cpp: 3.1.6 (/opt/ros/humble/share/rosidl_generator_cpp/cmake)
[0.176s] -- Using all available rosidl_typesupport_c: rosidl_typesupport_fastrtps_c;rosidl_typesupport_introspection_c
[0.186s] -- Using all available rosidl_typesupport_cpp: rosidl_typesupport_fastrtps_cpp;rosidl_typesupport_introspection_cpp
[0.211s] -- Found rmw_implementation_cmake: 6.1.2 (/opt/ros/humble/share/rmw_implementation_cmake/cmake)
[0.212s] -- Found rmw_fastrtps_cpp: 6.2.7 (/opt/ros/humble/share/rmw_fastrtps_cpp/cmake)
[0.278s] -- Using RMW implementation 'rmw_fastrtps_cpp' as default
[0.317s] -- Found rosidl_default_generators: 1.2.0 (/opt/ros/humble/share/rosidl_default_generators/cmake)
[0.502s] -- Found ament_cmake_ros: 0.10.0 (/opt/ros/humble/share/ament_cmake_ros/cmake)
[0.701s] -- Using all available rosidl_typesupport_c: rosidl_typesupport_fastrtps_c;rosidl_typesupport_introspection_c
[0.780s] -- Using all available rosidl_typesupport_cpp: rosidl_typesupport_fastrtps_cpp;rosidl_typesupport_introspection_cpp
[0.798s] -- Found python_cmake_module: 0.10.0 (/opt/ros/humble/share/python_cmake_module/cmake)
[0.815s] -- Using PYTHON_EXECUTABLE: /usr/bin/python3
[0.815s] -- Using PYTHON_INCLUDE_DIRS: /usr/include/python3.10
[0.815s] -- Using PYTHON_LIBRARIES: /usr/lib/x86_64-linux-gnu/libpython3.10.so
[0.823s] -- Found ament_lint_auto: 0.12.12 (/opt/ros/humble/share/ament_lint_auto/cmake)
[0.833s] -- Added test 'cppcheck' to perform static code analysis on C / C++ code
[0.834s] -- Configured cppcheck include dirs: /home/user/qiaoyin/src/driver/include;/home/user/qiaoyin/src/driver/include/driver;/home/user/qiaoyin/src/driver/src
[0.834s] -- Configured cppcheck exclude dirs and/or files: 
[0.835s] -- Added test 'lint_cmake' to check CMake code style
[0.836s] -- Added test 'uncrustify' to check C / C++ code style
[0.836s] -- Configured uncrustify additional arguments: 
[0.836s] -- Added test 'xmllint' to check XML markup files
[0.838s] -- Configuring done
[0.871s] -- Generating done
[0.878s] -- Build files have been written to: /home/user/qiaoyin/build/driver
[0.896s] [  1%] [34m[1mGenerating C code for ROS interfaces[0m
[0.904s] [  2%] [34m[1mGenerating C++ code for ROS interfaces[0m
[0.912s] [  2%] Built target ament_cmake_python_copy_driver
[1.056s] running egg_info
[1.057s] writing driver.egg-info/PKG-INFO
[1.057s] writing dependency_links to driver.egg-info/dependency_links.txt
[1.057s] writing top-level names to driver.egg-info/top_level.txt
[1.059s] reading manifest file 'driver.egg-info/SOURCES.txt'
[1.059s] writing manifest file 'driver.egg-info/SOURCES.txt'
[1.077s] [  2%] Built target ament_cmake_python_build_driver_egg
[1.235s] [35m[1mConsolidate compiler generated dependencies of target driver__rosidl_generator_c[0m
[1.240s] [  2%] Built target driver__cpp
[1.244s] [  5%] [32mBuilding C object CMakeFiles/driver__rosidl_generator_c.dir/rosidl_generator_c/driver/msg/detail/agv_info__functions.c.o[0m
[1.244s] [  5%] [32mBuilding C object CMakeFiles/driver__rosidl_generator_c.dir/rosidl_generator_c/driver/srv/detail/arm_set_cart__functions.c.o[0m
[1.244s] [  7%] [32mBuilding C object CMakeFiles/driver__rosidl_generator_c.dir/rosidl_generator_c/driver/msg/detail/arm_info__functions.c.o[0m
[1.244s] [  8%] [32mBuilding C object CMakeFiles/driver__rosidl_generator_c.dir/rosidl_generator_c/driver/srv/detail/arm_set_joints__functions.c.o[0m
[1.246s] [ 11%] [32mBuilding C object CMakeFiles/driver__rosidl_generator_c.dir/rosidl_generator_c/driver/msg/detail/gripper_info__functions.c.o[0m
[1.246s] [ 11%] [34m[1mGenerating C++ type support dispatch for ROS interfaces[0m
[1.246s] [ 13%] [34m[1mGenerating C++ type support for eProsima Fast-RTPS[0m
[1.247s] [ 14%] [34m[1mGenerating C++ introspection for ROS interfaces[0m
[1.292s] [ 16%] [32m[1mLinking C shared library libdriver__rosidl_generator_c.so[0m
[1.325s] [ 16%] Built target driver__rosidl_generator_c
[1.332s] [ 17%] [34m[1mGenerating C type support for eProsima Fast-RTPS[0m
[1.334s] [ 20%] [34m[1mGenerating C introspection for ROS interfaces[0m
[1.334s] [ 20%] [34m[1mGenerating C type support dispatch for ROS interfaces[0m
[1.497s] [35m[1mConsolidate compiler generated dependencies of target driver__rosidl_typesupport_cpp[0m
[1.507s] [ 22%] [32mBuilding CXX object CMakeFiles/driver__rosidl_typesupport_cpp.dir/rosidl_typesupport_cpp/driver/srv/arm_set_cart__type_support.cpp.o[0m
[1.507s] [ 23%] [32mBuilding CXX object CMakeFiles/driver__rosidl_typesupport_cpp.dir/rosidl_typesupport_cpp/driver/msg/gripper_info__type_support.cpp.o[0m
[1.509s] [ 25%] [32mBuilding CXX object CMakeFiles/driver__rosidl_typesupport_cpp.dir/rosidl_typesupport_cpp/driver/srv/arm_set_joints__type_support.cpp.o[0m
[1.509s] [ 26%] [32mBuilding CXX object CMakeFiles/driver__rosidl_typesupport_cpp.dir/rosidl_typesupport_cpp/driver/msg/arm_info__type_support.cpp.o[0m
[1.509s] [ 28%] [32mBuilding CXX object CMakeFiles/driver__rosidl_typesupport_cpp.dir/rosidl_typesupport_cpp/driver/msg/agv_info__type_support.cpp.o[0m
[1.548s] [35m[1mConsolidate compiler generated dependencies of target driver__rosidl_typesupport_introspection_cpp[0m
[1.558s] [ 29%] [32mBuilding CXX object CMakeFiles/driver__rosidl_typesupport_introspection_cpp.dir/rosidl_typesupport_introspection_cpp/driver/srv/detail/arm_set_cart__type_support.cpp.o[0m
[1.559s] [ 31%] [32mBuilding CXX object CMakeFiles/driver__rosidl_typesupport_introspection_cpp.dir/rosidl_typesupport_introspection_cpp/driver/srv/detail/arm_set_joints__type_support.cpp.o[0m
[1.559s] [ 32%] [32mBuilding CXX object CMakeFiles/driver__rosidl_typesupport_introspection_cpp.dir/rosidl_typesupport_introspection_cpp/driver/msg/detail/agv_info__type_support.cpp.o[0m
[1.561s] [ 34%] [32mBuilding CXX object CMakeFiles/driver__rosidl_typesupport_introspection_cpp.dir/rosidl_typesupport_introspection_cpp/driver/msg/detail/arm_info__type_support.cpp.o[0m
[1.561s] [ 35%] [32mBuilding CXX object CMakeFiles/driver__rosidl_typesupport_introspection_cpp.dir/rosidl_typesupport_introspection_cpp/driver/msg/detail/gripper_info__type_support.cpp.o[0m
[1.594s] [35m[1mConsolidate compiler generated dependencies of target driver__rosidl_typesupport_c[0m
[1.601s] [35m[1mConsolidate compiler generated dependencies of target driver__rosidl_typesupport_fastrtps_cpp[0m
[1.602s] [ 37%] [32mBuilding CXX object CMakeFiles/driver__rosidl_typesupport_c.dir/rosidl_typesupport_c/driver/msg/agv_info__type_support.cpp.o[0m
[1.603s] [ 38%] [32mBuilding CXX object CMakeFiles/driver__rosidl_typesupport_c.dir/rosidl_typesupport_c/driver/msg/gripper_info__type_support.cpp.o[0m
[1.603s] [ 40%] [32mBuilding CXX object CMakeFiles/driver__rosidl_typesupport_c.dir/rosidl_typesupport_c/driver/msg/arm_info__type_support.cpp.o[0m
[1.604s] [ 43%] [32mBuilding CXX object CMakeFiles/driver__rosidl_typesupport_c.dir/rosidl_typesupport_c/driver/srv/arm_set_cart__type_support.cpp.o[0m
[1.604s] [ 43%] [32mBuilding CXX object CMakeFiles/driver__rosidl_typesupport_c.dir/rosidl_typesupport_c/driver/srv/arm_set_joints__type_support.cpp.o[0m
[1.616s] [ 46%] [32mBuilding CXX object CMakeFiles/driver__rosidl_typesupport_fastrtps_cpp.dir/rosidl_typesupport_fastrtps_cpp/driver/srv/detail/dds_fastrtps/arm_set_joints__type_support.cpp.o[0m
[1.616s] [ 46%] [32mBuilding CXX object CMakeFiles/driver__rosidl_typesupport_fastrtps_cpp.dir/rosidl_typesupport_fastrtps_cpp/driver/srv/detail/dds_fastrtps/arm_set_cart__type_support.cpp.o[0m
[1.616s] [ 49%] [32mBuilding CXX object CMakeFiles/driver__rosidl_typesupport_fastrtps_cpp.dir/rosidl_typesupport_fastrtps_cpp/driver/msg/detail/dds_fastrtps/gripper_info__type_support.cpp.o[0m
[1.616s] [ 49%] [32mBuilding CXX object CMakeFiles/driver__rosidl_typesupport_fastrtps_cpp.dir/rosidl_typesupport_fastrtps_cpp/driver/msg/detail/dds_fastrtps/agv_info__type_support.cpp.o[0m
[1.617s] [ 50%] [32mBuilding CXX object CMakeFiles/driver__rosidl_typesupport_fastrtps_cpp.dir/rosidl_typesupport_fastrtps_cpp/driver/msg/detail/dds_fastrtps/arm_info__type_support.cpp.o[0m
[1.639s] [ 52%] [32m[1mLinking CXX shared library libdriver__rosidl_typesupport_c.so[0m
[1.677s] [ 52%] Built target driver__rosidl_typesupport_c
[1.685s] [35m[1mConsolidate compiler generated dependencies of target driver__rosidl_typesupport_introspection_c[0m
[1.686s] [35m[1mConsolidate compiler generated dependencies of target driver__rosidl_typesupport_fastrtps_c[0m
[1.699s] [ 53%] [32mBuilding C object CMakeFiles/driver__rosidl_typesupport_introspection_c.dir/rosidl_typesupport_introspection_c/driver/srv/detail/arm_set_joints__type_support.c.o[0m
[1.699s] [ 56%] [32mBuilding C object CMakeFiles/driver__rosidl_typesupport_introspection_c.dir/rosidl_typesupport_introspection_c/driver/msg/detail/gripper_info__type_support.c.o[0m
[1.699s] [ 56%] [32mBuilding C object CMakeFiles/driver__rosidl_typesupport_introspection_c.dir/rosidl_typesupport_introspection_c/driver/msg/detail/arm_info__type_support.c.o[0m
[1.700s] [ 58%] [32mBuilding CXX object CMakeFiles/driver__rosidl_typesupport_fastrtps_c.dir/rosidl_typesupport_fastrtps_c/driver/srv/detail/arm_set_cart__type_support_c.cpp.o[0m
[1.701s] [ 59%] [32mBuilding C object CMakeFiles/driver__rosidl_typesupport_introspection_c.dir/rosidl_typesupport_introspection_c/driver/srv/detail/arm_set_cart__type_support.c.o[0m
[1.701s] [ 61%] [32mBuilding CXX object CMakeFiles/driver__rosidl_typesupport_fastrtps_c.dir/rosidl_typesupport_fastrtps_c/driver/srv/detail/arm_set_joints__type_support_c.cpp.o[0m
[1.702s] [ 62%] [32mBuilding CXX object CMakeFiles/driver__rosidl_typesupport_fastrtps_c.dir/rosidl_typesupport_fastrtps_c/driver/msg/detail/agv_info__type_support_c.cpp.o[0m
[1.703s] [ 64%] [32mBuilding CXX object CMakeFiles/driver__rosidl_typesupport_fastrtps_c.dir/rosidl_typesupport_fastrtps_c/driver/msg/detail/arm_info__type_support_c.cpp.o[0m
[1.705s] [ 65%] [32mBuilding C object CMakeFiles/driver__rosidl_typesupport_introspection_c.dir/rosidl_typesupport_introspection_c/driver/msg/detail/agv_info__type_support.c.o[0m
[1.750s] [ 67%] [32mBuilding CXX object CMakeFiles/driver__rosidl_typesupport_fastrtps_c.dir/rosidl_typesupport_fastrtps_c/driver/msg/detail/gripper_info__type_support_c.cpp.o[0m
[1.780s] [ 68%] [32m[1mLinking C shared library libdriver__rosidl_typesupport_introspection_c.so[0m
[1.816s] [ 68%] Built target driver__rosidl_typesupport_introspection_c
[1.849s] [ 70%] [32m[1mLinking CXX shared library libdriver__rosidl_typesupport_cpp.so[0m
[1.895s] [ 70%] Built target driver__rosidl_typesupport_cpp
[1.906s] [35m[1mConsolidate compiler generated dependencies of target arm_driver_node[0m
[1.925s] [ 71%] [32mBuilding CXX object CMakeFiles/arm_driver_node.dir/src/jaka.cpp.o[0m
[1.925s] [ 73%] [32mBuilding CXX object CMakeFiles/arm_driver_node.dir/src/main.cpp.o[0m
[1.926s] [ 74%] [32mBuilding CXX object CMakeFiles/arm_driver_node.dir/src/arm_driver_node.cpp.o[0m
[2.033s] [ 76%] [32m[1mLinking CXX shared library libdriver__rosidl_typesupport_fastrtps_cpp.so[0m
[2.044s] [ 77%] [32m[1mLinking CXX shared library libdriver__rosidl_typesupport_introspection_cpp.so[0m
[2.077s] [ 79%] [32m[1mLinking CXX shared library libdriver__rosidl_typesupport_fastrtps_c.so[0m
[2.093s] [ 79%] Built target driver__rosidl_typesupport_fastrtps_cpp
[2.099s] [ 79%] Built target driver__rosidl_typesupport_introspection_cpp
[2.130s] [ 79%] Built target driver__rosidl_typesupport_fastrtps_c
[2.146s] [ 79%] Built target driver
[2.161s] [ 80%] [34m[1mGenerating Python code for ROS interfaces[0m
[2.689s] [ 80%] Built target driver__py
[2.699s] [35m[1mConsolidate compiler generated dependencies of target driver__rosidl_generator_py[0m
[2.709s] [ 82%] [32mBuilding C object CMakeFiles/driver__rosidl_generator_py.dir/rosidl_generator_py/driver/srv/_arm_set_cart_s.c.o[0m
[2.710s] [ 83%] [32mBuilding C object CMakeFiles/driver__rosidl_generator_py.dir/rosidl_generator_py/driver/msg/_agv_info_s.c.o[0m
[2.710s] [ 85%] [32mBuilding C object CMakeFiles/driver__rosidl_generator_py.dir/rosidl_generator_py/driver/msg/_arm_info_s.c.o[0m
[2.710s] [ 86%] [32mBuilding C object CMakeFiles/driver__rosidl_generator_py.dir/rosidl_generator_py/driver/msg/_gripper_info_s.c.o[0m
[2.711s] [ 88%] [32mBuilding C object CMakeFiles/driver__rosidl_generator_py.dir/rosidl_generator_py/driver/srv/_arm_set_joints_s.c.o[0m
[2.799s] [ 89%] [32m[1mLinking C shared library rosidl_generator_py/driver/libdriver__rosidl_generator_py.so[0m
[2.831s] [ 89%] Built target driver__rosidl_generator_py
[2.838s] [35m[1mConsolidate compiler generated dependencies of target driver__rosidl_typesupport_fastrtps_c__pyext[0m
[2.841s] [35m[1mConsolidate compiler generated dependencies of target driver__rosidl_typesupport_c__pyext[0m
[2.841s] [35m[1mConsolidate compiler generated dependencies of target driver__rosidl_typesupport_introspection_c__pyext[0m
[2.848s] [ 91%] [32mBuilding C object CMakeFiles/driver__rosidl_typesupport_fastrtps_c__pyext.dir/rosidl_generator_py/driver/_driver_s.ep.rosidl_typesupport_fastrtps_c.c.o[0m
[2.852s] [ 92%] [32mBuilding C object CMakeFiles/driver__rosidl_typesupport_introspection_c__pyext.dir/rosidl_generator_py/driver/_driver_s.ep.rosidl_typesupport_introspection_c.c.o[0m
[2.853s] [ 94%] [32mBuilding C object CMakeFiles/driver__rosidl_typesupport_c__pyext.dir/rosidl_generator_py/driver/_driver_s.ep.rosidl_typesupport_c.c.o[0m
[2.920s] [ 95%] [32m[1mLinking C shared library rosidl_generator_py/driver/driver_s__rosidl_typesupport_fastrtps_c.cpython-310-x86_64-linux-gnu.so[0m
[2.923s] [ 97%] [32m[1mLinking C shared library rosidl_generator_py/driver/driver_s__rosidl_typesupport_c.cpython-310-x86_64-linux-gnu.so[0m
[2.927s] [ 98%] [32m[1mLinking C shared library rosidl_generator_py/driver/driver_s__rosidl_typesupport_introspection_c.cpython-310-x86_64-linux-gnu.so[0m
[2.948s] [ 98%] Built target driver__rosidl_typesupport_fastrtps_c__pyext
[2.948s] [ 98%] Built target driver__rosidl_typesupport_c__pyext
[2.952s] [ 98%] Built target driver__rosidl_typesupport_introspection_c__pyext
[3.361s] In file included from [01m[K/home/user/qiaoyin/src/driver/src/main.cpp:2[m[K:
[3.361s] [01m[K/home/user/qiaoyin/src/driver/src/arm_driver_node.h:33:5:[m[K [01;31m[Kerror: [m[Kexpected unqualified-id before ‚Äò[01m[K)[m[K‚Äô token
[3.361s]    33 |     [01;31m[K)[m[K
[3.361s]       |     [01;31m[K^[m[K
[3.372s] In file included from [01m[K/home/user/qiaoyin/src/driver/src/arm_driver_node.cpp:1[m[K:
[3.372s] [01m[K/home/user/qiaoyin/src/driver/src/arm_driver_node.h:33:5:[m[K [01;31m[Kerror: [m[Kexpected unqualified-id before ‚Äò[01m[K)[m[K‚Äô token
[3.372s]    33 |     [01;31m[K)[m[K
[3.372s]       |     [01;31m[K^[m[K
[3.414s] [01m[K/home/user/qiaoyin/src/driver/src/arm_driver_node.cpp:[m[K In destructor ‚Äò[01m[Kvirtual ArmDriverNode::~ArmDriverNode()[m[K‚Äô:
[3.414s] [01m[K/home/user/qiaoyin/src/driver/src/arm_driver_node.cpp:28:5:[m[K [01;31m[Kerror: [m[K‚Äò[01m[Kjaka_[m[K‚Äô was not declared in this scope
[3.414s]    28 |     [01;31m[Kjaka_[m[K.disableMunip();
[3.414s]       |     [01;31m[K^~~~~[m[K
[3.417s] [01m[K/home/user/qiaoyin/src/driver/src/arm_driver_node.cpp:[m[K In member function ‚Äò[01m[Kvoid ArmDriverNode::initialize_robot()[m[K‚Äô:
[3.417s] [01m[K/home/user/qiaoyin/src/driver/src/arm_driver_node.cpp:34:10:[m[K [01;31m[Kerror: [m[K‚Äò[01m[Kjaka_[m[K‚Äô was not declared in this scope
[3.417s]    34 |     if (![01;31m[Kjaka_[m[K.enableMunip())
[3.418s]       |          [01;31m[K^~~~~[m[K
[3.421s] [01m[K/home/user/qiaoyin/src/driver/src/arm_driver_node.cpp:[m[K In member function ‚Äò[01m[Kvoid ArmDriverNode::publish_arm_info_callback()[m[K‚Äô:
[3.421s] [01m[K/home/user/qiaoyin/src/driver/src/arm_driver_node.cpp:43:10:[m[K [01;31m[Kerror: [m[K‚Äò[01m[Kjaka_[m[K‚Äô was not declared in this scope
[3.421s]    43 |     if (![01;31m[Kjaka_[m[K.getMotorActual(cur_joint_left, cur_joint_right, cur_cart_left, cur_cart_right))
[3.421s]       |          [01;31m[K^~~~~[m[K
[3.424s] [01m[K/home/user/qiaoyin/src/driver/src/arm_driver_node.cpp:48:5:[m[K [01;31m[Kerror: [m[K‚Äò[01m[Kjaka_[m[K‚Äô was not declared in this scope
[3.424s]    48 |     [01;31m[Kjaka_[m[K.getSpeed(cur_speed);
[3.424s]       |     [01;31m[K^~~~~[m[K
[3.428s] [01m[K/home/user/qiaoyin/src/driver/src/arm_driver_node.cpp:[m[K In member function ‚Äò[01m[Kvoid ArmDriverNode::handle_robot_error()[m[K‚Äô:
[3.428s] [01m[K/home/user/qiaoyin/src/driver/src/arm_driver_node.cpp:62:9:[m[K [01;31m[Kerror: [m[K‚Äò[01m[Kjaka_[m[K‚Äô was not declared in this scope
[3.428s]    62 |     if ([01;31m[Kjaka_[m[K.getError())
[3.428s]       |         [01;31m[K^~~~~[m[K
[3.432s] [01m[K/home/user/qiaoyin/src/driver/src/arm_driver_node.cpp:[m[K In member function ‚Äò[01m[Kvoid ArmDriverNode::handle_arm_set_joints(std::shared_ptr<driver::srv::ArmSetJoints_Request_<std::allocator<void> > >, std::shared_ptr<driver::srv::ArmSetJoints_Response_<std::allocator<void> > >)[m[K‚Äô:
[3.432s] [01m[K/home/user/qiaoyin/src/driver/src/arm_driver_node.cpp:79:19:[m[K [01;31m[Kerror: [m[K‚Äò[01m[Kjaka_[m[K‚Äô was not declared in this scope
[3.432s]    79 |     bool result = [01;31m[Kjaka_[m[K.setJoint(tar_joints_left, tar_joints_right);
[3.432s]       |                   [01;31m[K^~~~~[m[K
[3.436s] [01m[K/home/user/qiaoyin/src/driver/src/arm_driver_node.cpp:[m[K In member function ‚Äò[01m[Kvoid ArmDriverNode::handle_arm_set_cart(std::shared_ptr<driver::srv::ArmSetCart_Request_<std::allocator<void> > >, std::shared_ptr<driver::srv::ArmSetCart_Response_<std::allocator<void> > >)[m[K‚Äô:
[3.436s] [01m[K/home/user/qiaoyin/src/driver/src/arm_driver_node.cpp:100:19:[m[K [01;31m[Kerror: [m[K‚Äò[01m[Kjaka_[m[K‚Äô was not declared in this scope
[3.436s]   100 |     bool result = [01;31m[Kjaka_[m[K.setCartesian(tar_cart_left, tar_cart_right);
[3.436s]       |                   [01;31m[K^~~~~[m[K
[3.437s] [01m[K/home/user/qiaoyin/src/driver/src/arm_driver_node.cpp:[m[K At global scope:
[3.437s] [01m[K/home/user/qiaoyin/src/driver/src/arm_driver_node.cpp:112:35:[m[K [01;31m[Kerror: [m[K‚Äò[01m[KArmEnable[m[K‚Äô is not a member of ‚Äò[01m[Kdriver::srv[m[K‚Äô
[3.437s]   112 |     const shared_ptr<driver::srv::[01;31m[KArmEnable[m[K::Request> request,
[3.437s]       |                                   [01;31m[K^~~~~~~~~[m[K
[3.437s] [01m[K/home/user/qiaoyin/src/driver/src/arm_driver_node.cpp:112:53:[m[K [01;31m[Kerror: [m[Ktemplate argument 1 is invalid
[3.437s]   112 |     const shared_ptr<driver::srv::ArmEnable::Request[01;31m[K>[m[K request,
[3.437s]       |                                                     [01;31m[K^[m[K
[3.437s] [01m[K/home/user/qiaoyin/src/driver/src/arm_driver_node.cpp:112:35:[m[K [01;31m[Kerror: [m[K‚Äò[01m[KArmEnable[m[K‚Äô is not a member of ‚Äò[01m[Kdriver::srv[m[K‚Äô
[3.437s]   112 |     const shared_ptr<driver::srv::[01;31m[KArmEnable[m[K::Request> request,
[3.437s]       |                                   [01;31m[K^~~~~~~~~[m[K
[3.437s] [01m[K/home/user/qiaoyin/src/driver/src/arm_driver_node.cpp:112:53:[m[K [01;31m[Kerror: [m[Ktemplate argument 1 is invalid
[3.437s]   112 |     const shared_ptr<driver::srv::ArmEnable::Request[01;31m[K>[m[K request,
[3.437s]       |                                                     [01;31m[K^[m[K
[3.437s] [01m[K/home/user/qiaoyin/src/driver/src/arm_driver_node.cpp:112:35:[m[K [01;31m[Kerror: [m[K‚Äò[01m[KArmEnable[m[K‚Äô is not a member of ‚Äò[01m[Kdriver::srv[m[K‚Äô
[3.437s]   112 |     const shared_ptr<driver::srv::[01;31m[KArmEnable[m[K::Request> request,
[3.438s]       |                                   [01;31m[K^~~~~~~~~[m[K
[3.438s] [01m[K/home/user/qiaoyin/src/driver/src/arm_driver_node.cpp:112:53:[m[K [01;31m[Kerror: [m[Ktemplate argument 1 is invalid
[3.438s]   112 |     const shared_ptr<driver::srv::ArmEnable::Request[01;31m[K>[m[K request,
[3.438s]       |                                                     [01;31m[K^[m[K
[3.438s] [01m[K/home/user/qiaoyin/src/driver/src/arm_driver_node.cpp:112:11:[m[K [01;31m[Kerror: [m[Kinvalid template-id
[3.438s]   112 |     const [01;31m[Kshared_ptr[m[K<driver::srv::ArmEnable::Request> request,
[3.438s]       |           [01;31m[K^~~~~~~~~~[m[K
[3.438s] [01m[K/home/user/qiaoyin/src/driver/src/arm_driver_node.cpp:112:35:[m[K [01;31m[Kerror: [m[K‚Äò[01m[KArmEnable[m[K‚Äô is not a member of ‚Äò[01m[Kdriver::srv[m[K‚Äô
[3.438s]   112 |     const shared_ptr<driver::srv::[01;31m[KArmEnable[m[K::Request> request,
[3.438s]       |                                   [01;31m[K^~~~~~~~~[m[K
[3.438s] [01m[K/home/user/qiaoyin/src/driver/src/arm_driver_node.cpp:111:6:[m[K [01;31m[Kerror: [m[Kvariable or field ‚Äò[01m[Khandle_arm_enable[m[K‚Äô declared void
[3.438s]   111 | void [01;31m[KArmDriverNode[m[K::handle_arm_enable(
[3.438s]       |      [01;31m[K^~~~~~~~~~~~~[m[K
[3.438s] [01m[K/home/user/qiaoyin/src/driver/src/arm_driver_node.cpp:112:5:[m[K [01;31m[Kerror: [m[Kexpected primary-expression before ‚Äò[01m[Kconst[m[K‚Äô
[3.438s]   112 |     [01;31m[Kconst[m[K shared_ptr<driver::srv::ArmEnable::Request> request,
[3.438s]       |     [01;31m[K^~~~~[m[K
[3.438s] [01m[K/home/user/qiaoyin/src/driver/src/arm_driver_node.cpp:113:29:[m[K [01;31m[Kerror: [m[K‚Äò[01m[KArmEnable[m[K‚Äô is not a member of ‚Äò[01m[Kdriver::srv[m[K‚Äô
[3.438s]   113 |     shared_ptr<driver::srv::[01;31m[KArmEnable[m[K::Response> response)
[3.438s]       |                             [01;31m[K^~~~~~~~~[m[K
[3.438s] [01m[K/home/user/qiaoyin/src/driver/src/arm_driver_node.cpp:113:48:[m[K [01;31m[Kerror: [m[Ktemplate argument 1 is invalid
[3.438s]   113 |     shared_ptr<driver::srv::ArmEnable::Response[01;31m[K>[m[K response)
[3.438s]       |                                                [01;31m[K^[m[K
[3.650s] gmake[2]: *** [CMakeFiles/arm_driver_node.dir/build.make:104ÔºöCMakeFiles/arm_driver_node.dir/src/main.cpp.o] ÈîôËØØ 1
[3.650s] gmake[2]: *** Ê≠£Âú®Á≠âÂæÖÊú™ÂÆåÊàêÁöÑ‰ªªÂä°....
[4.132s] gmake[2]: *** [CMakeFiles/arm_driver_node.dir/build.make:76ÔºöCMakeFiles/arm_driver_node.dir/src/arm_driver_node.cpp.o] ÈîôËØØ 1
[4.132s] gmake[1]: *** [CMakeFiles/Makefile2:593ÔºöCMakeFiles/arm_driver_node.dir/all] ÈîôËØØ 2
[4.132s] gmake: *** [Makefile:146Ôºöall] ÈîôËØØ 2
[4.134s] Invoked command in '/home/user/qiaoyin/build/driver' returned '2': CMAKE_PREFIX_PATH=/opt/ros/humble /usr/bin/cmake --build /home/user/qiaoyin/build/driver -- -j24 -l24
