[0.009s] Invoking command in '/home/user/qiaoyin/build/driver': CMAKE_PREFIX_PATH=/opt/ros/humble /usr/bin/cmake --build /home/user/qiaoyin/build/driver -- -j24 -l24
[0.045s] [  1%] Built target driver__cpp
[0.047s] [ 11%] Built target driver__rosidl_generator_c
[0.053s] [ 11%] Built target ament_cmake_python_copy_driver
[0.060s] [ 22%] Built target driver__rosidl_typesupport_introspection_cpp
[0.061s] [ 40%] Built target driver__rosidl_typesupport_introspection_c
[0.061s] [ 43%] Built target driver__rosidl_typesupport_cpp
[0.062s] [ 53%] Built target driver__rosidl_typesupport_c
[0.063s] [ 64%] Built target driver__rosidl_typesupport_fastrtps_c
[0.064s] [ 74%] Built target driver__rosidl_typesupport_fastrtps_cpp
[0.071s] [35m[1mConsolidate compiler generated dependencies of target arm_driver_node[0m
[0.078s] [ 74%] Built target driver
[0.084s] [ 76%] [32mBuilding CXX object CMakeFiles/arm_driver_node.dir/src/main.cpp.o[0m
[0.085s] [ 77%] [32mBuilding CXX object CMakeFiles/arm_driver_node.dir/src/jaka.cpp.o[0m
[0.085s] [ 79%] [32mBuilding CXX object CMakeFiles/arm_driver_node.dir/src/arm_driver_node.cpp.o[0m
[0.091s] [ 80%] Built target driver__py
[0.111s] [ 89%] Built target driver__rosidl_generator_py
[0.126s] [ 95%] Built target driver__rosidl_typesupport_c__pyext
[0.126s] [ 95%] Built target driver__rosidl_typesupport_introspection_c__pyext
[0.129s] [ 98%] Built target driver__rosidl_typesupport_fastrtps_c__pyext
[0.204s] running egg_info
[0.204s] writing driver.egg-info/PKG-INFO
[0.204s] writing dependency_links to driver.egg-info/dependency_links.txt
[0.204s] writing top-level names to driver.egg-info/top_level.txt
[0.206s] reading manifest file 'driver.egg-info/SOURCES.txt'
[0.206s] writing manifest file 'driver.egg-info/SOURCES.txt'
[0.222s] [ 98%] Built target ament_cmake_python_build_driver_egg
[0.298s] In file included from [01m[K/home/user/qiaoyin/src/driver/src/jaka.cpp:1[m[K:
[0.298s] [01m[K/home/user/qiaoyin/src/driver/src/jaka.h:[m[K In member function â€˜[01m[Kvoid JAKA::getSpeed(double*)[m[Kâ€™:
[0.298s] [01m[K/home/user/qiaoyin/src/driver/src/jaka.h:81:26:[m[K [01;35m[Kwarning: [m[Kparameter â€˜[01m[Kcur_speed[m[Kâ€™ set but not used [[01;35m[K]8;;https://gcc.gnu.org/onlinedocs/gcc/Warning-Options.html#index-Wunused-but-set-parameter-Wunused-but-set-parameter]8;;[m[K]
[0.298s]    81 |     void getSpeed([01;35m[Kdouble cur_speed[][m[K){cur_speed = speed;};
[0.298s]       |                   [01;35m[K~~~~~~~^~~~~~~~~~~[m[K
[0.358s] In file included from [01m[K/home/user/qiaoyin/src/driver/src/arm_driver_node.h:3[m[K,
[0.358s]                  from [01m[K/home/user/qiaoyin/src/driver/src/arm_driver_node.cpp:1[m[K:
[0.358s] [01m[K/home/user/qiaoyin/src/driver/src/jaka.h:[m[K In member function â€˜[01m[Kvoid JAKA::getSpeed(double*)[m[Kâ€™:
[0.358s] [01m[K/home/user/qiaoyin/src/driver/src/jaka.h:81:26:[m[K [01;35m[Kwarning: [m[Kparameter â€˜[01m[Kcur_speed[m[Kâ€™ set but not used [[01;35m[K]8;;https://gcc.gnu.org/onlinedocs/gcc/Warning-Options.html#index-Wunused-but-set-parameter-Wunused-but-set-parameter]8;;[m[K]
[0.358s]    81 |     void getSpeed([01;35m[Kdouble cur_speed[][m[K){cur_speed = speed;};
[0.358s]       |                   [01;35m[K~~~~~~~^~~~~~~~~~~[m[K
[1.367s] In file included from [01m[K/home/user/qiaoyin/src/driver/src/arm_driver_node.h:3[m[K,
[1.367s]                  from [01m[K/home/user/qiaoyin/src/driver/src/main.cpp:2[m[K:
[1.367s] [01m[K/home/user/qiaoyin/src/driver/src/jaka.h:[m[K In member function â€˜[01m[Kvoid JAKA::getSpeed(double*)[m[Kâ€™:
[1.367s] [01m[K/home/user/qiaoyin/src/driver/src/jaka.h:81:26:[m[K [01;35m[Kwarning: [m[Kparameter â€˜[01m[Kcur_speed[m[Kâ€™ set but not used [[01;35m[K]8;;https://gcc.gnu.org/onlinedocs/gcc/Warning-Options.html#index-Wunused-but-set-parameter-Wunused-but-set-parameter]8;;[m[K]
[1.367s]    81 |     void getSpeed([01;35m[Kdouble cur_speed[][m[K){cur_speed = speed;};
[1.367s]       |                   [01;35m[K~~~~~~~^~~~~~~~~~~[m[K
[1.402s] [01m[K/home/user/qiaoyin/src/driver/src/arm_driver_node.cpp:[m[K In member function â€˜[01m[Kvoid ArmDriverNode::publish_arm_info_callback()[m[Kâ€™:
[1.402s] [01m[K/home/user/qiaoyin/src/driver/src/arm_driver_node.cpp:41:24:[m[K [01;31m[Kerror: [m[Kâ€˜[01m[Kdouble JAKA::vel [2][m[Kâ€™ is private within this context
[1.402s]    41 |     msg.speed = {jaka_.[01;31m[Kvel[m[K[0], jaka_.vel[1]};
[1.402s]       |                        [01;31m[K^~~[m[K
[1.402s] In file included from [01m[K/home/user/qiaoyin/src/driver/src/arm_driver_node.h:3[m[K,
[1.402s]                  from [01m[K/home/user/qiaoyin/src/driver/src/arm_driver_node.cpp:1[m[K:
[1.402s] [01m[K/home/user/qiaoyin/src/driver/src/jaka.h:29:12:[m[K [01;36m[Knote: [m[Kdeclared private here
[1.402s]    29 |     double [01;36m[Kvel[m[K[2] = {1, 1};
[1.402s]       |            [01;36m[K^~~[m[K
[1.402s] [01m[K/home/user/qiaoyin/src/driver/src/arm_driver_node.cpp:41:38:[m[K [01;31m[Kerror: [m[Kâ€˜[01m[Kdouble JAKA::vel [2][m[Kâ€™ is private within this context
[1.402s]    41 |     msg.speed = {jaka_.vel[0], jaka_.[01;31m[Kvel[m[K[1]};
[1.402s]       |                                      [01;31m[K^~~[m[K
[1.403s] In file included from [01m[K/home/user/qiaoyin/src/driver/src/arm_driver_node.h:3[m[K,
[1.403s]                  from [01m[K/home/user/qiaoyin/src/driver/src/arm_driver_node.cpp:1[m[K:
[1.403s] [01m[K/home/user/qiaoyin/src/driver/src/jaka.h:29:12:[m[K [01;36m[Knote: [m[Kdeclared private here
[1.403s]    29 |     double [01;36m[Kvel[m[K[2] = {1, 1};
[1.403s]       |            [01;36m[K^~~[m[K
[1.870s] gmake[2]: *** [CMakeFiles/arm_driver_node.dir/build.make:76ï¼šCMakeFiles/arm_driver_node.dir/src/arm_driver_node.cpp.o] é”™è¯¯ 1
[1.870s] gmake[1]: *** [CMakeFiles/Makefile2:593ï¼šCMakeFiles/arm_driver_node.dir/all] é”™è¯¯ 2
[1.870s] gmake: *** [Makefile:146ï¼šall] é”™è¯¯ 2
[1.872s] Invoked command in '/home/user/qiaoyin/build/driver' returned '2': CMAKE_PREFIX_PATH=/opt/ros/humble /usr/bin/cmake --build /home/user/qiaoyin/build/driver -- -j24 -l24
