[0.010s] Invoking command in '/home/user/qiaoyin/build/whl_system': CMAKE_PREFIX_PATH=/opt/ros/humble /usr/bin/cmake --build /home/user/qiaoyin/build/whl_system -- -j24 -l24
[0.044s] [  1%] Built target whl_system__cpp
[0.045s] [ 11%] Built target whl_system__rosidl_generator_c
[0.053s] [ 11%] Built target ament_cmake_python_copy_whl_system
[0.057s] [ 30%] Built target whl_system__rosidl_typesupport_fastrtps_cpp
[0.057s] [ 30%] Built target whl_system__rosidl_typesupport_cpp
[0.060s] [ 40%] Built target whl_system__rosidl_typesupport_c
[0.060s] [ 50%] Built target whl_system__rosidl_typesupport_introspection_c
[0.060s] [ 59%] Built target whl_system__rosidl_typesupport_introspection_cpp
[0.064s] [ 69%] Built target whl_system__rosidl_typesupport_fastrtps_c
[0.067s] [35m[1mConsolidate compiler generated dependencies of target wheelloong_system_node[0m
[0.077s] [ 69%] Built target whl_system
[0.082s] [ 71%] [32mBuilding CXX object CMakeFiles/wheelloong_system_node.dir/src/system_node.cpp.o[0m
[0.083s] [ 73%] [32mBuilding CXX object CMakeFiles/wheelloong_system_node.dir/src/wheelloong_system.cpp.o[0m
[0.092s] [ 75%] Built target whl_system__py
[0.109s] [ 82%] Built target whl_system__rosidl_generator_py
[0.126s] [ 94%] Built target whl_system__rosidl_typesupport_c__pyext
[0.127s] [ 94%] Built target whl_system__rosidl_typesupport_fastrtps_c__pyext
[0.127s] [ 94%] Built target whl_system__rosidl_typesupport_introspection_c__pyext
[0.195s] running egg_info
[0.196s] writing whl_system.egg-info/PKG-INFO
[0.196s] writing dependency_links to whl_system.egg-info/dependency_links.txt
[0.196s] writing top-level names to whl_system.egg-info/top_level.txt
[0.197s] reading manifest file 'whl_system.egg-info/SOURCES.txt'
[0.198s] writing manifest file 'whl_system.egg-info/SOURCES.txt'
[0.214s] [ 94%] Built target ament_cmake_python_build_whl_system_egg
[1.695s] [01m[K/home/user/qiaoyin/src/whl_system/src/system_node.cpp:[m[K In function ‚Äò[01m[Kint main(int, char**)[m[K‚Äô:
[1.695s] [01m[K/home/user/qiaoyin/src/whl_system/src/system_node.cpp:9:17:[m[K [01;31m[Kerror: [m[Kno matching function for call to ‚Äò[01m[Kspin(std::unique_ptr<whl_system::WheelloongSystem>&)[m[K‚Äô
[1.695s]     9 |     [01;31m[Krclcpp::spin(system)[m[K;
[1.695s]       |     [01;31m[K~~~~~~~~~~~~^~~~~~~~[m[K
[1.695s] In file included from [01m[K/opt/ros/humble/include/rclcpp/rclcpp/rclcpp.hpp:155[m[K,
[1.695s]                  from [01m[K/home/user/qiaoyin/src/whl_system/src/wheelloong_system.h:3[m[K,
[1.695s]                  from [01m[K/home/user/qiaoyin/src/whl_system/src/system_node.cpp:1[m[K:
[1.696s] [01m[K/opt/ros/humble/include/rclcpp/rclcpp/executors.hpp:45:1:[m[K [01;36m[Knote: [m[Kcandidate: ‚Äò[01m[Kvoid rclcpp::spin(rclcpp::node_interfaces::NodeBaseInterface::SharedPtr)[m[K‚Äô
[1.696s]    45 | [01;36m[Kspin[m[K(rclcpp::node_interfaces::NodeBaseInterface::SharedPtr node_ptr);
[1.696s]       | [01;36m[K^~~~[m[K
[1.696s] [01m[K/opt/ros/humble/include/rclcpp/rclcpp/executors.hpp:45:60:[m[K [01;36m[Knote: [m[K  no known conversion for argument 1 from ‚Äò[01m[Kstd::unique_ptr<whl_system::WheelloongSystem>[m[K‚Äô to ‚Äò[01m[Krclcpp::node_interfaces::NodeBaseInterface::SharedPtr[m[K‚Äô {aka ‚Äò[01m[Kstd::shared_ptr<rclcpp::node_interfaces::NodeBaseInterface>[m[K‚Äô}
[1.696s]    45 | spin([01;36m[Krclcpp::node_interfaces::NodeBaseInterface::SharedPtr node_ptr[m[K);
[1.696s]       |      [01;36m[K~~~~~~~~~~~~~~~~~~~~~~~~~~~~~~~~~~~~~~~~~~~~~~~~~~~~~~^~~~~~~~[m[K
[1.696s] [01m[K/opt/ros/humble/include/rclcpp/rclcpp/executors.hpp:49:1:[m[K [01;36m[Knote: [m[Kcandidate: ‚Äò[01m[Kvoid rclcpp::spin(rclcpp::Node::SharedPtr)[m[K‚Äô
[1.696s]    49 | [01;36m[Kspin[m[K(rclcpp::Node::SharedPtr node_ptr);
[1.696s]       | [01;36m[K^~~~[m[K
[1.696s] [01m[K/opt/ros/humble/include/rclcpp/rclcpp/executors.hpp:49:30:[m[K [01;36m[Knote: [m[K  no known conversion for argument 1 from ‚Äò[01m[Kstd::unique_ptr<whl_system::WheelloongSystem>[m[K‚Äô to ‚Äò[01m[Krclcpp::Node::SharedPtr[m[K‚Äô {aka ‚Äò[01m[Kstd::shared_ptr<rclcpp::Node>[m[K‚Äô}
[1.696s]    49 | spin([01;36m[Krclcpp::Node::SharedPtr node_ptr[m[K);
[1.696s]       |      [01;36m[K~~~~~~~~~~~~~~~~~~~~~~~~^~~~~~~~[m[K
[1.767s] [01m[K/home/user/qiaoyin/src/whl_system/src/wheelloong_system.cpp:3:1:[m[K [01;31m[Kerror: [m[K‚Äò[01m[KWheelloongSystem[m[K‚Äô does not name a type
[1.767s]     3 | [01;31m[KWheelloongSystem[m[K::WheelloongSystem()
[1.767s]       | [01;31m[K^~~~~~~~~~~~~~~~[m[K
[1.768s] [01m[K/home/user/qiaoyin/src/whl_system/src/wheelloong_system.cpp:7:1:[m[K [01;31m[Kerror: [m[K‚Äò[01m[KWheelloongSystem[m[K‚Äô does not name a type
[1.768s]     7 | [01;31m[KWheelloongSystem[m[K::~WheelloongSystem() {
[1.768s]       | [01;31m[K^~~~~~~~~~~~~~~~[m[K
[1.768s] [01m[K/home/user/qiaoyin/src/whl_system/src/wheelloong_system.cpp:11:6:[m[K [01;31m[Kerror: [m[K‚Äò[01m[KWheelloongSystem[m[K‚Äô has not been declared
[1.768s]    11 | void [01;31m[KWheelloongSystem[m[K::update()
[1.768s]       |      [01;31m[K^~~~~~~~~~~~~~~~[m[K
[1.770s] In file included from [01m[K/opt/ros/humble/include/rclcpp/rclcpp/client.hpp:40[m[K,
[1.770s]                  from [01m[K/opt/ros/humble/include/rclcpp/rclcpp/callback_group.hpp:24[m[K,
[1.770s]                  from [01m[K/opt/ros/humble/include/rclcpp/rclcpp/any_executable.hpp:20[m[K,
[1.771s]                  from [01m[K/opt/ros/humble/include/rclcpp/rclcpp/memory_strategy.hpp:25[m[K,
[1.771s]                  from [01m[K/opt/ros/humble/include/rclcpp/rclcpp/memory_strategies.hpp:18[m[K,
[1.771s]                  from [01m[K/opt/ros/humble/include/rclcpp/rclcpp/executor_options.hpp:20[m[K,
[1.771s]                  from [01m[K/opt/ros/humble/include/rclcpp/rclcpp/executor.hpp:37[m[K,
[1.771s]                  from [01m[K/opt/ros/humble/include/rclcpp/rclcpp/executors/multi_threaded_executor.hpp:25[m[K,
[1.771s]                  from [01m[K/opt/ros/humble/include/rclcpp/rclcpp/executors.hpp:21[m[K,
[1.771s]                  from [01m[K/opt/ros/humble/include/rclcpp/rclcpp/rclcpp.hpp:155[m[K,
[1.771s]                  from [01m[K/home/user/qiaoyin/src/whl_system/src/wheelloong_system.h:3[m[K,
[1.771s]                  from [01m[K/home/user/qiaoyin/src/whl_system/src/wheelloong_system.cpp:1[m[K:
[1.771s] [01m[K/home/user/qiaoyin/src/whl_system/src/wheelloong_system.cpp:[m[K In function ‚Äò[01m[Kvoid update()[m[K‚Äô:
[1.771s] [01m[K/home/user/qiaoyin/src/whl_system/src/wheelloong_system.cpp:13:17:[m[K [01;31m[Kerror: [m[K‚Äò[01m[Knode_[m[K‚Äô was not declared in this scope; did you mean ‚Äò[01m[Kmode_t[m[K‚Äô?
[1.771s]    13 |     RCLCPP_INFO([01;31m[Knode_[m[K->get_logger(), "Updating system with input data...");
[1.771s]       |                 [01;31m[K^~~~~[m[K
[1.771s] [01m[K/home/user/qiaoyin/src/whl_system/src/wheelloong_system.cpp:13:5:[m[K [01;31m[Kerror: [m[Ktemplate argument 1 is invalid
[1.771s]    13 |     [01;31m[KRCLCPP_INFO[m[K(node_->get_logger(), "Updating system with input data...");
[1.771s]       |     [01;31m[K^~~~~~~~~~~[m[K
[1.771s] [01m[K/home/user/qiaoyin/src/whl_system/src/wheelloong_system.cpp:13:5:[m[K [01;31m[Kerror: [m[Ktemplate argument 1 is invalid
[1.771s]    13 |     [01;31m[KRCLCPP_INFO[m[K(node_->get_logger(), "Updating system with input data...");
[1.771s]       |     [01;31m[K^~~~~~~~~~~[m[K
[1.771s] [01m[K/home/user/qiaoyin/src/whl_system/src/wheelloong_system.cpp:13:5:[m[K [01;31m[Kerror: [m[Ktemplate argument 1 is invalid
[1.771s]    13 |     [01;31m[KRCLCPP_INFO[m[K(node_->get_logger(), "Updating system with input data...");
[1.771s]       |     [01;31m[K^~~~~~~~~~~[m[K
[1.771s] [01m[K/home/user/qiaoyin/src/whl_system/src/wheelloong_system.cpp:[m[K At global scope:
[1.771s] [01m[K/home/user/qiaoyin/src/whl_system/src/wheelloong_system.cpp:16:6:[m[K [01;31m[Kerror: [m[K‚Äò[01m[KWheelloongSystem[m[K‚Äô has not been declared
[1.771s]    16 | void [01;31m[KWheelloongSystem[m[K::work()
[1.771s]       |      [01;31m[K^~~~~~~~~~~~~~~~[m[K
[1.772s] In file included from [01m[K/opt/ros/humble/include/rclcpp/rclcpp/client.hpp:40[m[K,
[1.773s]                  from [01m[K/opt/ros/humble/include/rclcpp/rclcpp/callback_group.hpp:24[m[K,
[1.773s]                  from [01m[K/opt/ros/humble/include/rclcpp/rclcpp/any_executable.hpp:20[m[K,
[1.773s]                  from [01m[K/opt/ros/humble/include/rclcpp/rclcpp/memory_strategy.hpp:25[m[K,
[1.773s]                  from [01m[K/opt/ros/humble/include/rclcpp/rclcpp/memory_strategies.hpp:18[m[K,
[1.773s]                  from [01m[K/opt/ros/humble/include/rclcpp/rclcpp/executor_options.hpp:20[m[K,
[1.773s]                  from [01m[K/opt/ros/humble/include/rclcpp/rclcpp/executor.hpp:37[m[K,
[1.773s]                  from [01m[K/opt/ros/humble/include/rclcpp/rclcpp/executors/multi_threaded_executor.hpp:25[m[K,
[1.773s]                  from [01m[K/opt/ros/humble/include/rclcpp/rclcpp/executors.hpp:21[m[K,
[1.773s]                  from [01m[K/opt/ros/humble/include/rclcpp/rclcpp/rclcpp.hpp:155[m[K,
[1.773s]                  from [01m[K/home/user/qiaoyin/src/whl_system/src/wheelloong_system.h:3[m[K,
[1.773s]                  from [01m[K/home/user/qiaoyin/src/whl_system/src/wheelloong_system.cpp:1[m[K:
[1.773s] [01m[K/home/user/qiaoyin/src/whl_system/src/wheelloong_system.cpp:[m[K In function ‚Äò[01m[Kvoid work()[m[K‚Äô:
[1.773s] [01m[K/home/user/qiaoyin/src/whl_system/src/wheelloong_system.cpp:19:17:[m[K [01;31m[Kerror: [m[K‚Äò[01m[Knode_[m[K‚Äô was not declared in this scope; did you mean ‚Äò[01m[Kmode_t[m[K‚Äô?
[1.773s]    19 |     RCLCPP_INFO([01;31m[Knode_[m[K->get_logger(), "Working on the updated data...");
[1.773s]       |                 [01;31m[K^~~~~[m[K
[1.773s] [01m[K/home/user/qiaoyin/src/whl_system/src/wheelloong_system.cpp:19:5:[m[K [01;31m[Kerror: [m[Ktemplate argument 1 is invalid
[1.773s]    19 |     [01;31m[KRCLCPP_INFO[m[K(node_->get_logger(), "Working on the updated data...");
[1.773s]       |     [01;31m[K^~~~~~~~~~~[m[K
[1.773s] [01m[K/home/user/qiaoyin/src/whl_system/src/wheelloong_system.cpp:19:5:[m[K [01;31m[Kerror: [m[Ktemplate argument 1 is invalid
[1.773s]    19 |     [01;31m[KRCLCPP_INFO[m[K(node_->get_logger(), "Working on the updated data...");
[1.773s]       |     [01;31m[K^~~~~~~~~~~[m[K
[1.773s] [01m[K/home/user/qiaoyin/src/whl_system/src/wheelloong_system.cpp:19:5:[m[K [01;31m[Kerror: [m[Ktemplate argument 1 is invalid
[1.773s]    19 |     [01;31m[KRCLCPP_INFO[m[K(node_->get_logger(), "Working on the updated data...");
[1.774s]       |     [01;31m[K^~~~~~~~~~~[m[K
[1.774s] [01m[K/home/user/qiaoyin/src/whl_system/src/wheelloong_system.cpp:[m[K At global scope:
[1.774s] [01m[K/home/user/qiaoyin/src/whl_system/src/wheelloong_system.cpp:22:6:[m[K [01;31m[Kerror: [m[K‚Äò[01m[KWheelloongSystem[m[K‚Äô has not been declared
[1.774s]    22 | void [01;31m[KWheelloongSystem[m[K::dwdate()
[1.774s]       |      [01;31m[K^~~~~~~~~~~~~~~~[m[K
[1.775s] In file included from [01m[K/opt/ros/humble/include/rclcpp/rclcpp/client.hpp:40[m[K,
[1.775s]                  from [01m[K/opt/ros/humble/include/rclcpp/rclcpp/callback_group.hpp:24[m[K,
[1.775s]                  from [01m[K/opt/ros/humble/include/rclcpp/rclcpp/any_executable.hpp:20[m[K,
[1.775s]                  from [01m[K/opt/ros/humble/include/rclcpp/rclcpp/memory_strategy.hpp:25[m[K,
[1.775s]                  from [01m[K/opt/ros/humble/include/rclcpp/rclcpp/memory_strategies.hpp:18[m[K,
[1.775s]                  from [01m[K/opt/ros/humble/include/rclcpp/rclcpp/executor_options.hpp:20[m[K,
[1.775s]                  from [01m[K/opt/ros/humble/include/rclcpp/rclcpp/executor.hpp:37[m[K,
[1.775s]                  from [01m[K/opt/ros/humble/include/rclcpp/rclcpp/executors/multi_threaded_executor.hpp:25[m[K,
[1.775s]                  from [01m[K/opt/ros/humble/include/rclcpp/rclcpp/executors.hpp:21[m[K,
[1.775s]                  from [01m[K/opt/ros/humble/include/rclcpp/rclcpp/rclcpp.hpp:155[m[K,
[1.775s]                  from [01m[K/home/user/qiaoyin/src/whl_system/src/wheelloong_system.h:3[m[K,
[1.775s]                  from [01m[K/home/user/qiaoyin/src/whl_system/src/wheelloong_system.cpp:1[m[K:
[1.775s] [01m[K/home/user/qiaoyin/src/whl_system/src/wheelloong_system.cpp:[m[K In function ‚Äò[01m[Kvoid dwdate()[m[K‚Äô:
[1.775s] [01m[K/home/user/qiaoyin/src/whl_system/src/wheelloong_system.cpp:25:17:[m[K [01;31m[Kerror: [m[K‚Äò[01m[Knode_[m[K‚Äô was not declared in this scope; did you mean ‚Äò[01m[Kmode_t[m[K‚Äô?
[1.775s]    25 |     RCLCPP_INFO([01;31m[Knode_[m[K->get_logger(), "Performing another update operation...");
[1.775s]       |                 [01;31m[K^~~~~[m[K
[1.775s] [01m[K/home/user/qiaoyin/src/whl_system/src/wheelloong_system.cpp:25:5:[m[K [01;31m[Kerror: [m[Ktemplate argument 1 is invalid
[1.775s]    25 |     [01;31m[KRCLCPP_INFO[m[K(node_->get_logger(), "Performing another update operation...");
[1.775s]       |     [01;31m[K^~~~~~~~~~~[m[K
[1.775s] [01m[K/home/user/qiaoyin/src/whl_system/src/wheelloong_system.cpp:25:5:[m[K [01;31m[Kerror: [m[Ktemplate argument 1 is invalid
[1.775s]    25 |     [01;31m[KRCLCPP_INFO[m[K(node_->get_logger(), "Performing another update operation...");
[1.776s]       |     [01;31m[K^~~~~~~~~~~[m[K
[1.776s] [01m[K/home/user/qiaoyin/src/whl_system/src/wheelloong_system.cpp:25:5:[m[K [01;31m[Kerror: [m[Ktemplate argument 1 is invalid
[1.776s]    25 |     [01;31m[KRCLCPP_INFO[m[K(node_->get_logger(), "Performing another update operation...");
[1.776s]       |     [01;31m[K^~~~~~~~~~~[m[K
[1.776s] [01m[K/home/user/qiaoyin/src/whl_system/src/wheelloong_system.cpp:[m[K At global scope:
[1.776s] [01m[K/home/user/qiaoyin/src/whl_system/src/wheelloong_system.cpp:28:6:[m[K [01;31m[Kerror: [m[K‚Äò[01m[KWheelloongSystem[m[K‚Äô has not been declared
[1.776s]    28 | void [01;31m[KWheelloongSystem[m[K::run() {
[1.776s]       |      [01;31m[K^~~~~~~~~~~~~~~~[m[K
[1.777s] [01m[K/home/user/qiaoyin/src/whl_system/src/wheelloong_system.cpp:[m[K In function ‚Äò[01m[Kvoid run()[m[K‚Äô:
[1.777s] [01m[K/home/user/qiaoyin/src/whl_system/src/wheelloong_system.cpp:29:18:[m[K [01;31m[Kerror: [m[K‚Äò[01m[Knode_[m[K‚Äô was not declared in this scope; did you mean ‚Äò[01m[Kmode_t[m[K‚Äô?
[1.777s]    29 |     rclcpp::spin([01;31m[Knode_[m[K);  // ÈòªÂ°ûÂºèËøêË°åÔºåÂ§ÑÁêÜÊúçÂä°ËØ∑Ê±Ç
[1.777s]       |                  [01;31m[K^~~~~[m[K
[1.777s]       |                  [32m[Kmode_t[m[K
[1.954s] gmake[2]: *** [CMakeFiles/wheelloong_system_node.dir/build.make:104ÔºöCMakeFiles/wheelloong_system_node.dir/src/system_node.cpp.o] ÈîôËØØ 1
[1.954s] gmake[2]: *** Ê≠£Âú®Á≠âÂæÖÊú™ÂÆåÊàêÁöÑ‰ªªÂä°....
[2.028s] gmake[2]: *** [CMakeFiles/wheelloong_system_node.dir/build.make:118ÔºöCMakeFiles/wheelloong_system_node.dir/src/wheelloong_system.cpp.o] ÈîôËØØ 1
[2.029s] gmake[1]: *** [CMakeFiles/Makefile2:593ÔºöCMakeFiles/wheelloong_system_node.dir/all] ÈîôËØØ 2
[2.029s] gmake: *** [Makefile:146Ôºöall] ÈîôËØØ 2
